
PostCommentãƒ¢ãƒ‡ãƒ«ã®ãƒ†ã‚¹ãƒˆ
  ãƒãƒªãƒ‡ãƒ¼ã‚·ãƒ§ãƒ³ã®ãƒ†ã‚¹ãƒˆ
    commentã‚«ãƒ©ãƒ 
[32m      ç©ºæ¬„ã§ãªã„ã“ã¨[0m
  ã‚¢ã‚½ã‚·ã‚¨ãƒ¼ã‚·ãƒ§ãƒ³ã®ãƒ†ã‚¹ãƒˆ
    Userãƒ¢ãƒ‡ãƒ«ã¨ã®é–¢ä¿‚
[32m      N:1ã¨ãªã£ã¦ã„ã‚‹[0m
    Wineãƒ¢ãƒ‡ãƒ«ã¨ã®é–¢ä¿‚
[32m      N:1ã¨ãªã£ã¦ã„ã‚‹[0m

Userãƒ¢ãƒ‡ãƒ«ã®ãƒ†ã‚¹ãƒˆ
  ãƒãƒªãƒ‡ãƒ¼ã‚·ãƒ§ãƒ³ã®ãƒ†ã‚¹ãƒˆ
    nameã‚«ãƒ©ãƒ 
[32m      ç©ºæ¬„ã§ãªã„ã“ã¨[0m
[32m      2æ–‡å­—ä»¥ä¸Šã§ã‚ã‚‹ã“ã¨: 1æ–‡å­—ã¯Ã—[0m
[32m      2æ–‡å­—ä»¥ä¸Šã§ã‚ã‚‹ã“ã¨: 2æ–‡å­—ã¯ã€‡[0m
[32m      20æ–‡å­—ä»¥ä¸‹ã§ã‚ã‚‹ã“ã¨: 20æ–‡å­—ã¯ã€‡[0m
[32m      20æ–‡å­—ä»¥ä¸‹ã§ã‚ã‚‹ã“ã¨: 21æ–‡å­—ã¯Ã—[0m
[32m      ä¸€æ„æ€§ãŒã‚ã‚‹ã“ã¨[0m
  ã‚¢ã‚½ã‚·ã‚¨ãƒ¼ã‚·ãƒ§ãƒ³ã®ãƒ†ã‚¹ãƒˆ
    Wineãƒ¢ãƒ‡ãƒ«ã¨ã®é–¢ä¿‚
[32m      1:Nã¨ãªã£ã¦ã„ã‚‹[0m
    Cheerãƒ¢ãƒ‡ãƒ«ã¨ã®é–¢ä¿‚
[32m      1:Nã¨ãªã£ã¦ã„ã‚‹[0m
    PostCommentãƒ¢ãƒ‡ãƒ«ã¨ã®é–¢ä¿‚
[32m      1:Nã¨ãªã£ã¦ã„ã‚‹[0m

Wineãƒ¢ãƒ‡ãƒ«ã®ãƒ†ã‚¹ãƒˆ
  ãƒãƒªãƒ‡ãƒ¼ã‚·ãƒ§ãƒ³ã®ãƒ†ã‚¹ãƒˆ
    wine_nameã‚«ãƒ©ãƒ 
[31m      ç©ºæ¬„ã§ãªã„ã“ã¨ (FAILED - 1)[0m
  ã‚¢ã‚½ã‚·ã‚¨ãƒ¼ã‚·ãƒ§ãƒ³ã®ãƒ†ã‚¹ãƒˆ
    Userãƒ¢ãƒ‡ãƒ«ã¨ã®é–¢ä¿‚
[32m      N:1ã¨ãªã£ã¦ã„ã‚‹[0m
    Cheerãƒ¢ãƒ‡ãƒ«ã¨ã®é–¢ä¿‚
[32m      1:Nã¨ãªã£ã¦ã„ã‚‹[0m
    Userãƒ¢ãƒ‡ãƒ«ã¨ã®é–¢ä¿‚
[32m      1:Nã¨ãªã£ã¦ã„ã‚‹[0m

ãƒ­ã‚°ã‚¤ãƒ³å¾Œã®ãƒ†ã‚¹ãƒˆ
  ãƒ˜ãƒƒãƒ€ãƒ¼ã®ãƒ†ã‚¹ãƒˆ: ãƒ­ã‚°ã‚¤ãƒ³ã—ã¦ã„ã‚‹å ´åˆ
    ãƒªãƒ³ã‚¯ã®å†…å®¹ã‚’ç¢ºèª: â€»logoutã¯ã€ãƒ¦ãƒ¼ã‚¶ãƒ­ã‚°ã‚¢ã‚¦ãƒˆã®ãƒ†ã‚¹ãƒˆã€ã§ãƒ†ã‚¹ãƒˆæ¸ˆã¿ã€‚
[31m      MY PAGEã‚’æŠ¼ã™ã¨ã€è‡ªåˆ†ã®ãƒ¦ãƒ¼ã‚¶è©³ç´°ç”»é¢ã«é·ç§»ã™ã‚‹ (FAILED - 2)[0m
[31m      USERSã‚’æŠ¼ã™ã¨ã€ãƒ¦ãƒ¼ã‚¶ä¸€è¦§ç”»é¢ã«é·ç§»ã™ã‚‹ (FAILED - 3)[0m
[31m      WINESã‚’æŠ¼ã™ã¨ã€æŠ•ç¨¿ä¸€è¦§ç”»é¢ã«é·ç§»ã™ã‚‹ (FAILED - 4)[0m
  æŠ•ç¨¿ä¸€è¦§ç”»é¢ã®ãƒ†ã‚¹ãƒˆ
    è¡¨ç¤ºå†…å®¹ã®ç¢ºèª
[31m      URLãŒæ­£ã—ã„ (FAILED - 5)[0m
[31m      è‡ªåˆ†ã¨ä»–äººã®ç”»åƒã®ãƒªãƒ³ã‚¯å…ˆãŒæ­£ã—ã„ (FAILED - 6)[0m
[31m      è‡ªåˆ†ã®æŠ•ç¨¿ã¨ä»–äººã®æŠ•ç¨¿ã®ã‚¿ã‚¤ãƒˆãƒ«ã®ãƒªãƒ³ã‚¯å…ˆãŒãã‚Œãã‚Œæ­£ã—ã„ (FAILED - 7)[0m
[31m      è‡ªåˆ†ã®æŠ•ç¨¿ã¨ä»–äººã®æŠ•ç¨¿ã®ç”»åƒãŒè¡¨ç¤ºã•ã‚Œã‚‹ (FAILED - 8)[0m
    ã‚µã‚¤ãƒ‰ãƒãƒ¼ã®ç¢ºèª
[31m      ã€ŒNEW TASTINGã€ã¨è¡¨ç¤ºã•ã‚Œã‚‹ (FAILED - 9)[0m
[31m      wine_nameãƒ•ã‚©ãƒ¼ãƒ ãŒè¡¨ç¤ºã•ã‚Œã‚‹ (FAILED - 10)[0m
[31m      wine_nameãƒ•ã‚©ãƒ¼ãƒ ã«å€¤ãŒå…¥ã£ã¦ã„ãªã„ (FAILED - 11)[0m
[31m      æŠ•ç¨¿ã™ã‚‹ãƒœã‚¿ãƒ³ãŒè¡¨ç¤ºã•ã‚Œã‚‹ (FAILED - 12)[0m
    æŠ•ç¨¿æˆåŠŸã®ãƒ†ã‚¹ãƒˆ
[31m      è‡ªåˆ†ã®æ–°ã—ã„æŠ•ç¨¿ãŒæ­£ã—ãä¿å­˜ã•ã‚Œã‚‹ (FAILED - 13)[0m
[31m      ãƒªãƒ€ã‚¤ãƒ¬ã‚¯ãƒˆå…ˆãŒã€ä¿å­˜ã§ããŸæŠ•ç¨¿ã®è©³ç´°ç”»é¢ã«ãªã£ã¦ã„ã‚‹ (FAILED - 14)[0m
  è‡ªåˆ†ã®æŠ•ç¨¿è©³ç´°ç”»é¢ã®ãƒ†ã‚¹ãƒˆ
    è¡¨ç¤ºå†…å®¹ã®ç¢ºèª
[31m      URLãŒæ­£ã—ã„ (FAILED - 15)[0m
[31m      ãƒ¦ãƒ¼ã‚¶ç”»åƒãƒ»åå‰ã®ãƒªãƒ³ã‚¯å…ˆãŒæ­£ã—ã„ (FAILED - 16)[0m
[31m      æŠ•ç¨¿ã®wine_nameãŒè¡¨ç¤ºã•ã‚Œã‚‹ (FAILED - 17)[0m
[31m      æŠ•ç¨¿ã®å‰Šé™¤ãƒªãƒ³ã‚¯ãŒè¡¨ç¤ºã•ã‚Œã‚‹ (FAILED - 18)[0m
    ã‚µã‚¤ãƒ‰ãƒãƒ¼ã®ç¢ºèª
[31m      æ¥½å¤©APIæ¤œç´¢çª“ã¨æ¤œç´¢ãƒœã‚¿ãƒ³ãŒè¡¨ç¤ºã•ã‚Œã‚‹ (FAILED - 19)[0m
[31m      æ¥½å¤©APIæ¤œç´¢è¡¨ç¤ºç”»é¢ã¸ã®ãƒªãƒ³ã‚¯ãŒå­˜åœ¨ã™ã‚‹ (FAILED - 20)[0m
[31m      ã€ŒNEW TASTINGã€ã¨è¡¨ç¤ºã•ã‚Œã‚‹ (FAILED - 21)[0m
[31m      wine_nameãƒ•ã‚©ãƒ¼ãƒ ãŒè¡¨ç¤ºã•ã‚Œã‚‹ (FAILED - 22)[0m
[31m      wine_nameãƒ•ã‚©ãƒ¼ãƒ ã«å€¤ãŒå…¥ã£ã¦ã„ãªã„ (FAILED - 23)[0m
[31m      æŠ•ç¨¿ã™ã‚‹ãƒœã‚¿ãƒ³ãŒè¡¨ç¤ºã•ã‚Œã‚‹ (FAILED - 24)[0m
    æŠ•ç¨¿æˆåŠŸã®ãƒ†ã‚¹ãƒˆ
[31m      è‡ªåˆ†ã®æ–°ã—ã„æŠ•ç¨¿ãŒæ­£ã—ãä¿å­˜ã•ã‚Œã‚‹ (FAILED - 25)[0m
    å‰Šé™¤ãƒªãƒ³ã‚¯ã®ãƒ†ã‚¹ãƒˆ
[31m      æ­£ã—ãå‰Šé™¤ã•ã‚Œã‚‹ (FAILED - 26)[0m
[31m      ãƒªãƒ€ã‚¤ãƒ¬ã‚¯ãƒˆå…ˆãŒã€æŠ•ç¨¿ä¸€è¦§ç”»é¢ã«ãªã£ã¦ã„ã‚‹ (FAILED - 27)[0m
  ãƒ¦ãƒ¼ã‚¶ä¸€è¦§ç”»é¢ã®ãƒ†ã‚¹ãƒˆ
    è¡¨ç¤ºå†…å®¹ã®ç¢ºèª
[31m      URLãŒæ­£ã—ã„ (FAILED - 28)[0m
[31m      è‡ªåˆ†ã¨ä»–äººã®ç”»åƒãŒè¡¨ç¤ºã•ã‚Œã‚‹: fallbackã®ç”»åƒãŒå­˜åœ¨ã™ã‚‹ (FAILED - 29)[0m
[31m      è‡ªåˆ†ã¨ä»–äººã®åå‰ãŒãã‚Œãã‚Œè¡¨ç¤ºã•ã‚Œã‚‹ (FAILED - 30)[0m
[31m      è‡ªåˆ†ã¨ä»–äººã®showãƒªãƒ³ã‚¯ãŒãã‚Œãã‚Œè¡¨ç¤ºã•ã‚Œã‚‹ (FAILED - 31)[0m
    ã‚µã‚¤ãƒ‰ãƒãƒ¼ã®ç¢ºèª
[31m      æ¥½å¤©APIæ¤œç´¢çª“ã¨æ¤œç´¢ãƒœã‚¿ãƒ³ãŒè¡¨ç¤ºã•ã‚Œã‚‹ (FAILED - 32)[0m
[31m      æ¥½å¤©APIæ¤œç´¢è¡¨ç¤ºç”»é¢ã¸ã®ãƒªãƒ³ã‚¯ãŒå­˜åœ¨ã™ã‚‹ (FAILED - 33)[0m
[31m      ã€ŒNEW TASTINGã€ã¨è¡¨ç¤ºã•ã‚Œã‚‹ (FAILED - 34)[0m
[31m      wine_nameãƒ•ã‚©ãƒ¼ãƒ ãŒè¡¨ç¤ºã•ã‚Œã‚‹ (FAILED - 35)[0m
[31m      wine_nameãƒ•ã‚©ãƒ¼ãƒ ã«å€¤ãŒå…¥ã£ã¦ã„ãªã„ (FAILED - 36)[0m
[31m      æŠ•ç¨¿ã™ã‚‹ãƒœã‚¿ãƒ³ãŒè¡¨ç¤ºã•ã‚Œã‚‹ (FAILED - 37)[0m
  è‡ªåˆ†ã®ãƒ¦ãƒ¼ã‚¶è©³ç´°ç”»é¢ã®ãƒ†ã‚¹ãƒˆ
    è¡¨ç¤ºã®ç¢ºèª
[31m      URLãŒæ­£ã—ã„ (FAILED - 38)[0m
[31m      æŠ•ç¨¿ä¸€è¦§ã®ãƒ¦ãƒ¼ã‚¶ç”»åƒã®ãƒªãƒ³ã‚¯å…ˆãŒæ­£ã—ã„ (FAILED - 39)[0m
[31m      æŠ•ç¨¿ä¸€è¦§ã«è‡ªåˆ†ã®æŠ•ç¨¿ã®wine_nameãŒè¡¨ç¤ºã•ã‚Œã€ãƒªãƒ³ã‚¯ãŒæ­£ã—ã„ (FAILED - 40)[0m
[31m      ä»–äººã®æŠ•ç¨¿ã¯è¡¨ç¤ºã•ã‚Œãªã„ (FAILED - 41)[0m
    ã‚µã‚¤ãƒ‰ãƒãƒ¼ã®ç¢ºèª
[31m      æ¥½å¤©APIæ¤œç´¢çª“ã¨æ¤œç´¢ãƒœã‚¿ãƒ³ãŒè¡¨ç¤ºã•ã‚Œã‚‹ (FAILED - 42)[0m
[31m      æ¥½å¤©APIæ¤œç´¢è¡¨ç¤ºç”»é¢ã¸ã®ãƒªãƒ³ã‚¯ãŒå­˜åœ¨ã™ã‚‹ (FAILED - 43)[0m
[31m      ã€ŒNEW TASTINGã€ã¨è¡¨ç¤ºã•ã‚Œã‚‹ (FAILED - 44)[0m
[31m      wine_nameãƒ•ã‚©ãƒ¼ãƒ ãŒè¡¨ç¤ºã•ã‚Œã‚‹ (FAILED - 45)[0m
[31m      wine_nameãƒ•ã‚©ãƒ¼ãƒ ã«å€¤ãŒå…¥ã£ã¦ã„ãªã„ (FAILED - 46)[0m
[31m      æŠ•ç¨¿ã™ã‚‹ãƒœã‚¿ãƒ³ãŒè¡¨ç¤ºã•ã‚Œã‚‹ (FAILED - 47)[0m
  è‡ªåˆ†ã®ãƒ¦ãƒ¼ã‚¶æƒ…å ±ç·¨é›†ç”»é¢ã®ãƒ†ã‚¹ãƒˆ
    è¡¨ç¤ºã®ç¢ºèª
[31m      URLãŒæ­£ã—ã„ (FAILED - 48)[0m
[31m      åå‰ç·¨é›†ãƒ•ã‚©ãƒ¼ãƒ ã«è‡ªåˆ†ã®åå‰ãŒè¡¨ç¤ºã•ã‚Œã‚‹ (FAILED - 49)[0m
[31m      ç”»åƒç·¨é›†ãƒ•ã‚©ãƒ¼ãƒ ãŒè¡¨ç¤ºã•ã‚Œã‚‹ (FAILED - 50)[0m
[31m      å¤‰æ›´ã™ã‚‹ãƒœã‚¿ãƒ³ãŒè¡¨ç¤ºã•ã‚Œã‚‹ (FAILED - 51)[0m
    æ›´æ–°æˆåŠŸã®ãƒ†ã‚¹ãƒˆ
[31m      nameãŒæ­£ã—ãæ›´æ–°ã•ã‚Œã‚‹ (FAILED - 52)[0m
[31m      ãƒªãƒ€ã‚¤ãƒ¬ã‚¯ãƒˆå…ˆãŒã€è‡ªåˆ†ã®ãƒ¦ãƒ¼ã‚¶è©³ç´°ç”»é¢ã«ãªã£ã¦ã„ã‚‹ (FAILED - 53)[0m

ãƒ­ã‚°ã‚¤ãƒ³å‰ã®ãƒ†ã‚¹ãƒˆ
  ãƒˆãƒƒãƒ—ç”»é¢ã®ãƒ†ã‚¹ãƒˆ
    è¡¨ç¤ºå†…å®¹ã®ç¢ºèª
[31m      URLãŒæ­£ã—ã„ (FAILED - 54)[0m
[31m      Sign Upãƒªãƒ³ã‚¯ãŒè¡¨ç¤ºã•ã‚Œã‚‹: å·¦ä¸Šã‹ã‚‰3ç•ªç›®ã®ãƒªãƒ³ã‚¯ãŒã€ŒSign Upã€ã§ã‚ã‚‹ (FAILED - 55)[0m
[31m      Sign Upãƒªãƒ³ã‚¯ã®å†…å®¹ãŒæ­£ã—ã„ (FAILED - 56)[0m
[31m      Log inãƒªãƒ³ã‚¯ãŒè¡¨ç¤ºã•ã‚Œã‚‹: å·¦ä¸Šã‹ã‚‰4ç•ªç›®ã®ãƒªãƒ³ã‚¯ãŒã€ŒLog inã€ã§ã‚ã‚‹ (FAILED - 57)[0m
[31m      Log inãƒªãƒ³ã‚¯ã®å†…å®¹ãŒæ­£ã—ã„ (FAILED - 58)[0m
  ãƒ˜ãƒƒãƒ€ãƒ¼ã®ãƒ†ã‚¹ãƒˆ: ãƒ­ã‚°ã‚¤ãƒ³ã—ã¦ã„ãªã„å ´åˆ
    è¡¨ç¤ºå†…å®¹ã®ç¢ºèª
[31m      ã‚¿ã‚¤ãƒˆãƒ«ãŒè¡¨ç¤ºã•ã‚Œã‚‹ (FAILED - 59)[0m
[31m      Homeãƒªãƒ³ã‚¯ãŒè¡¨ç¤ºã•ã‚Œã‚‹: å·¦ä¸Šã‹ã‚‰1ç•ªç›®ã®ãƒªãƒ³ã‚¯ãŒã€ŒHomeã€ã§ã‚ã‚‹ (FAILED - 60)[0m
[31m      sign upãƒªãƒ³ã‚¯ãŒè¡¨ç¤ºã•ã‚Œã‚‹: å·¦ä¸Šã‹ã‚‰2ç•ªç›®ã®ãƒªãƒ³ã‚¯ãŒã€Œsign upã€ã§ã‚ã‚‹ (FAILED - 61)[0m
[31m      loginãƒªãƒ³ã‚¯ãŒè¡¨ç¤ºã•ã‚Œã‚‹: å·¦ä¸Šã‹ã‚‰3ç•ªç›®ã®ãƒªãƒ³ã‚¯ãŒã€Œloginã€ã§ã‚ã‚‹ (FAILED - 62)[0m
    ãƒªãƒ³ã‚¯ã®å†…å®¹ã‚’ç¢ºèª
[31m      Homeã‚’æŠ¼ã™ã¨ã€ãƒˆãƒƒãƒ—ç”»é¢ã«é·ç§»ã™ã‚‹ (FAILED - 63)[0m
[31m      sign upã‚’æŠ¼ã™ã¨ã€æ–°è¦ç™»éŒ²ç”»é¢ã«é·ç§»ã™ã‚‹ (FAILED - 64)[0m
[31m      loginã‚’æŠ¼ã™ã¨ã€ãƒ­ã‚°ã‚¤ãƒ³ç”»é¢ã«é·ç§»ã™ã‚‹ (FAILED - 65)[0m
  ãƒ¦ãƒ¼ã‚¶æ–°è¦ç™»éŒ²ã®ãƒ†ã‚¹ãƒˆ
    è¡¨ç¤ºå†…å®¹ã®ç¢ºèª
[31m      URLãŒæ­£ã—ã„ (FAILED - 66)[0m
[31m      ã€ŒSign upã€ã¨è¡¨ç¤ºã•ã‚Œã‚‹ (FAILED - 67)[0m
[31m      nameãƒ•ã‚©ãƒ¼ãƒ ãŒè¡¨ç¤ºã•ã‚Œã‚‹ (FAILED - 68)[0m
[31m      emailãƒ•ã‚©ãƒ¼ãƒ ãŒè¡¨ç¤ºã•ã‚Œã‚‹ (FAILED - 69)[0m
[31m      passwordãƒ•ã‚©ãƒ¼ãƒ ãŒè¡¨ç¤ºã•ã‚Œã‚‹ (FAILED - 70)[0m
[31m      password_confirmationãƒ•ã‚©ãƒ¼ãƒ ãŒè¡¨ç¤ºã•ã‚Œã‚‹ (FAILED - 71)[0m
[31m      Sign upãƒœã‚¿ãƒ³ãŒè¡¨ç¤ºã•ã‚Œã‚‹ (FAILED - 72)[0m
    æ–°è¦ç™»éŒ²æˆåŠŸã®ãƒ†ã‚¹ãƒˆ
[31m      æ­£ã—ãæ–°è¦ç™»éŒ²ã•ã‚Œã‚‹ (FAILED - 73)[0m
[31m      æ–°è¦ç™»éŒ²å¾Œã®ãƒªãƒ€ã‚¤ãƒ¬ã‚¯ãƒˆå…ˆãŒã€æŠ•ç¨¿ä¸€è¦§ç”»é¢ã«ãªã£ã¦ã„ã‚‹ (FAILED - 74)[0m
  ãƒ¦ãƒ¼ã‚¶ãƒ­ã‚°ã‚¤ãƒ³
    è¡¨ç¤ºå†…å®¹ã®ç¢ºèª
[31m      URLãŒæ­£ã—ã„ (FAILED - 75)[0m
[31m      ã€ŒLog inã€ã¨è¡¨ç¤ºã•ã‚Œã‚‹ (FAILED - 76)[0m
[31m      emailãƒ•ã‚©ãƒ¼ãƒ ãŒè¡¨ç¤ºã•ã‚Œã‚‹ (FAILED - 77)[0m
[31m      passwordãƒ•ã‚©ãƒ¼ãƒ ãŒè¡¨ç¤ºã•ã‚Œã‚‹ (FAILED - 78)[0m
[31m      Sign upãƒœã‚¿ãƒ³ãŒè¡¨ç¤ºã•ã‚Œã‚‹ (FAILED - 79)[0m
[31m      nameãƒ•ã‚©ãƒ¼ãƒ ã¯è¡¨ç¤ºã•ã‚Œãªã„ (FAILED - 80)[0m
    ãƒ­ã‚°ã‚¤ãƒ³æˆåŠŸã®ãƒ†ã‚¹ãƒˆ
[31m      ãƒ­ã‚°ã‚¤ãƒ³å¾Œã®ãƒªãƒ€ã‚¤ãƒ¬ã‚¯ãƒˆå…ˆãŒã€æŠ•ç¨¿ä¸€è¦§ç”»é¢ã«ãªã£ã¦ã„ã‚‹ (FAILED - 81)[0m
    ãƒ­ã‚°ã‚¤ãƒ³å¤±æ•—ã®ãƒ†ã‚¹ãƒˆ
[31m      ãƒ­ã‚°ã‚¤ãƒ³ã«å¤±æ•—ã—ã€ãƒ­ã‚°ã‚¤ãƒ³ç”»é¢ã«ãƒªãƒ€ã‚¤ãƒ¬ã‚¯ãƒˆã•ã‚Œã‚‹ (FAILED - 82)[0m
  ãƒ˜ãƒƒãƒ€ãƒ¼ã®ãƒ†ã‚¹ãƒˆ: ãƒ­ã‚°ã‚¤ãƒ³ã—ã¦ã„ã‚‹å ´åˆ
    ãƒ˜ãƒƒãƒ€ãƒ¼ã®è¡¨ç¤ºã‚’ç¢ºèª
[31m      ã‚¿ã‚¤ãƒˆãƒ«ãŒè¡¨ç¤ºã•ã‚Œã‚‹ (FAILED - 83)[0m
[31m      MY PAGEãƒªãƒ³ã‚¯ãŒè¡¨ç¤ºã•ã‚Œã‚‹: å·¦ä¸Šã‹ã‚‰1ç•ªç›®ã®ãƒªãƒ³ã‚¯ãŒã€ŒMY PAGEã€ã§ã‚ã‚‹ (FAILED - 84)[0m
[31m      USERSãƒªãƒ³ã‚¯ãŒè¡¨ç¤ºã•ã‚Œã‚‹: å·¦ä¸Šã‹ã‚‰2ç•ªç›®ã®ãƒªãƒ³ã‚¯ãŒã€ŒUSERSã€ã§ã‚ã‚‹ (FAILED - 85)[0m
[31m      WINESãƒªãƒ³ã‚¯ãŒè¡¨ç¤ºã•ã‚Œã‚‹: å·¦ä¸Šã‹ã‚‰3ç•ªç›®ã®ãƒªãƒ³ã‚¯ãŒã€ŒWINESã€ã§ã‚ã‚‹ (FAILED - 86)[0m
[31m      LOG OUTãƒªãƒ³ã‚¯ãŒè¡¨ç¤ºã•ã‚Œã‚‹: å·¦ä¸Šã‹ã‚‰4ç•ªç›®ã®ãƒªãƒ³ã‚¯ãŒã€ŒLOGOUTã€ã§ã‚ã‚‹ (FAILED - 87)[0m
  ãƒ¦ãƒ¼ã‚¶ãƒ­ã‚°ã‚¢ã‚¦ãƒˆã®ãƒ†ã‚¹ãƒˆ
    ãƒ­ã‚°ã‚¢ã‚¦ãƒˆæ©Ÿèƒ½ã®ãƒ†ã‚¹ãƒˆ
[31m      ãƒ­ã‚°ã‚¢ã‚¦ãƒˆå¾Œã®ãƒªãƒ€ã‚¤ãƒ¬ã‚¯ãƒˆå…ˆãŒã€ãƒˆãƒƒãƒ—ã«ãªã£ã¦ã„ã‚‹ (FAILED - 88)[0m

Failures:

  1) Wineãƒ¢ãƒ‡ãƒ«ã®ãƒ†ã‚¹ãƒˆ ãƒãƒªãƒ‡ãƒ¼ã‚·ãƒ§ãƒ³ã®ãƒ†ã‚¹ãƒˆ wine_nameã‚«ãƒ©ãƒ  ç©ºæ¬„ã§ãªã„ã“ã¨
     [31mFailure/Error: [0mlet!([33m:wine[0m) { build([33m:wine[0m, [35muser_id[0m: user.id) }[0m
     [31m[0m
     [31mKeyError:[0m
     [31m  Factory not registered: "wine"[0m
     [31m  Did you mean?  "wines"[0m
     [36m# /home/ec2-user/.rvm/gems/ruby-2.6.3/gems/factory_bot-6.1.0/lib/factory_bot/registry.rb:23:in `find'[0m
     [36m# /home/ec2-user/.rvm/gems/ruby-2.6.3/gems/factory_bot-6.1.0/lib/factory_bot/decorator.rb:21:in `method_missing'[0m
     [36m# /home/ec2-user/.rvm/gems/ruby-2.6.3/gems/factory_bot-6.1.0/lib/factory_bot/internal.rb:70:in `factory_by_name'[0m
     [36m# /home/ec2-user/.rvm/gems/ruby-2.6.3/gems/factory_bot-6.1.0/lib/factory_bot/factory_runner.rb:12:in `run'[0m
     [36m# /home/ec2-user/.rvm/gems/ruby-2.6.3/gems/factory_bot-6.1.0/lib/factory_bot/strategy_syntax_method_registrar.rb:28:in `block in define_singular_strategy_method'[0m
     [36m# ./spec/models/wine_spec.rb:9:in `block (3 levels) in <main>'[0m
     [36m# ------------------[0m
     [36m# --- Caused by: ---[0m
     [36m# KeyError:[0m
     [36m#   key not found: "wine"[0m
     [36m#   Did you mean?  "wines"[0m
     [36m#   /home/ec2-user/.rvm/gems/ruby-2.6.3/gems/factory_bot-6.1.0/lib/factory_bot/registry.rb:23:in `find'[0m

  2) ãƒ­ã‚°ã‚¤ãƒ³å¾Œã®ãƒ†ã‚¹ãƒˆ ãƒ˜ãƒƒãƒ€ãƒ¼ã®ãƒ†ã‚¹ãƒˆ: ãƒ­ã‚°ã‚¤ãƒ³ã—ã¦ã„ã‚‹å ´åˆ ãƒªãƒ³ã‚¯ã®å†…å®¹ã‚’ç¢ºèª: â€»logoutã¯ã€ãƒ¦ãƒ¼ã‚¶ãƒ­ã‚°ã‚¢ã‚¦ãƒˆã®ãƒ†ã‚¹ãƒˆã€ã§ãƒ†ã‚¹ãƒˆæ¸ˆã¿ã€‚ MY PAGEã‚’æŠ¼ã™ã¨ã€è‡ªåˆ†ã®ãƒ¦ãƒ¼ã‚¶è©³ç´°ç”»é¢ã«é·ç§»ã™ã‚‹
     [31mFailure/Error: [0mlet!([33m:wine[0m) { create([33m:wine[0m, [35muser[0m: user) }[0m
     [31m[0m
     [31mKeyError:[0m
     [31m  Factory not registered: "wine"[0m
     [31m  Did you mean?  "wines"[0m
     [36m# /home/ec2-user/.rvm/gems/ruby-2.6.3/gems/factory_bot-6.1.0/lib/factory_bot/registry.rb:23:in `find'[0m
     [36m# /home/ec2-user/.rvm/gems/ruby-2.6.3/gems/factory_bot-6.1.0/lib/factory_bot/decorator.rb:21:in `method_missing'[0m
     [36m# /home/ec2-user/.rvm/gems/ruby-2.6.3/gems/factory_bot-6.1.0/lib/factory_bot/internal.rb:70:in `factory_by_name'[0m
     [36m# /home/ec2-user/.rvm/gems/ruby-2.6.3/gems/factory_bot-6.1.0/lib/factory_bot/factory_runner.rb:12:in `run'[0m
     [36m# /home/ec2-user/.rvm/gems/ruby-2.6.3/gems/factory_bot-6.1.0/lib/factory_bot/strategy_syntax_method_registrar.rb:28:in `block in define_singular_strategy_method'[0m
     [36m# ./spec/system/after_login_spec.rb:7:in `block (2 levels) in <main>'[0m
     [36m# ------------------[0m
     [36m# --- Caused by: ---[0m
     [36m# KeyError:[0m
     [36m#   key not found: "wine"[0m
     [36m#   Did you mean?  "wines"[0m
     [36m#   /home/ec2-user/.rvm/gems/ruby-2.6.3/gems/factory_bot-6.1.0/lib/factory_bot/registry.rb:23:in `find'[0m

  3) ãƒ­ã‚°ã‚¤ãƒ³å¾Œã®ãƒ†ã‚¹ãƒˆ ãƒ˜ãƒƒãƒ€ãƒ¼ã®ãƒ†ã‚¹ãƒˆ: ãƒ­ã‚°ã‚¤ãƒ³ã—ã¦ã„ã‚‹å ´åˆ ãƒªãƒ³ã‚¯ã®å†…å®¹ã‚’ç¢ºèª: â€»logoutã¯ã€ãƒ¦ãƒ¼ã‚¶ãƒ­ã‚°ã‚¢ã‚¦ãƒˆã®ãƒ†ã‚¹ãƒˆã€ã§ãƒ†ã‚¹ãƒˆæ¸ˆã¿ã€‚ USERSã‚’æŠ¼ã™ã¨ã€ãƒ¦ãƒ¼ã‚¶ä¸€è¦§ç”»é¢ã«é·ç§»ã™ã‚‹
     [31mFailure/Error: [0mlet!([33m:wine[0m) { create([33m:wine[0m, [35muser[0m: user) }[0m
     [31m[0m
     [31mKeyError:[0m
     [31m  Factory not registered: "wine"[0m
     [31m  Did you mean?  "wines"[0m
     [36m# /home/ec2-user/.rvm/gems/ruby-2.6.3/gems/factory_bot-6.1.0/lib/factory_bot/registry.rb:23:in `find'[0m
     [36m# /home/ec2-user/.rvm/gems/ruby-2.6.3/gems/factory_bot-6.1.0/lib/factory_bot/decorator.rb:21:in `method_missing'[0m
     [36m# /home/ec2-user/.rvm/gems/ruby-2.6.3/gems/factory_bot-6.1.0/lib/factory_bot/internal.rb:70:in `factory_by_name'[0m
     [36m# /home/ec2-user/.rvm/gems/ruby-2.6.3/gems/factory_bot-6.1.0/lib/factory_bot/factory_runner.rb:12:in `run'[0m
     [36m# /home/ec2-user/.rvm/gems/ruby-2.6.3/gems/factory_bot-6.1.0/lib/factory_bot/strategy_syntax_method_registrar.rb:28:in `block in define_singular_strategy_method'[0m
     [36m# ./spec/system/after_login_spec.rb:7:in `block (2 levels) in <main>'[0m
     [36m# ------------------[0m
     [36m# --- Caused by: ---[0m
     [36m# KeyError:[0m
     [36m#   key not found: "wine"[0m
     [36m#   Did you mean?  "wines"[0m
     [36m#   /home/ec2-user/.rvm/gems/ruby-2.6.3/gems/factory_bot-6.1.0/lib/factory_bot/registry.rb:23:in `find'[0m

  4) ãƒ­ã‚°ã‚¤ãƒ³å¾Œã®ãƒ†ã‚¹ãƒˆ ãƒ˜ãƒƒãƒ€ãƒ¼ã®ãƒ†ã‚¹ãƒˆ: ãƒ­ã‚°ã‚¤ãƒ³ã—ã¦ã„ã‚‹å ´åˆ ãƒªãƒ³ã‚¯ã®å†…å®¹ã‚’ç¢ºèª: â€»logoutã¯ã€ãƒ¦ãƒ¼ã‚¶ãƒ­ã‚°ã‚¢ã‚¦ãƒˆã®ãƒ†ã‚¹ãƒˆã€ã§ãƒ†ã‚¹ãƒˆæ¸ˆã¿ã€‚ WINESã‚’æŠ¼ã™ã¨ã€æŠ•ç¨¿ä¸€è¦§ç”»é¢ã«é·ç§»ã™ã‚‹
     [31mFailure/Error: [0mlet!([33m:wine[0m) { create([33m:wine[0m, [35muser[0m: user) }[0m
     [31m[0m
     [31mKeyError:[0m
     [31m  Factory not registered: "wine"[0m
     [31m  Did you mean?  "wines"[0m
     [36m# /home/ec2-user/.rvm/gems/ruby-2.6.3/gems/factory_bot-6.1.0/lib/factory_bot/registry.rb:23:in `find'[0m
     [36m# /home/ec2-user/.rvm/gems/ruby-2.6.3/gems/factory_bot-6.1.0/lib/factory_bot/decorator.rb:21:in `method_missing'[0m
     [36m# /home/ec2-user/.rvm/gems/ruby-2.6.3/gems/factory_bot-6.1.0/lib/factory_bot/internal.rb:70:in `factory_by_name'[0m
     [36m# /home/ec2-user/.rvm/gems/ruby-2.6.3/gems/factory_bot-6.1.0/lib/factory_bot/factory_runner.rb:12:in `run'[0m
     [36m# /home/ec2-user/.rvm/gems/ruby-2.6.3/gems/factory_bot-6.1.0/lib/factory_bot/strategy_syntax_method_registrar.rb:28:in `block in define_singular_strategy_method'[0m
     [36m# ./spec/system/after_login_spec.rb:7:in `block (2 levels) in <main>'[0m
     [36m# ------------------[0m
     [36m# --- Caused by: ---[0m
     [36m# KeyError:[0m
     [36m#   key not found: "wine"[0m
     [36m#   Did you mean?  "wines"[0m
     [36m#   /home/ec2-user/.rvm/gems/ruby-2.6.3/gems/factory_bot-6.1.0/lib/factory_bot/registry.rb:23:in `find'[0m

  5) ãƒ­ã‚°ã‚¤ãƒ³å¾Œã®ãƒ†ã‚¹ãƒˆ æŠ•ç¨¿ä¸€è¦§ç”»é¢ã®ãƒ†ã‚¹ãƒˆ è¡¨ç¤ºå†…å®¹ã®ç¢ºèª URLãŒæ­£ã—ã„
     [31mFailure/Error: [0mlet!([33m:wine[0m) { create([33m:wine[0m, [35muser[0m: user) }[0m
     [31m[0m
     [31mKeyError:[0m
     [31m  Factory not registered: "wine"[0m
     [31m  Did you mean?  "wines"[0m
     [36m# /home/ec2-user/.rvm/gems/ruby-2.6.3/gems/factory_bot-6.1.0/lib/factory_bot/registry.rb:23:in `find'[0m
     [36m# /home/ec2-user/.rvm/gems/ruby-2.6.3/gems/factory_bot-6.1.0/lib/factory_bot/decorator.rb:21:in `method_missing'[0m
     [36m# /home/ec2-user/.rvm/gems/ruby-2.6.3/gems/factory_bot-6.1.0/lib/factory_bot/internal.rb:70:in `factory_by_name'[0m
     [36m# /home/ec2-user/.rvm/gems/ruby-2.6.3/gems/factory_bot-6.1.0/lib/factory_bot/factory_runner.rb:12:in `run'[0m
     [36m# /home/ec2-user/.rvm/gems/ruby-2.6.3/gems/factory_bot-6.1.0/lib/factory_bot/strategy_syntax_method_registrar.rb:28:in `block in define_singular_strategy_method'[0m
     [36m# ./spec/system/after_login_spec.rb:7:in `block (2 levels) in <main>'[0m
     [36m# ------------------[0m
     [36m# --- Caused by: ---[0m
     [36m# KeyError:[0m
     [36m#   key not found: "wine"[0m
     [36m#   Did you mean?  "wines"[0m
     [36m#   /home/ec2-user/.rvm/gems/ruby-2.6.3/gems/factory_bot-6.1.0/lib/factory_bot/registry.rb:23:in `find'[0m

  6) ãƒ­ã‚°ã‚¤ãƒ³å¾Œã®ãƒ†ã‚¹ãƒˆ æŠ•ç¨¿ä¸€è¦§ç”»é¢ã®ãƒ†ã‚¹ãƒˆ è¡¨ç¤ºå†…å®¹ã®ç¢ºèª è‡ªåˆ†ã¨ä»–äººã®ç”»åƒã®ãƒªãƒ³ã‚¯å…ˆãŒæ­£ã—ã„
     [31mFailure/Error: [0mlet!([33m:wine[0m) { create([33m:wine[0m, [35muser[0m: user) }[0m
     [31m[0m
     [31mKeyError:[0m
     [31m  Factory not registered: "wine"[0m
     [31m  Did you mean?  "wines"[0m
     [36m# /home/ec2-user/.rvm/gems/ruby-2.6.3/gems/factory_bot-6.1.0/lib/factory_bot/registry.rb:23:in `find'[0m
     [36m# /home/ec2-user/.rvm/gems/ruby-2.6.3/gems/factory_bot-6.1.0/lib/factory_bot/decorator.rb:21:in `method_missing'[0m
     [36m# /home/ec2-user/.rvm/gems/ruby-2.6.3/gems/factory_bot-6.1.0/lib/factory_bot/internal.rb:70:in `factory_by_name'[0m
     [36m# /home/ec2-user/.rvm/gems/ruby-2.6.3/gems/factory_bot-6.1.0/lib/factory_bot/factory_runner.rb:12:in `run'[0m
     [36m# /home/ec2-user/.rvm/gems/ruby-2.6.3/gems/factory_bot-6.1.0/lib/factory_bot/strategy_syntax_method_registrar.rb:28:in `block in define_singular_strategy_method'[0m
     [36m# ./spec/system/after_login_spec.rb:7:in `block (2 levels) in <main>'[0m
     [36m# ------------------[0m
     [36m# --- Caused by: ---[0m
     [36m# KeyError:[0m
     [36m#   key not found: "wine"[0m
     [36m#   Did you mean?  "wines"[0m
     [36m#   /home/ec2-user/.rvm/gems/ruby-2.6.3/gems/factory_bot-6.1.0/lib/factory_bot/registry.rb:23:in `find'[0m

  7) ãƒ­ã‚°ã‚¤ãƒ³å¾Œã®ãƒ†ã‚¹ãƒˆ æŠ•ç¨¿ä¸€è¦§ç”»é¢ã®ãƒ†ã‚¹ãƒˆ è¡¨ç¤ºå†…å®¹ã®ç¢ºèª è‡ªåˆ†ã®æŠ•ç¨¿ã¨ä»–äººã®æŠ•ç¨¿ã®ã‚¿ã‚¤ãƒˆãƒ«ã®ãƒªãƒ³ã‚¯å…ˆãŒãã‚Œãã‚Œæ­£ã—ã„
     [31mFailure/Error: [0mlet!([33m:wine[0m) { create([33m:wine[0m, [35muser[0m: user) }[0m
     [31m[0m
     [31mKeyError:[0m
     [31m  Factory not registered: "wine"[0m
     [31m  Did you mean?  "wines"[0m
     [36m# /home/ec2-user/.rvm/gems/ruby-2.6.3/gems/factory_bot-6.1.0/lib/factory_bot/registry.rb:23:in `find'[0m
     [36m# /home/ec2-user/.rvm/gems/ruby-2.6.3/gems/factory_bot-6.1.0/lib/factory_bot/decorator.rb:21:in `method_missing'[0m
     [36m# /home/ec2-user/.rvm/gems/ruby-2.6.3/gems/factory_bot-6.1.0/lib/factory_bot/internal.rb:70:in `factory_by_name'[0m
     [36m# /home/ec2-user/.rvm/gems/ruby-2.6.3/gems/factory_bot-6.1.0/lib/factory_bot/factory_runner.rb:12:in `run'[0m
     [36m# /home/ec2-user/.rvm/gems/ruby-2.6.3/gems/factory_bot-6.1.0/lib/factory_bot/strategy_syntax_method_registrar.rb:28:in `block in define_singular_strategy_method'[0m
     [36m# ./spec/system/after_login_spec.rb:7:in `block (2 levels) in <main>'[0m
     [36m# ------------------[0m
     [36m# --- Caused by: ---[0m
     [36m# KeyError:[0m
     [36m#   key not found: "wine"[0m
     [36m#   Did you mean?  "wines"[0m
     [36m#   /home/ec2-user/.rvm/gems/ruby-2.6.3/gems/factory_bot-6.1.0/lib/factory_bot/registry.rb:23:in `find'[0m

  8) ãƒ­ã‚°ã‚¤ãƒ³å¾Œã®ãƒ†ã‚¹ãƒˆ æŠ•ç¨¿ä¸€è¦§ç”»é¢ã®ãƒ†ã‚¹ãƒˆ è¡¨ç¤ºå†…å®¹ã®ç¢ºèª è‡ªåˆ†ã®æŠ•ç¨¿ã¨ä»–äººã®æŠ•ç¨¿ã®ç”»åƒãŒè¡¨ç¤ºã•ã‚Œã‚‹
     [31mFailure/Error: [0mlet!([33m:wine[0m) { create([33m:wine[0m, [35muser[0m: user) }[0m
     [31m[0m
     [31mKeyError:[0m
     [31m  Factory not registered: "wine"[0m
     [31m  Did you mean?  "wines"[0m
     [36m# /home/ec2-user/.rvm/gems/ruby-2.6.3/gems/factory_bot-6.1.0/lib/factory_bot/registry.rb:23:in `find'[0m
     [36m# /home/ec2-user/.rvm/gems/ruby-2.6.3/gems/factory_bot-6.1.0/lib/factory_bot/decorator.rb:21:in `method_missing'[0m
     [36m# /home/ec2-user/.rvm/gems/ruby-2.6.3/gems/factory_bot-6.1.0/lib/factory_bot/internal.rb:70:in `factory_by_name'[0m
     [36m# /home/ec2-user/.rvm/gems/ruby-2.6.3/gems/factory_bot-6.1.0/lib/factory_bot/factory_runner.rb:12:in `run'[0m
     [36m# /home/ec2-user/.rvm/gems/ruby-2.6.3/gems/factory_bot-6.1.0/lib/factory_bot/strategy_syntax_method_registrar.rb:28:in `block in define_singular_strategy_method'[0m
     [36m# ./spec/system/after_login_spec.rb:7:in `block (2 levels) in <main>'[0m
     [36m# ------------------[0m
     [36m# --- Caused by: ---[0m
     [36m# KeyError:[0m
     [36m#   key not found: "wine"[0m
     [36m#   Did you mean?  "wines"[0m
     [36m#   /home/ec2-user/.rvm/gems/ruby-2.6.3/gems/factory_bot-6.1.0/lib/factory_bot/registry.rb:23:in `find'[0m

  9) ãƒ­ã‚°ã‚¤ãƒ³å¾Œã®ãƒ†ã‚¹ãƒˆ æŠ•ç¨¿ä¸€è¦§ç”»é¢ã®ãƒ†ã‚¹ãƒˆ ã‚µã‚¤ãƒ‰ãƒãƒ¼ã®ç¢ºèª ã€ŒNEW TASTINGã€ã¨è¡¨ç¤ºã•ã‚Œã‚‹
     [31mFailure/Error: [0mlet!([33m:wine[0m) { create([33m:wine[0m, [35muser[0m: user) }[0m
     [31m[0m
     [31mKeyError:[0m
     [31m  Factory not registered: "wine"[0m
     [31m  Did you mean?  "wines"[0m
     [36m# /home/ec2-user/.rvm/gems/ruby-2.6.3/gems/factory_bot-6.1.0/lib/factory_bot/registry.rb:23:in `find'[0m
     [36m# /home/ec2-user/.rvm/gems/ruby-2.6.3/gems/factory_bot-6.1.0/lib/factory_bot/decorator.rb:21:in `method_missing'[0m
     [36m# /home/ec2-user/.rvm/gems/ruby-2.6.3/gems/factory_bot-6.1.0/lib/factory_bot/internal.rb:70:in `factory_by_name'[0m
     [36m# /home/ec2-user/.rvm/gems/ruby-2.6.3/gems/factory_bot-6.1.0/lib/factory_bot/factory_runner.rb:12:in `run'[0m
     [36m# /home/ec2-user/.rvm/gems/ruby-2.6.3/gems/factory_bot-6.1.0/lib/factory_bot/strategy_syntax_method_registrar.rb:28:in `block in define_singular_strategy_method'[0m
     [36m# ./spec/system/after_login_spec.rb:7:in `block (2 levels) in <main>'[0m
     [36m# ------------------[0m
     [36m# --- Caused by: ---[0m
     [36m# KeyError:[0m
     [36m#   key not found: "wine"[0m
     [36m#   Did you mean?  "wines"[0m
     [36m#   /home/ec2-user/.rvm/gems/ruby-2.6.3/gems/factory_bot-6.1.0/lib/factory_bot/registry.rb:23:in `find'[0m

  10) ãƒ­ã‚°ã‚¤ãƒ³å¾Œã®ãƒ†ã‚¹ãƒˆ æŠ•ç¨¿ä¸€è¦§ç”»é¢ã®ãƒ†ã‚¹ãƒˆ ã‚µã‚¤ãƒ‰ãƒãƒ¼ã®ç¢ºèª wine_nameãƒ•ã‚©ãƒ¼ãƒ ãŒè¡¨ç¤ºã•ã‚Œã‚‹
      [31mFailure/Error: [0mlet!([33m:wine[0m) { create([33m:wine[0m, [35muser[0m: user) }[0m
      [31m[0m
      [31mKeyError:[0m
      [31m  Factory not registered: "wine"[0m
      [31m  Did you mean?  "wines"[0m
      [36m# /home/ec2-user/.rvm/gems/ruby-2.6.3/gems/factory_bot-6.1.0/lib/factory_bot/registry.rb:23:in `find'[0m
      [36m# /home/ec2-user/.rvm/gems/ruby-2.6.3/gems/factory_bot-6.1.0/lib/factory_bot/decorator.rb:21:in `method_missing'[0m
      [36m# /home/ec2-user/.rvm/gems/ruby-2.6.3/gems/factory_bot-6.1.0/lib/factory_bot/internal.rb:70:in `factory_by_name'[0m
      [36m# /home/ec2-user/.rvm/gems/ruby-2.6.3/gems/factory_bot-6.1.0/lib/factory_bot/factory_runner.rb:12:in `run'[0m
      [36m# /home/ec2-user/.rvm/gems/ruby-2.6.3/gems/factory_bot-6.1.0/lib/factory_bot/strategy_syntax_method_registrar.rb:28:in `block in define_singular_strategy_method'[0m
      [36m# ./spec/system/after_login_spec.rb:7:in `block (2 levels) in <main>'[0m
      [36m# ------------------[0m
      [36m# --- Caused by: ---[0m
      [36m# KeyError:[0m
      [36m#   key not found: "wine"[0m
      [36m#   Did you mean?  "wines"[0m
      [36m#   /home/ec2-user/.rvm/gems/ruby-2.6.3/gems/factory_bot-6.1.0/lib/factory_bot/registry.rb:23:in `find'[0m

  11) ãƒ­ã‚°ã‚¤ãƒ³å¾Œã®ãƒ†ã‚¹ãƒˆ æŠ•ç¨¿ä¸€è¦§ç”»é¢ã®ãƒ†ã‚¹ãƒˆ ã‚µã‚¤ãƒ‰ãƒãƒ¼ã®ç¢ºèª wine_nameãƒ•ã‚©ãƒ¼ãƒ ã«å€¤ãŒå…¥ã£ã¦ã„ãªã„
      [31mFailure/Error: [0mlet!([33m:wine[0m) { create([33m:wine[0m, [35muser[0m: user) }[0m
      [31m[0m
      [31mKeyError:[0m
      [31m  Factory not registered: "wine"[0m
      [31m  Did you mean?  "wines"[0m
      [36m# /home/ec2-user/.rvm/gems/ruby-2.6.3/gems/factory_bot-6.1.0/lib/factory_bot/registry.rb:23:in `find'[0m
      [36m# /home/ec2-user/.rvm/gems/ruby-2.6.3/gems/factory_bot-6.1.0/lib/factory_bot/decorator.rb:21:in `method_missing'[0m
      [36m# /home/ec2-user/.rvm/gems/ruby-2.6.3/gems/factory_bot-6.1.0/lib/factory_bot/internal.rb:70:in `factory_by_name'[0m
      [36m# /home/ec2-user/.rvm/gems/ruby-2.6.3/gems/factory_bot-6.1.0/lib/factory_bot/factory_runner.rb:12:in `run'[0m
      [36m# /home/ec2-user/.rvm/gems/ruby-2.6.3/gems/factory_bot-6.1.0/lib/factory_bot/strategy_syntax_method_registrar.rb:28:in `block in define_singular_strategy_method'[0m
      [36m# ./spec/system/after_login_spec.rb:7:in `block (2 levels) in <main>'[0m
      [36m# ------------------[0m
      [36m# --- Caused by: ---[0m
      [36m# KeyError:[0m
      [36m#   key not found: "wine"[0m
      [36m#   Did you mean?  "wines"[0m
      [36m#   /home/ec2-user/.rvm/gems/ruby-2.6.3/gems/factory_bot-6.1.0/lib/factory_bot/registry.rb:23:in `find'[0m

  12) ãƒ­ã‚°ã‚¤ãƒ³å¾Œã®ãƒ†ã‚¹ãƒˆ æŠ•ç¨¿ä¸€è¦§ç”»é¢ã®ãƒ†ã‚¹ãƒˆ ã‚µã‚¤ãƒ‰ãƒãƒ¼ã®ç¢ºèª æŠ•ç¨¿ã™ã‚‹ãƒœã‚¿ãƒ³ãŒè¡¨ç¤ºã•ã‚Œã‚‹
      [31mFailure/Error: [0mlet!([33m:wine[0m) { create([33m:wine[0m, [35muser[0m: user) }[0m
      [31m[0m
      [31mKeyError:[0m
      [31m  Factory not registered: "wine"[0m
      [31m  Did you mean?  "wines"[0m
      [36m# /home/ec2-user/.rvm/gems/ruby-2.6.3/gems/factory_bot-6.1.0/lib/factory_bot/registry.rb:23:in `find'[0m
      [36m# /home/ec2-user/.rvm/gems/ruby-2.6.3/gems/factory_bot-6.1.0/lib/factory_bot/decorator.rb:21:in `method_missing'[0m
      [36m# /home/ec2-user/.rvm/gems/ruby-2.6.3/gems/factory_bot-6.1.0/lib/factory_bot/internal.rb:70:in `factory_by_name'[0m
      [36m# /home/ec2-user/.rvm/gems/ruby-2.6.3/gems/factory_bot-6.1.0/lib/factory_bot/factory_runner.rb:12:in `run'[0m
      [36m# /home/ec2-user/.rvm/gems/ruby-2.6.3/gems/factory_bot-6.1.0/lib/factory_bot/strategy_syntax_method_registrar.rb:28:in `block in define_singular_strategy_method'[0m
      [36m# ./spec/system/after_login_spec.rb:7:in `block (2 levels) in <main>'[0m
      [36m# ------------------[0m
      [36m# --- Caused by: ---[0m
      [36m# KeyError:[0m
      [36m#   key not found: "wine"[0m
      [36m#   Did you mean?  "wines"[0m
      [36m#   /home/ec2-user/.rvm/gems/ruby-2.6.3/gems/factory_bot-6.1.0/lib/factory_bot/registry.rb:23:in `find'[0m

  13) ãƒ­ã‚°ã‚¤ãƒ³å¾Œã®ãƒ†ã‚¹ãƒˆ æŠ•ç¨¿ä¸€è¦§ç”»é¢ã®ãƒ†ã‚¹ãƒˆ æŠ•ç¨¿æˆåŠŸã®ãƒ†ã‚¹ãƒˆ è‡ªåˆ†ã®æ–°ã—ã„æŠ•ç¨¿ãŒæ­£ã—ãä¿å­˜ã•ã‚Œã‚‹
      [31mFailure/Error: [0mlet!([33m:wine[0m) { create([33m:wine[0m, [35muser[0m: user) }[0m
      [31m[0m
      [31mKeyError:[0m
      [31m  Factory not registered: "wine"[0m
      [31m  Did you mean?  "wines"[0m
      [36m# /home/ec2-user/.rvm/gems/ruby-2.6.3/gems/factory_bot-6.1.0/lib/factory_bot/registry.rb:23:in `find'[0m
      [36m# /home/ec2-user/.rvm/gems/ruby-2.6.3/gems/factory_bot-6.1.0/lib/factory_bot/decorator.rb:21:in `method_missing'[0m
      [36m# /home/ec2-user/.rvm/gems/ruby-2.6.3/gems/factory_bot-6.1.0/lib/factory_bot/internal.rb:70:in `factory_by_name'[0m
      [36m# /home/ec2-user/.rvm/gems/ruby-2.6.3/gems/factory_bot-6.1.0/lib/factory_bot/factory_runner.rb:12:in `run'[0m
      [36m# /home/ec2-user/.rvm/gems/ruby-2.6.3/gems/factory_bot-6.1.0/lib/factory_bot/strategy_syntax_method_registrar.rb:28:in `block in define_singular_strategy_method'[0m
      [36m# ./spec/system/after_login_spec.rb:7:in `block (2 levels) in <main>'[0m
      [36m# ------------------[0m
      [36m# --- Caused by: ---[0m
      [36m# KeyError:[0m
      [36m#   key not found: "wine"[0m
      [36m#   Did you mean?  "wines"[0m
      [36m#   /home/ec2-user/.rvm/gems/ruby-2.6.3/gems/factory_bot-6.1.0/lib/factory_bot/registry.rb:23:in `find'[0m

  14) ãƒ­ã‚°ã‚¤ãƒ³å¾Œã®ãƒ†ã‚¹ãƒˆ æŠ•ç¨¿ä¸€è¦§ç”»é¢ã®ãƒ†ã‚¹ãƒˆ æŠ•ç¨¿æˆåŠŸã®ãƒ†ã‚¹ãƒˆ ãƒªãƒ€ã‚¤ãƒ¬ã‚¯ãƒˆå…ˆãŒã€ä¿å­˜ã§ããŸæŠ•ç¨¿ã®è©³ç´°ç”»é¢ã«ãªã£ã¦ã„ã‚‹
      [31mFailure/Error: [0mlet!([33m:wine[0m) { create([33m:wine[0m, [35muser[0m: user) }[0m
      [31m[0m
      [31mKeyError:[0m
      [31m  Factory not registered: "wine"[0m
      [31m  Did you mean?  "wines"[0m
      [36m# /home/ec2-user/.rvm/gems/ruby-2.6.3/gems/factory_bot-6.1.0/lib/factory_bot/registry.rb:23:in `find'[0m
      [36m# /home/ec2-user/.rvm/gems/ruby-2.6.3/gems/factory_bot-6.1.0/lib/factory_bot/decorator.rb:21:in `method_missing'[0m
      [36m# /home/ec2-user/.rvm/gems/ruby-2.6.3/gems/factory_bot-6.1.0/lib/factory_bot/internal.rb:70:in `factory_by_name'[0m
      [36m# /home/ec2-user/.rvm/gems/ruby-2.6.3/gems/factory_bot-6.1.0/lib/factory_bot/factory_runner.rb:12:in `run'[0m
      [36m# /home/ec2-user/.rvm/gems/ruby-2.6.3/gems/factory_bot-6.1.0/lib/factory_bot/strategy_syntax_method_registrar.rb:28:in `block in define_singular_strategy_method'[0m
      [36m# ./spec/system/after_login_spec.rb:7:in `block (2 levels) in <main>'[0m
      [36m# ------------------[0m
      [36m# --- Caused by: ---[0m
      [36m# KeyError:[0m
      [36m#   key not found: "wine"[0m
      [36m#   Did you mean?  "wines"[0m
      [36m#   /home/ec2-user/.rvm/gems/ruby-2.6.3/gems/factory_bot-6.1.0/lib/factory_bot/registry.rb:23:in `find'[0m

  15) ãƒ­ã‚°ã‚¤ãƒ³å¾Œã®ãƒ†ã‚¹ãƒˆ è‡ªåˆ†ã®æŠ•ç¨¿è©³ç´°ç”»é¢ã®ãƒ†ã‚¹ãƒˆ è¡¨ç¤ºå†…å®¹ã®ç¢ºèª URLãŒæ­£ã—ã„
      [31mFailure/Error: [0mlet!([33m:wine[0m) { create([33m:wine[0m, [35muser[0m: user) }[0m
      [31m[0m
      [31mKeyError:[0m
      [31m  Factory not registered: "wine"[0m
      [31m  Did you mean?  "wines"[0m
      [36m# /home/ec2-user/.rvm/gems/ruby-2.6.3/gems/factory_bot-6.1.0/lib/factory_bot/registry.rb:23:in `find'[0m
      [36m# /home/ec2-user/.rvm/gems/ruby-2.6.3/gems/factory_bot-6.1.0/lib/factory_bot/decorator.rb:21:in `method_missing'[0m
      [36m# /home/ec2-user/.rvm/gems/ruby-2.6.3/gems/factory_bot-6.1.0/lib/factory_bot/internal.rb:70:in `factory_by_name'[0m
      [36m# /home/ec2-user/.rvm/gems/ruby-2.6.3/gems/factory_bot-6.1.0/lib/factory_bot/factory_runner.rb:12:in `run'[0m
      [36m# /home/ec2-user/.rvm/gems/ruby-2.6.3/gems/factory_bot-6.1.0/lib/factory_bot/strategy_syntax_method_registrar.rb:28:in `block in define_singular_strategy_method'[0m
      [36m# ./spec/system/after_login_spec.rb:7:in `block (2 levels) in <main>'[0m
      [36m# ------------------[0m
      [36m# --- Caused by: ---[0m
      [36m# KeyError:[0m
      [36m#   key not found: "wine"[0m
      [36m#   Did you mean?  "wines"[0m
      [36m#   /home/ec2-user/.rvm/gems/ruby-2.6.3/gems/factory_bot-6.1.0/lib/factory_bot/registry.rb:23:in `find'[0m

  16) ãƒ­ã‚°ã‚¤ãƒ³å¾Œã®ãƒ†ã‚¹ãƒˆ è‡ªåˆ†ã®æŠ•ç¨¿è©³ç´°ç”»é¢ã®ãƒ†ã‚¹ãƒˆ è¡¨ç¤ºå†…å®¹ã®ç¢ºèª ãƒ¦ãƒ¼ã‚¶ç”»åƒãƒ»åå‰ã®ãƒªãƒ³ã‚¯å…ˆãŒæ­£ã—ã„
      [31mFailure/Error: [0mlet!([33m:wine[0m) { create([33m:wine[0m, [35muser[0m: user) }[0m
      [31m[0m
      [31mKeyError:[0m
      [31m  Factory not registered: "wine"[0m
      [31m  Did you mean?  "wines"[0m
      [36m# /home/ec2-user/.rvm/gems/ruby-2.6.3/gems/factory_bot-6.1.0/lib/factory_bot/registry.rb:23:in `find'[0m
      [36m# /home/ec2-user/.rvm/gems/ruby-2.6.3/gems/factory_bot-6.1.0/lib/factory_bot/decorator.rb:21:in `method_missing'[0m
      [36m# /home/ec2-user/.rvm/gems/ruby-2.6.3/gems/factory_bot-6.1.0/lib/factory_bot/internal.rb:70:in `factory_by_name'[0m
      [36m# /home/ec2-user/.rvm/gems/ruby-2.6.3/gems/factory_bot-6.1.0/lib/factory_bot/factory_runner.rb:12:in `run'[0m
      [36m# /home/ec2-user/.rvm/gems/ruby-2.6.3/gems/factory_bot-6.1.0/lib/factory_bot/strategy_syntax_method_registrar.rb:28:in `block in define_singular_strategy_method'[0m
      [36m# ./spec/system/after_login_spec.rb:7:in `block (2 levels) in <main>'[0m
      [36m# ------------------[0m
      [36m# --- Caused by: ---[0m
      [36m# KeyError:[0m
      [36m#   key not found: "wine"[0m
      [36m#   Did you mean?  "wines"[0m
      [36m#   /home/ec2-user/.rvm/gems/ruby-2.6.3/gems/factory_bot-6.1.0/lib/factory_bot/registry.rb:23:in `find'[0m

  17) ãƒ­ã‚°ã‚¤ãƒ³å¾Œã®ãƒ†ã‚¹ãƒˆ è‡ªåˆ†ã®æŠ•ç¨¿è©³ç´°ç”»é¢ã®ãƒ†ã‚¹ãƒˆ è¡¨ç¤ºå†…å®¹ã®ç¢ºèª æŠ•ç¨¿ã®wine_nameãŒè¡¨ç¤ºã•ã‚Œã‚‹
      [31mFailure/Error: [0mlet!([33m:wine[0m) { create([33m:wine[0m, [35muser[0m: user) }[0m
      [31m[0m
      [31mKeyError:[0m
      [31m  Factory not registered: "wine"[0m
      [31m  Did you mean?  "wines"[0m
      [36m# /home/ec2-user/.rvm/gems/ruby-2.6.3/gems/factory_bot-6.1.0/lib/factory_bot/registry.rb:23:in `find'[0m
      [36m# /home/ec2-user/.rvm/gems/ruby-2.6.3/gems/factory_bot-6.1.0/lib/factory_bot/decorator.rb:21:in `method_missing'[0m
      [36m# /home/ec2-user/.rvm/gems/ruby-2.6.3/gems/factory_bot-6.1.0/lib/factory_bot/internal.rb:70:in `factory_by_name'[0m
      [36m# /home/ec2-user/.rvm/gems/ruby-2.6.3/gems/factory_bot-6.1.0/lib/factory_bot/factory_runner.rb:12:in `run'[0m
      [36m# /home/ec2-user/.rvm/gems/ruby-2.6.3/gems/factory_bot-6.1.0/lib/factory_bot/strategy_syntax_method_registrar.rb:28:in `block in define_singular_strategy_method'[0m
      [36m# ./spec/system/after_login_spec.rb:7:in `block (2 levels) in <main>'[0m
      [36m# ------------------[0m
      [36m# --- Caused by: ---[0m
      [36m# KeyError:[0m
      [36m#   key not found: "wine"[0m
      [36m#   Did you mean?  "wines"[0m
      [36m#   /home/ec2-user/.rvm/gems/ruby-2.6.3/gems/factory_bot-6.1.0/lib/factory_bot/registry.rb:23:in `find'[0m

  18) ãƒ­ã‚°ã‚¤ãƒ³å¾Œã®ãƒ†ã‚¹ãƒˆ è‡ªåˆ†ã®æŠ•ç¨¿è©³ç´°ç”»é¢ã®ãƒ†ã‚¹ãƒˆ è¡¨ç¤ºå†…å®¹ã®ç¢ºèª æŠ•ç¨¿ã®å‰Šé™¤ãƒªãƒ³ã‚¯ãŒè¡¨ç¤ºã•ã‚Œã‚‹
      [31mFailure/Error: [0mlet!([33m:wine[0m) { create([33m:wine[0m, [35muser[0m: user) }[0m
      [31m[0m
      [31mKeyError:[0m
      [31m  Factory not registered: "wine"[0m
      [31m  Did you mean?  "wines"[0m
      [36m# /home/ec2-user/.rvm/gems/ruby-2.6.3/gems/factory_bot-6.1.0/lib/factory_bot/registry.rb:23:in `find'[0m
      [36m# /home/ec2-user/.rvm/gems/ruby-2.6.3/gems/factory_bot-6.1.0/lib/factory_bot/decorator.rb:21:in `method_missing'[0m
      [36m# /home/ec2-user/.rvm/gems/ruby-2.6.3/gems/factory_bot-6.1.0/lib/factory_bot/internal.rb:70:in `factory_by_name'[0m
      [36m# /home/ec2-user/.rvm/gems/ruby-2.6.3/gems/factory_bot-6.1.0/lib/factory_bot/factory_runner.rb:12:in `run'[0m
      [36m# /home/ec2-user/.rvm/gems/ruby-2.6.3/gems/factory_bot-6.1.0/lib/factory_bot/strategy_syntax_method_registrar.rb:28:in `block in define_singular_strategy_method'[0m
      [36m# ./spec/system/after_login_spec.rb:7:in `block (2 levels) in <main>'[0m
      [36m# ------------------[0m
      [36m# --- Caused by: ---[0m
      [36m# KeyError:[0m
      [36m#   key not found: "wine"[0m
      [36m#   Did you mean?  "wines"[0m
      [36m#   /home/ec2-user/.rvm/gems/ruby-2.6.3/gems/factory_bot-6.1.0/lib/factory_bot/registry.rb:23:in `find'[0m

  19) ãƒ­ã‚°ã‚¤ãƒ³å¾Œã®ãƒ†ã‚¹ãƒˆ è‡ªåˆ†ã®æŠ•ç¨¿è©³ç´°ç”»é¢ã®ãƒ†ã‚¹ãƒˆ ã‚µã‚¤ãƒ‰ãƒãƒ¼ã®ç¢ºèª æ¥½å¤©APIæ¤œç´¢çª“ã¨æ¤œç´¢ãƒœã‚¿ãƒ³ãŒè¡¨ç¤ºã•ã‚Œã‚‹
      [31mFailure/Error: [0mlet!([33m:wine[0m) { create([33m:wine[0m, [35muser[0m: user) }[0m
      [31m[0m
      [31mKeyError:[0m
      [31m  Factory not registered: "wine"[0m
      [31m  Did you mean?  "wines"[0m
      [36m# /home/ec2-user/.rvm/gems/ruby-2.6.3/gems/factory_bot-6.1.0/lib/factory_bot/registry.rb:23:in `find'[0m
      [36m# /home/ec2-user/.rvm/gems/ruby-2.6.3/gems/factory_bot-6.1.0/lib/factory_bot/decorator.rb:21:in `method_missing'[0m
      [36m# /home/ec2-user/.rvm/gems/ruby-2.6.3/gems/factory_bot-6.1.0/lib/factory_bot/internal.rb:70:in `factory_by_name'[0m
      [36m# /home/ec2-user/.rvm/gems/ruby-2.6.3/gems/factory_bot-6.1.0/lib/factory_bot/factory_runner.rb:12:in `run'[0m
      [36m# /home/ec2-user/.rvm/gems/ruby-2.6.3/gems/factory_bot-6.1.0/lib/factory_bot/strategy_syntax_method_registrar.rb:28:in `block in define_singular_strategy_method'[0m
      [36m# ./spec/system/after_login_spec.rb:7:in `block (2 levels) in <main>'[0m
      [36m# ------------------[0m
      [36m# --- Caused by: ---[0m
      [36m# KeyError:[0m
      [36m#   key not found: "wine"[0m
      [36m#   Did you mean?  "wines"[0m
      [36m#   /home/ec2-user/.rvm/gems/ruby-2.6.3/gems/factory_bot-6.1.0/lib/factory_bot/registry.rb:23:in `find'[0m

  20) ãƒ­ã‚°ã‚¤ãƒ³å¾Œã®ãƒ†ã‚¹ãƒˆ è‡ªåˆ†ã®æŠ•ç¨¿è©³ç´°ç”»é¢ã®ãƒ†ã‚¹ãƒˆ ã‚µã‚¤ãƒ‰ãƒãƒ¼ã®ç¢ºèª æ¥½å¤©APIæ¤œç´¢è¡¨ç¤ºç”»é¢ã¸ã®ãƒªãƒ³ã‚¯ãŒå­˜åœ¨ã™ã‚‹
      [31mFailure/Error: [0mlet!([33m:wine[0m) { create([33m:wine[0m, [35muser[0m: user) }[0m
      [31m[0m
      [31mKeyError:[0m
      [31m  Factory not registered: "wine"[0m
      [31m  Did you mean?  "wines"[0m
      [36m# /home/ec2-user/.rvm/gems/ruby-2.6.3/gems/factory_bot-6.1.0/lib/factory_bot/registry.rb:23:in `find'[0m
      [36m# /home/ec2-user/.rvm/gems/ruby-2.6.3/gems/factory_bot-6.1.0/lib/factory_bot/decorator.rb:21:in `method_missing'[0m
      [36m# /home/ec2-user/.rvm/gems/ruby-2.6.3/gems/factory_bot-6.1.0/lib/factory_bot/internal.rb:70:in `factory_by_name'[0m
      [36m# /home/ec2-user/.rvm/gems/ruby-2.6.3/gems/factory_bot-6.1.0/lib/factory_bot/factory_runner.rb:12:in `run'[0m
      [36m# /home/ec2-user/.rvm/gems/ruby-2.6.3/gems/factory_bot-6.1.0/lib/factory_bot/strategy_syntax_method_registrar.rb:28:in `block in define_singular_strategy_method'[0m
      [36m# ./spec/system/after_login_spec.rb:7:in `block (2 levels) in <main>'[0m
      [36m# ------------------[0m
      [36m# --- Caused by: ---[0m
      [36m# KeyError:[0m
      [36m#   key not found: "wine"[0m
      [36m#   Did you mean?  "wines"[0m
      [36m#   /home/ec2-user/.rvm/gems/ruby-2.6.3/gems/factory_bot-6.1.0/lib/factory_bot/registry.rb:23:in `find'[0m

  21) ãƒ­ã‚°ã‚¤ãƒ³å¾Œã®ãƒ†ã‚¹ãƒˆ è‡ªåˆ†ã®æŠ•ç¨¿è©³ç´°ç”»é¢ã®ãƒ†ã‚¹ãƒˆ ã‚µã‚¤ãƒ‰ãƒãƒ¼ã®ç¢ºèª ã€ŒNEW TASTINGã€ã¨è¡¨ç¤ºã•ã‚Œã‚‹
      [31mFailure/Error: [0mlet!([33m:wine[0m) { create([33m:wine[0m, [35muser[0m: user) }[0m
      [31m[0m
      [31mKeyError:[0m
      [31m  Factory not registered: "wine"[0m
      [31m  Did you mean?  "wines"[0m
      [36m# /home/ec2-user/.rvm/gems/ruby-2.6.3/gems/factory_bot-6.1.0/lib/factory_bot/registry.rb:23:in `find'[0m
      [36m# /home/ec2-user/.rvm/gems/ruby-2.6.3/gems/factory_bot-6.1.0/lib/factory_bot/decorator.rb:21:in `method_missing'[0m
      [36m# /home/ec2-user/.rvm/gems/ruby-2.6.3/gems/factory_bot-6.1.0/lib/factory_bot/internal.rb:70:in `factory_by_name'[0m
      [36m# /home/ec2-user/.rvm/gems/ruby-2.6.3/gems/factory_bot-6.1.0/lib/factory_bot/factory_runner.rb:12:in `run'[0m
      [36m# /home/ec2-user/.rvm/gems/ruby-2.6.3/gems/factory_bot-6.1.0/lib/factory_bot/strategy_syntax_method_registrar.rb:28:in `block in define_singular_strategy_method'[0m
      [36m# ./spec/system/after_login_spec.rb:7:in `block (2 levels) in <main>'[0m
      [36m# ------------------[0m
      [36m# --- Caused by: ---[0m
      [36m# KeyError:[0m
      [36m#   key not found: "wine"[0m
      [36m#   Did you mean?  "wines"[0m
      [36m#   /home/ec2-user/.rvm/gems/ruby-2.6.3/gems/factory_bot-6.1.0/lib/factory_bot/registry.rb:23:in `find'[0m

  22) ãƒ­ã‚°ã‚¤ãƒ³å¾Œã®ãƒ†ã‚¹ãƒˆ è‡ªåˆ†ã®æŠ•ç¨¿è©³ç´°ç”»é¢ã®ãƒ†ã‚¹ãƒˆ ã‚µã‚¤ãƒ‰ãƒãƒ¼ã®ç¢ºèª wine_nameãƒ•ã‚©ãƒ¼ãƒ ãŒè¡¨ç¤ºã•ã‚Œã‚‹
      [31mFailure/Error: [0mlet!([33m:wine[0m) { create([33m:wine[0m, [35muser[0m: user) }[0m
      [31m[0m
      [31mKeyError:[0m
      [31m  Factory not registered: "wine"[0m
      [31m  Did you mean?  "wines"[0m
      [36m# /home/ec2-user/.rvm/gems/ruby-2.6.3/gems/factory_bot-6.1.0/lib/factory_bot/registry.rb:23:in `find'[0m
      [36m# /home/ec2-user/.rvm/gems/ruby-2.6.3/gems/factory_bot-6.1.0/lib/factory_bot/decorator.rb:21:in `method_missing'[0m
      [36m# /home/ec2-user/.rvm/gems/ruby-2.6.3/gems/factory_bot-6.1.0/lib/factory_bot/internal.rb:70:in `factory_by_name'[0m
      [36m# /home/ec2-user/.rvm/gems/ruby-2.6.3/gems/factory_bot-6.1.0/lib/factory_bot/factory_runner.rb:12:in `run'[0m
      [36m# /home/ec2-user/.rvm/gems/ruby-2.6.3/gems/factory_bot-6.1.0/lib/factory_bot/strategy_syntax_method_registrar.rb:28:in `block in define_singular_strategy_method'[0m
      [36m# ./spec/system/after_login_spec.rb:7:in `block (2 levels) in <main>'[0m
      [36m# ------------------[0m
      [36m# --- Caused by: ---[0m
      [36m# KeyError:[0m
      [36m#   key not found: "wine"[0m
      [36m#   Did you mean?  "wines"[0m
      [36m#   /home/ec2-user/.rvm/gems/ruby-2.6.3/gems/factory_bot-6.1.0/lib/factory_bot/registry.rb:23:in `find'[0m

  23) ãƒ­ã‚°ã‚¤ãƒ³å¾Œã®ãƒ†ã‚¹ãƒˆ è‡ªåˆ†ã®æŠ•ç¨¿è©³ç´°ç”»é¢ã®ãƒ†ã‚¹ãƒˆ ã‚µã‚¤ãƒ‰ãƒãƒ¼ã®ç¢ºèª wine_nameãƒ•ã‚©ãƒ¼ãƒ ã«å€¤ãŒå…¥ã£ã¦ã„ãªã„
      [31mFailure/Error: [0mlet!([33m:wine[0m) { create([33m:wine[0m, [35muser[0m: user) }[0m
      [31m[0m
      [31mKeyError:[0m
      [31m  Factory not registered: "wine"[0m
      [31m  Did you mean?  "wines"[0m
      [36m# /home/ec2-user/.rvm/gems/ruby-2.6.3/gems/factory_bot-6.1.0/lib/factory_bot/registry.rb:23:in `find'[0m
      [36m# /home/ec2-user/.rvm/gems/ruby-2.6.3/gems/factory_bot-6.1.0/lib/factory_bot/decorator.rb:21:in `method_missing'[0m
      [36m# /home/ec2-user/.rvm/gems/ruby-2.6.3/gems/factory_bot-6.1.0/lib/factory_bot/internal.rb:70:in `factory_by_name'[0m
      [36m# /home/ec2-user/.rvm/gems/ruby-2.6.3/gems/factory_bot-6.1.0/lib/factory_bot/factory_runner.rb:12:in `run'[0m
      [36m# /home/ec2-user/.rvm/gems/ruby-2.6.3/gems/factory_bot-6.1.0/lib/factory_bot/strategy_syntax_method_registrar.rb:28:in `block in define_singular_strategy_method'[0m
      [36m# ./spec/system/after_login_spec.rb:7:in `block (2 levels) in <main>'[0m
      [36m# ------------------[0m
      [36m# --- Caused by: ---[0m
      [36m# KeyError:[0m
      [36m#   key not found: "wine"[0m
      [36m#   Did you mean?  "wines"[0m
      [36m#   /home/ec2-user/.rvm/gems/ruby-2.6.3/gems/factory_bot-6.1.0/lib/factory_bot/registry.rb:23:in `find'[0m

  24) ãƒ­ã‚°ã‚¤ãƒ³å¾Œã®ãƒ†ã‚¹ãƒˆ è‡ªåˆ†ã®æŠ•ç¨¿è©³ç´°ç”»é¢ã®ãƒ†ã‚¹ãƒˆ ã‚µã‚¤ãƒ‰ãƒãƒ¼ã®ç¢ºèª æŠ•ç¨¿ã™ã‚‹ãƒœã‚¿ãƒ³ãŒè¡¨ç¤ºã•ã‚Œã‚‹
      [31mFailure/Error: [0mlet!([33m:wine[0m) { create([33m:wine[0m, [35muser[0m: user) }[0m
      [31m[0m
      [31mKeyError:[0m
      [31m  Factory not registered: "wine"[0m
      [31m  Did you mean?  "wines"[0m
      [36m# /home/ec2-user/.rvm/gems/ruby-2.6.3/gems/factory_bot-6.1.0/lib/factory_bot/registry.rb:23:in `find'[0m
      [36m# /home/ec2-user/.rvm/gems/ruby-2.6.3/gems/factory_bot-6.1.0/lib/factory_bot/decorator.rb:21:in `method_missing'[0m
      [36m# /home/ec2-user/.rvm/gems/ruby-2.6.3/gems/factory_bot-6.1.0/lib/factory_bot/internal.rb:70:in `factory_by_name'[0m
      [36m# /home/ec2-user/.rvm/gems/ruby-2.6.3/gems/factory_bot-6.1.0/lib/factory_bot/factory_runner.rb:12:in `run'[0m
      [36m# /home/ec2-user/.rvm/gems/ruby-2.6.3/gems/factory_bot-6.1.0/lib/factory_bot/strategy_syntax_method_registrar.rb:28:in `block in define_singular_strategy_method'[0m
      [36m# ./spec/system/after_login_spec.rb:7:in `block (2 levels) in <main>'[0m
      [36m# ------------------[0m
      [36m# --- Caused by: ---[0m
      [36m# KeyError:[0m
      [36m#   key not found: "wine"[0m
      [36m#   Did you mean?  "wines"[0m
      [36m#   /home/ec2-user/.rvm/gems/ruby-2.6.3/gems/factory_bot-6.1.0/lib/factory_bot/registry.rb:23:in `find'[0m

  25) ãƒ­ã‚°ã‚¤ãƒ³å¾Œã®ãƒ†ã‚¹ãƒˆ è‡ªåˆ†ã®æŠ•ç¨¿è©³ç´°ç”»é¢ã®ãƒ†ã‚¹ãƒˆ æŠ•ç¨¿æˆåŠŸã®ãƒ†ã‚¹ãƒˆ è‡ªåˆ†ã®æ–°ã—ã„æŠ•ç¨¿ãŒæ­£ã—ãä¿å­˜ã•ã‚Œã‚‹
      [31mFailure/Error: [0mlet!([33m:wine[0m) { create([33m:wine[0m, [35muser[0m: user) }[0m
      [31m[0m
      [31mKeyError:[0m
      [31m  Factory not registered: "wine"[0m
      [31m  Did you mean?  "wines"[0m
      [36m# /home/ec2-user/.rvm/gems/ruby-2.6.3/gems/factory_bot-6.1.0/lib/factory_bot/registry.rb:23:in `find'[0m
      [36m# /home/ec2-user/.rvm/gems/ruby-2.6.3/gems/factory_bot-6.1.0/lib/factory_bot/decorator.rb:21:in `method_missing'[0m
      [36m# /home/ec2-user/.rvm/gems/ruby-2.6.3/gems/factory_bot-6.1.0/lib/factory_bot/internal.rb:70:in `factory_by_name'[0m
      [36m# /home/ec2-user/.rvm/gems/ruby-2.6.3/gems/factory_bot-6.1.0/lib/factory_bot/factory_runner.rb:12:in `run'[0m
      [36m# /home/ec2-user/.rvm/gems/ruby-2.6.3/gems/factory_bot-6.1.0/lib/factory_bot/strategy_syntax_method_registrar.rb:28:in `block in define_singular_strategy_method'[0m
      [36m# ./spec/system/after_login_spec.rb:7:in `block (2 levels) in <main>'[0m
      [36m# ------------------[0m
      [36m# --- Caused by: ---[0m
      [36m# KeyError:[0m
      [36m#   key not found: "wine"[0m
      [36m#   Did you mean?  "wines"[0m
      [36m#   /home/ec2-user/.rvm/gems/ruby-2.6.3/gems/factory_bot-6.1.0/lib/factory_bot/registry.rb:23:in `find'[0m

  26) ãƒ­ã‚°ã‚¤ãƒ³å¾Œã®ãƒ†ã‚¹ãƒˆ è‡ªåˆ†ã®æŠ•ç¨¿è©³ç´°ç”»é¢ã®ãƒ†ã‚¹ãƒˆ å‰Šé™¤ãƒªãƒ³ã‚¯ã®ãƒ†ã‚¹ãƒˆ æ­£ã—ãå‰Šé™¤ã•ã‚Œã‚‹
      [31mFailure/Error: [0mlet!([33m:wine[0m) { create([33m:wine[0m, [35muser[0m: user) }[0m
      [31m[0m
      [31mKeyError:[0m
      [31m  Factory not registered: "wine"[0m
      [31m  Did you mean?  "wines"[0m
      [36m# /home/ec2-user/.rvm/gems/ruby-2.6.3/gems/factory_bot-6.1.0/lib/factory_bot/registry.rb:23:in `find'[0m
      [36m# /home/ec2-user/.rvm/gems/ruby-2.6.3/gems/factory_bot-6.1.0/lib/factory_bot/decorator.rb:21:in `method_missing'[0m
      [36m# /home/ec2-user/.rvm/gems/ruby-2.6.3/gems/factory_bot-6.1.0/lib/factory_bot/internal.rb:70:in `factory_by_name'[0m
      [36m# /home/ec2-user/.rvm/gems/ruby-2.6.3/gems/factory_bot-6.1.0/lib/factory_bot/factory_runner.rb:12:in `run'[0m
      [36m# /home/ec2-user/.rvm/gems/ruby-2.6.3/gems/factory_bot-6.1.0/lib/factory_bot/strategy_syntax_method_registrar.rb:28:in `block in define_singular_strategy_method'[0m
      [36m# ./spec/system/after_login_spec.rb:7:in `block (2 levels) in <main>'[0m
      [36m# ------------------[0m
      [36m# --- Caused by: ---[0m
      [36m# KeyError:[0m
      [36m#   key not found: "wine"[0m
      [36m#   Did you mean?  "wines"[0m
      [36m#   /home/ec2-user/.rvm/gems/ruby-2.6.3/gems/factory_bot-6.1.0/lib/factory_bot/registry.rb:23:in `find'[0m

  27) ãƒ­ã‚°ã‚¤ãƒ³å¾Œã®ãƒ†ã‚¹ãƒˆ è‡ªåˆ†ã®æŠ•ç¨¿è©³ç´°ç”»é¢ã®ãƒ†ã‚¹ãƒˆ å‰Šé™¤ãƒªãƒ³ã‚¯ã®ãƒ†ã‚¹ãƒˆ ãƒªãƒ€ã‚¤ãƒ¬ã‚¯ãƒˆå…ˆãŒã€æŠ•ç¨¿ä¸€è¦§ç”»é¢ã«ãªã£ã¦ã„ã‚‹
      [31mFailure/Error: [0mlet!([33m:wine[0m) { create([33m:wine[0m, [35muser[0m: user) }[0m
      [31m[0m
      [31mKeyError:[0m
      [31m  Factory not registered: "wine"[0m
      [31m  Did you mean?  "wines"[0m
      [36m# /home/ec2-user/.rvm/gems/ruby-2.6.3/gems/factory_bot-6.1.0/lib/factory_bot/registry.rb:23:in `find'[0m
      [36m# /home/ec2-user/.rvm/gems/ruby-2.6.3/gems/factory_bot-6.1.0/lib/factory_bot/decorator.rb:21:in `method_missing'[0m
      [36m# /home/ec2-user/.rvm/gems/ruby-2.6.3/gems/factory_bot-6.1.0/lib/factory_bot/internal.rb:70:in `factory_by_name'[0m
      [36m# /home/ec2-user/.rvm/gems/ruby-2.6.3/gems/factory_bot-6.1.0/lib/factory_bot/factory_runner.rb:12:in `run'[0m
      [36m# /home/ec2-user/.rvm/gems/ruby-2.6.3/gems/factory_bot-6.1.0/lib/factory_bot/strategy_syntax_method_registrar.rb:28:in `block in define_singular_strategy_method'[0m
      [36m# ./spec/system/after_login_spec.rb:7:in `block (2 levels) in <main>'[0m
      [36m# ------------------[0m
      [36m# --- Caused by: ---[0m
      [36m# KeyError:[0m
      [36m#   key not found: "wine"[0m
      [36m#   Did you mean?  "wines"[0m
      [36m#   /home/ec2-user/.rvm/gems/ruby-2.6.3/gems/factory_bot-6.1.0/lib/factory_bot/registry.rb:23:in `find'[0m

  28) ãƒ­ã‚°ã‚¤ãƒ³å¾Œã®ãƒ†ã‚¹ãƒˆ ãƒ¦ãƒ¼ã‚¶ä¸€è¦§ç”»é¢ã®ãƒ†ã‚¹ãƒˆ è¡¨ç¤ºå†…å®¹ã®ç¢ºèª URLãŒæ­£ã—ã„
      [31mFailure/Error: [0mlet!([33m:wine[0m) { create([33m:wine[0m, [35muser[0m: user) }[0m
      [31m[0m
      [31mKeyError:[0m
      [31m  Factory not registered: "wine"[0m
      [31m  Did you mean?  "wines"[0m
      [36m# /home/ec2-user/.rvm/gems/ruby-2.6.3/gems/factory_bot-6.1.0/lib/factory_bot/registry.rb:23:in `find'[0m
      [36m# /home/ec2-user/.rvm/gems/ruby-2.6.3/gems/factory_bot-6.1.0/lib/factory_bot/decorator.rb:21:in `method_missing'[0m
      [36m# /home/ec2-user/.rvm/gems/ruby-2.6.3/gems/factory_bot-6.1.0/lib/factory_bot/internal.rb:70:in `factory_by_name'[0m
      [36m# /home/ec2-user/.rvm/gems/ruby-2.6.3/gems/factory_bot-6.1.0/lib/factory_bot/factory_runner.rb:12:in `run'[0m
      [36m# /home/ec2-user/.rvm/gems/ruby-2.6.3/gems/factory_bot-6.1.0/lib/factory_bot/strategy_syntax_method_registrar.rb:28:in `block in define_singular_strategy_method'[0m
      [36m# ./spec/system/after_login_spec.rb:7:in `block (2 levels) in <main>'[0m
      [36m# ------------------[0m
      [36m# --- Caused by: ---[0m
      [36m# KeyError:[0m
      [36m#   key not found: "wine"[0m
      [36m#   Did you mean?  "wines"[0m
      [36m#   /home/ec2-user/.rvm/gems/ruby-2.6.3/gems/factory_bot-6.1.0/lib/factory_bot/registry.rb:23:in `find'[0m

  29) ãƒ­ã‚°ã‚¤ãƒ³å¾Œã®ãƒ†ã‚¹ãƒˆ ãƒ¦ãƒ¼ã‚¶ä¸€è¦§ç”»é¢ã®ãƒ†ã‚¹ãƒˆ è¡¨ç¤ºå†…å®¹ã®ç¢ºèª è‡ªåˆ†ã¨ä»–äººã®ç”»åƒãŒè¡¨ç¤ºã•ã‚Œã‚‹: fallbackã®ç”»åƒãŒå­˜åœ¨ã™ã‚‹
      [31mFailure/Error: [0mlet!([33m:wine[0m) { create([33m:wine[0m, [35muser[0m: user) }[0m
      [31m[0m
      [31mKeyError:[0m
      [31m  Factory not registered: "wine"[0m
      [31m  Did you mean?  "wines"[0m
      [36m# /home/ec2-user/.rvm/gems/ruby-2.6.3/gems/factory_bot-6.1.0/lib/factory_bot/registry.rb:23:in `find'[0m
      [36m# /home/ec2-user/.rvm/gems/ruby-2.6.3/gems/factory_bot-6.1.0/lib/factory_bot/decorator.rb:21:in `method_missing'[0m
      [36m# /home/ec2-user/.rvm/gems/ruby-2.6.3/gems/factory_bot-6.1.0/lib/factory_bot/internal.rb:70:in `factory_by_name'[0m
      [36m# /home/ec2-user/.rvm/gems/ruby-2.6.3/gems/factory_bot-6.1.0/lib/factory_bot/factory_runner.rb:12:in `run'[0m
      [36m# /home/ec2-user/.rvm/gems/ruby-2.6.3/gems/factory_bot-6.1.0/lib/factory_bot/strategy_syntax_method_registrar.rb:28:in `block in define_singular_strategy_method'[0m
      [36m# ./spec/system/after_login_spec.rb:7:in `block (2 levels) in <main>'[0m
      [36m# ------------------[0m
      [36m# --- Caused by: ---[0m
      [36m# KeyError:[0m
      [36m#   key not found: "wine"[0m
      [36m#   Did you mean?  "wines"[0m
      [36m#   /home/ec2-user/.rvm/gems/ruby-2.6.3/gems/factory_bot-6.1.0/lib/factory_bot/registry.rb:23:in `find'[0m

  30) ãƒ­ã‚°ã‚¤ãƒ³å¾Œã®ãƒ†ã‚¹ãƒˆ ãƒ¦ãƒ¼ã‚¶ä¸€è¦§ç”»é¢ã®ãƒ†ã‚¹ãƒˆ è¡¨ç¤ºå†…å®¹ã®ç¢ºèª è‡ªåˆ†ã¨ä»–äººã®åå‰ãŒãã‚Œãã‚Œè¡¨ç¤ºã•ã‚Œã‚‹
      [31mFailure/Error: [0mlet!([33m:wine[0m) { create([33m:wine[0m, [35muser[0m: user) }[0m
      [31m[0m
      [31mKeyError:[0m
      [31m  Factory not registered: "wine"[0m
      [31m  Did you mean?  "wines"[0m
      [36m# /home/ec2-user/.rvm/gems/ruby-2.6.3/gems/factory_bot-6.1.0/lib/factory_bot/registry.rb:23:in `find'[0m
      [36m# /home/ec2-user/.rvm/gems/ruby-2.6.3/gems/factory_bot-6.1.0/lib/factory_bot/decorator.rb:21:in `method_missing'[0m
      [36m# /home/ec2-user/.rvm/gems/ruby-2.6.3/gems/factory_bot-6.1.0/lib/factory_bot/internal.rb:70:in `factory_by_name'[0m
      [36m# /home/ec2-user/.rvm/gems/ruby-2.6.3/gems/factory_bot-6.1.0/lib/factory_bot/factory_runner.rb:12:in `run'[0m
      [36m# /home/ec2-user/.rvm/gems/ruby-2.6.3/gems/factory_bot-6.1.0/lib/factory_bot/strategy_syntax_method_registrar.rb:28:in `block in define_singular_strategy_method'[0m
      [36m# ./spec/system/after_login_spec.rb:7:in `block (2 levels) in <main>'[0m
      [36m# ------------------[0m
      [36m# --- Caused by: ---[0m
      [36m# KeyError:[0m
      [36m#   key not found: "wine"[0m
      [36m#   Did you mean?  "wines"[0m
      [36m#   /home/ec2-user/.rvm/gems/ruby-2.6.3/gems/factory_bot-6.1.0/lib/factory_bot/registry.rb:23:in `find'[0m

  31) ãƒ­ã‚°ã‚¤ãƒ³å¾Œã®ãƒ†ã‚¹ãƒˆ ãƒ¦ãƒ¼ã‚¶ä¸€è¦§ç”»é¢ã®ãƒ†ã‚¹ãƒˆ è¡¨ç¤ºå†…å®¹ã®ç¢ºèª è‡ªåˆ†ã¨ä»–äººã®showãƒªãƒ³ã‚¯ãŒãã‚Œãã‚Œè¡¨ç¤ºã•ã‚Œã‚‹
      [31mFailure/Error: [0mlet!([33m:wine[0m) { create([33m:wine[0m, [35muser[0m: user) }[0m
      [31m[0m
      [31mKeyError:[0m
      [31m  Factory not registered: "wine"[0m
      [31m  Did you mean?  "wines"[0m
      [36m# /home/ec2-user/.rvm/gems/ruby-2.6.3/gems/factory_bot-6.1.0/lib/factory_bot/registry.rb:23:in `find'[0m
      [36m# /home/ec2-user/.rvm/gems/ruby-2.6.3/gems/factory_bot-6.1.0/lib/factory_bot/decorator.rb:21:in `method_missing'[0m
      [36m# /home/ec2-user/.rvm/gems/ruby-2.6.3/gems/factory_bot-6.1.0/lib/factory_bot/internal.rb:70:in `factory_by_name'[0m
      [36m# /home/ec2-user/.rvm/gems/ruby-2.6.3/gems/factory_bot-6.1.0/lib/factory_bot/factory_runner.rb:12:in `run'[0m
      [36m# /home/ec2-user/.rvm/gems/ruby-2.6.3/gems/factory_bot-6.1.0/lib/factory_bot/strategy_syntax_method_registrar.rb:28:in `block in define_singular_strategy_method'[0m
      [36m# ./spec/system/after_login_spec.rb:7:in `block (2 levels) in <main>'[0m
      [36m# ------------------[0m
      [36m# --- Caused by: ---[0m
      [36m# KeyError:[0m
      [36m#   key not found: "wine"[0m
      [36m#   Did you mean?  "wines"[0m
      [36m#   /home/ec2-user/.rvm/gems/ruby-2.6.3/gems/factory_bot-6.1.0/lib/factory_bot/registry.rb:23:in `find'[0m

  32) ãƒ­ã‚°ã‚¤ãƒ³å¾Œã®ãƒ†ã‚¹ãƒˆ ãƒ¦ãƒ¼ã‚¶ä¸€è¦§ç”»é¢ã®ãƒ†ã‚¹ãƒˆ ã‚µã‚¤ãƒ‰ãƒãƒ¼ã®ç¢ºèª æ¥½å¤©APIæ¤œç´¢çª“ã¨æ¤œç´¢ãƒœã‚¿ãƒ³ãŒè¡¨ç¤ºã•ã‚Œã‚‹
      [31mFailure/Error: [0mlet!([33m:wine[0m) { create([33m:wine[0m, [35muser[0m: user) }[0m
      [31m[0m
      [31mKeyError:[0m
      [31m  Factory not registered: "wine"[0m
      [31m  Did you mean?  "wines"[0m
      [36m# /home/ec2-user/.rvm/gems/ruby-2.6.3/gems/factory_bot-6.1.0/lib/factory_bot/registry.rb:23:in `find'[0m
      [36m# /home/ec2-user/.rvm/gems/ruby-2.6.3/gems/factory_bot-6.1.0/lib/factory_bot/decorator.rb:21:in `method_missing'[0m
      [36m# /home/ec2-user/.rvm/gems/ruby-2.6.3/gems/factory_bot-6.1.0/lib/factory_bot/internal.rb:70:in `factory_by_name'[0m
      [36m# /home/ec2-user/.rvm/gems/ruby-2.6.3/gems/factory_bot-6.1.0/lib/factory_bot/factory_runner.rb:12:in `run'[0m
      [36m# /home/ec2-user/.rvm/gems/ruby-2.6.3/gems/factory_bot-6.1.0/lib/factory_bot/strategy_syntax_method_registrar.rb:28:in `block in define_singular_strategy_method'[0m
      [36m# ./spec/system/after_login_spec.rb:7:in `block (2 levels) in <main>'[0m
      [36m# ------------------[0m
      [36m# --- Caused by: ---[0m
      [36m# KeyError:[0m
      [36m#   key not found: "wine"[0m
      [36m#   Did you mean?  "wines"[0m
      [36m#   /home/ec2-user/.rvm/gems/ruby-2.6.3/gems/factory_bot-6.1.0/lib/factory_bot/registry.rb:23:in `find'[0m

  33) ãƒ­ã‚°ã‚¤ãƒ³å¾Œã®ãƒ†ã‚¹ãƒˆ ãƒ¦ãƒ¼ã‚¶ä¸€è¦§ç”»é¢ã®ãƒ†ã‚¹ãƒˆ ã‚µã‚¤ãƒ‰ãƒãƒ¼ã®ç¢ºèª æ¥½å¤©APIæ¤œç´¢è¡¨ç¤ºç”»é¢ã¸ã®ãƒªãƒ³ã‚¯ãŒå­˜åœ¨ã™ã‚‹
      [31mFailure/Error: [0mlet!([33m:wine[0m) { create([33m:wine[0m, [35muser[0m: user) }[0m
      [31m[0m
      [31mKeyError:[0m
      [31m  Factory not registered: "wine"[0m
      [31m  Did you mean?  "wines"[0m
      [36m# /home/ec2-user/.rvm/gems/ruby-2.6.3/gems/factory_bot-6.1.0/lib/factory_bot/registry.rb:23:in `find'[0m
      [36m# /home/ec2-user/.rvm/gems/ruby-2.6.3/gems/factory_bot-6.1.0/lib/factory_bot/decorator.rb:21:in `method_missing'[0m
      [36m# /home/ec2-user/.rvm/gems/ruby-2.6.3/gems/factory_bot-6.1.0/lib/factory_bot/internal.rb:70:in `factory_by_name'[0m
      [36m# /home/ec2-user/.rvm/gems/ruby-2.6.3/gems/factory_bot-6.1.0/lib/factory_bot/factory_runner.rb:12:in `run'[0m
      [36m# /home/ec2-user/.rvm/gems/ruby-2.6.3/gems/factory_bot-6.1.0/lib/factory_bot/strategy_syntax_method_registrar.rb:28:in `block in define_singular_strategy_method'[0m
      [36m# ./spec/system/after_login_spec.rb:7:in `block (2 levels) in <main>'[0m
      [36m# ------------------[0m
      [36m# --- Caused by: ---[0m
      [36m# KeyError:[0m
      [36m#   key not found: "wine"[0m
      [36m#   Did you mean?  "wines"[0m
      [36m#   /home/ec2-user/.rvm/gems/ruby-2.6.3/gems/factory_bot-6.1.0/lib/factory_bot/registry.rb:23:in `find'[0m

  34) ãƒ­ã‚°ã‚¤ãƒ³å¾Œã®ãƒ†ã‚¹ãƒˆ ãƒ¦ãƒ¼ã‚¶ä¸€è¦§ç”»é¢ã®ãƒ†ã‚¹ãƒˆ ã‚µã‚¤ãƒ‰ãƒãƒ¼ã®ç¢ºèª ã€ŒNEW TASTINGã€ã¨è¡¨ç¤ºã•ã‚Œã‚‹
      [31mFailure/Error: [0mlet!([33m:wine[0m) { create([33m:wine[0m, [35muser[0m: user) }[0m
      [31m[0m
      [31mKeyError:[0m
      [31m  Factory not registered: "wine"[0m
      [31m  Did you mean?  "wines"[0m
      [36m# /home/ec2-user/.rvm/gems/ruby-2.6.3/gems/factory_bot-6.1.0/lib/factory_bot/registry.rb:23:in `find'[0m
      [36m# /home/ec2-user/.rvm/gems/ruby-2.6.3/gems/factory_bot-6.1.0/lib/factory_bot/decorator.rb:21:in `method_missing'[0m
      [36m# /home/ec2-user/.rvm/gems/ruby-2.6.3/gems/factory_bot-6.1.0/lib/factory_bot/internal.rb:70:in `factory_by_name'[0m
      [36m# /home/ec2-user/.rvm/gems/ruby-2.6.3/gems/factory_bot-6.1.0/lib/factory_bot/factory_runner.rb:12:in `run'[0m
      [36m# /home/ec2-user/.rvm/gems/ruby-2.6.3/gems/factory_bot-6.1.0/lib/factory_bot/strategy_syntax_method_registrar.rb:28:in `block in define_singular_strategy_method'[0m
      [36m# ./spec/system/after_login_spec.rb:7:in `block (2 levels) in <main>'[0m
      [36m# ------------------[0m
      [36m# --- Caused by: ---[0m
      [36m# KeyError:[0m
      [36m#   key not found: "wine"[0m
      [36m#   Did you mean?  "wines"[0m
      [36m#   /home/ec2-user/.rvm/gems/ruby-2.6.3/gems/factory_bot-6.1.0/lib/factory_bot/registry.rb:23:in `find'[0m

  35) ãƒ­ã‚°ã‚¤ãƒ³å¾Œã®ãƒ†ã‚¹ãƒˆ ãƒ¦ãƒ¼ã‚¶ä¸€è¦§ç”»é¢ã®ãƒ†ã‚¹ãƒˆ ã‚µã‚¤ãƒ‰ãƒãƒ¼ã®ç¢ºèª wine_nameãƒ•ã‚©ãƒ¼ãƒ ãŒè¡¨ç¤ºã•ã‚Œã‚‹
      [31mFailure/Error: [0mlet!([33m:wine[0m) { create([33m:wine[0m, [35muser[0m: user) }[0m
      [31m[0m
      [31mKeyError:[0m
      [31m  Factory not registered: "wine"[0m
      [31m  Did you mean?  "wines"[0m
      [36m# /home/ec2-user/.rvm/gems/ruby-2.6.3/gems/factory_bot-6.1.0/lib/factory_bot/registry.rb:23:in `find'[0m
      [36m# /home/ec2-user/.rvm/gems/ruby-2.6.3/gems/factory_bot-6.1.0/lib/factory_bot/decorator.rb:21:in `method_missing'[0m
      [36m# /home/ec2-user/.rvm/gems/ruby-2.6.3/gems/factory_bot-6.1.0/lib/factory_bot/internal.rb:70:in `factory_by_name'[0m
      [36m# /home/ec2-user/.rvm/gems/ruby-2.6.3/gems/factory_bot-6.1.0/lib/factory_bot/factory_runner.rb:12:in `run'[0m
      [36m# /home/ec2-user/.rvm/gems/ruby-2.6.3/gems/factory_bot-6.1.0/lib/factory_bot/strategy_syntax_method_registrar.rb:28:in `block in define_singular_strategy_method'[0m
      [36m# ./spec/system/after_login_spec.rb:7:in `block (2 levels) in <main>'[0m
      [36m# ------------------[0m
      [36m# --- Caused by: ---[0m
      [36m# KeyError:[0m
      [36m#   key not found: "wine"[0m
      [36m#   Did you mean?  "wines"[0m
      [36m#   /home/ec2-user/.rvm/gems/ruby-2.6.3/gems/factory_bot-6.1.0/lib/factory_bot/registry.rb:23:in `find'[0m

  36) ãƒ­ã‚°ã‚¤ãƒ³å¾Œã®ãƒ†ã‚¹ãƒˆ ãƒ¦ãƒ¼ã‚¶ä¸€è¦§ç”»é¢ã®ãƒ†ã‚¹ãƒˆ ã‚µã‚¤ãƒ‰ãƒãƒ¼ã®ç¢ºèª wine_nameãƒ•ã‚©ãƒ¼ãƒ ã«å€¤ãŒå…¥ã£ã¦ã„ãªã„
      [31mFailure/Error: [0mlet!([33m:wine[0m) { create([33m:wine[0m, [35muser[0m: user) }[0m
      [31m[0m
      [31mKeyError:[0m
      [31m  Factory not registered: "wine"[0m
      [31m  Did you mean?  "wines"[0m
      [36m# /home/ec2-user/.rvm/gems/ruby-2.6.3/gems/factory_bot-6.1.0/lib/factory_bot/registry.rb:23:in `find'[0m
      [36m# /home/ec2-user/.rvm/gems/ruby-2.6.3/gems/factory_bot-6.1.0/lib/factory_bot/decorator.rb:21:in `method_missing'[0m
      [36m# /home/ec2-user/.rvm/gems/ruby-2.6.3/gems/factory_bot-6.1.0/lib/factory_bot/internal.rb:70:in `factory_by_name'[0m
      [36m# /home/ec2-user/.rvm/gems/ruby-2.6.3/gems/factory_bot-6.1.0/lib/factory_bot/factory_runner.rb:12:in `run'[0m
      [36m# /home/ec2-user/.rvm/gems/ruby-2.6.3/gems/factory_bot-6.1.0/lib/factory_bot/strategy_syntax_method_registrar.rb:28:in `block in define_singular_strategy_method'[0m
      [36m# ./spec/system/after_login_spec.rb:7:in `block (2 levels) in <main>'[0m
      [36m# ------------------[0m
      [36m# --- Caused by: ---[0m
      [36m# KeyError:[0m
      [36m#   key not found: "wine"[0m
      [36m#   Did you mean?  "wines"[0m
      [36m#   /home/ec2-user/.rvm/gems/ruby-2.6.3/gems/factory_bot-6.1.0/lib/factory_bot/registry.rb:23:in `find'[0m

  37) ãƒ­ã‚°ã‚¤ãƒ³å¾Œã®ãƒ†ã‚¹ãƒˆ ãƒ¦ãƒ¼ã‚¶ä¸€è¦§ç”»é¢ã®ãƒ†ã‚¹ãƒˆ ã‚µã‚¤ãƒ‰ãƒãƒ¼ã®ç¢ºèª æŠ•ç¨¿ã™ã‚‹ãƒœã‚¿ãƒ³ãŒè¡¨ç¤ºã•ã‚Œã‚‹
      [31mFailure/Error: [0mlet!([33m:wine[0m) { create([33m:wine[0m, [35muser[0m: user) }[0m
      [31m[0m
      [31mKeyError:[0m
      [31m  Factory not registered: "wine"[0m
      [31m  Did you mean?  "wines"[0m
      [36m# /home/ec2-user/.rvm/gems/ruby-2.6.3/gems/factory_bot-6.1.0/lib/factory_bot/registry.rb:23:in `find'[0m
      [36m# /home/ec2-user/.rvm/gems/ruby-2.6.3/gems/factory_bot-6.1.0/lib/factory_bot/decorator.rb:21:in `method_missing'[0m
      [36m# /home/ec2-user/.rvm/gems/ruby-2.6.3/gems/factory_bot-6.1.0/lib/factory_bot/internal.rb:70:in `factory_by_name'[0m
      [36m# /home/ec2-user/.rvm/gems/ruby-2.6.3/gems/factory_bot-6.1.0/lib/factory_bot/factory_runner.rb:12:in `run'[0m
      [36m# /home/ec2-user/.rvm/gems/ruby-2.6.3/gems/factory_bot-6.1.0/lib/factory_bot/strategy_syntax_method_registrar.rb:28:in `block in define_singular_strategy_method'[0m
      [36m# ./spec/system/after_login_spec.rb:7:in `block (2 levels) in <main>'[0m
      [36m# ------------------[0m
      [36m# --- Caused by: ---[0m
      [36m# KeyError:[0m
      [36m#   key not found: "wine"[0m
      [36m#   Did you mean?  "wines"[0m
      [36m#   /home/ec2-user/.rvm/gems/ruby-2.6.3/gems/factory_bot-6.1.0/lib/factory_bot/registry.rb:23:in `find'[0m

  38) ãƒ­ã‚°ã‚¤ãƒ³å¾Œã®ãƒ†ã‚¹ãƒˆ è‡ªåˆ†ã®ãƒ¦ãƒ¼ã‚¶è©³ç´°ç”»é¢ã®ãƒ†ã‚¹ãƒˆ è¡¨ç¤ºã®ç¢ºèª URLãŒæ­£ã—ã„
      [31mFailure/Error: [0mlet!([33m:wine[0m) { create([33m:wine[0m, [35muser[0m: user) }[0m
      [31m[0m
      [31mKeyError:[0m
      [31m  Factory not registered: "wine"[0m
      [31m  Did you mean?  "wines"[0m
      [36m# /home/ec2-user/.rvm/gems/ruby-2.6.3/gems/factory_bot-6.1.0/lib/factory_bot/registry.rb:23:in `find'[0m
      [36m# /home/ec2-user/.rvm/gems/ruby-2.6.3/gems/factory_bot-6.1.0/lib/factory_bot/decorator.rb:21:in `method_missing'[0m
      [36m# /home/ec2-user/.rvm/gems/ruby-2.6.3/gems/factory_bot-6.1.0/lib/factory_bot/internal.rb:70:in `factory_by_name'[0m
      [36m# /home/ec2-user/.rvm/gems/ruby-2.6.3/gems/factory_bot-6.1.0/lib/factory_bot/factory_runner.rb:12:in `run'[0m
      [36m# /home/ec2-user/.rvm/gems/ruby-2.6.3/gems/factory_bot-6.1.0/lib/factory_bot/strategy_syntax_method_registrar.rb:28:in `block in define_singular_strategy_method'[0m
      [36m# ./spec/system/after_login_spec.rb:7:in `block (2 levels) in <main>'[0m
      [36m# ------------------[0m
      [36m# --- Caused by: ---[0m
      [36m# KeyError:[0m
      [36m#   key not found: "wine"[0m
      [36m#   Did you mean?  "wines"[0m
      [36m#   /home/ec2-user/.rvm/gems/ruby-2.6.3/gems/factory_bot-6.1.0/lib/factory_bot/registry.rb:23:in `find'[0m

  39) ãƒ­ã‚°ã‚¤ãƒ³å¾Œã®ãƒ†ã‚¹ãƒˆ è‡ªåˆ†ã®ãƒ¦ãƒ¼ã‚¶è©³ç´°ç”»é¢ã®ãƒ†ã‚¹ãƒˆ è¡¨ç¤ºã®ç¢ºèª æŠ•ç¨¿ä¸€è¦§ã®ãƒ¦ãƒ¼ã‚¶ç”»åƒã®ãƒªãƒ³ã‚¯å…ˆãŒæ­£ã—ã„
      [31mFailure/Error: [0mlet!([33m:wine[0m) { create([33m:wine[0m, [35muser[0m: user) }[0m
      [31m[0m
      [31mKeyError:[0m
      [31m  Factory not registered: "wine"[0m
      [31m  Did you mean?  "wines"[0m
      [36m# /home/ec2-user/.rvm/gems/ruby-2.6.3/gems/factory_bot-6.1.0/lib/factory_bot/registry.rb:23:in `find'[0m
      [36m# /home/ec2-user/.rvm/gems/ruby-2.6.3/gems/factory_bot-6.1.0/lib/factory_bot/decorator.rb:21:in `method_missing'[0m
      [36m# /home/ec2-user/.rvm/gems/ruby-2.6.3/gems/factory_bot-6.1.0/lib/factory_bot/internal.rb:70:in `factory_by_name'[0m
      [36m# /home/ec2-user/.rvm/gems/ruby-2.6.3/gems/factory_bot-6.1.0/lib/factory_bot/factory_runner.rb:12:in `run'[0m
      [36m# /home/ec2-user/.rvm/gems/ruby-2.6.3/gems/factory_bot-6.1.0/lib/factory_bot/strategy_syntax_method_registrar.rb:28:in `block in define_singular_strategy_method'[0m
      [36m# ./spec/system/after_login_spec.rb:7:in `block (2 levels) in <main>'[0m
      [36m# ------------------[0m
      [36m# --- Caused by: ---[0m
      [36m# KeyError:[0m
      [36m#   key not found: "wine"[0m
      [36m#   Did you mean?  "wines"[0m
      [36m#   /home/ec2-user/.rvm/gems/ruby-2.6.3/gems/factory_bot-6.1.0/lib/factory_bot/registry.rb:23:in `find'[0m

  40) ãƒ­ã‚°ã‚¤ãƒ³å¾Œã®ãƒ†ã‚¹ãƒˆ è‡ªåˆ†ã®ãƒ¦ãƒ¼ã‚¶è©³ç´°ç”»é¢ã®ãƒ†ã‚¹ãƒˆ è¡¨ç¤ºã®ç¢ºèª æŠ•ç¨¿ä¸€è¦§ã«è‡ªåˆ†ã®æŠ•ç¨¿ã®wine_nameãŒè¡¨ç¤ºã•ã‚Œã€ãƒªãƒ³ã‚¯ãŒæ­£ã—ã„
      [31mFailure/Error: [0mlet!([33m:wine[0m) { create([33m:wine[0m, [35muser[0m: user) }[0m
      [31m[0m
      [31mKeyError:[0m
      [31m  Factory not registered: "wine"[0m
      [31m  Did you mean?  "wines"[0m
      [36m# /home/ec2-user/.rvm/gems/ruby-2.6.3/gems/factory_bot-6.1.0/lib/factory_bot/registry.rb:23:in `find'[0m
      [36m# /home/ec2-user/.rvm/gems/ruby-2.6.3/gems/factory_bot-6.1.0/lib/factory_bot/decorator.rb:21:in `method_missing'[0m
      [36m# /home/ec2-user/.rvm/gems/ruby-2.6.3/gems/factory_bot-6.1.0/lib/factory_bot/internal.rb:70:in `factory_by_name'[0m
      [36m# /home/ec2-user/.rvm/gems/ruby-2.6.3/gems/factory_bot-6.1.0/lib/factory_bot/factory_runner.rb:12:in `run'[0m
      [36m# /home/ec2-user/.rvm/gems/ruby-2.6.3/gems/factory_bot-6.1.0/lib/factory_bot/strategy_syntax_method_registrar.rb:28:in `block in define_singular_strategy_method'[0m
      [36m# ./spec/system/after_login_spec.rb:7:in `block (2 levels) in <main>'[0m
      [36m# ------------------[0m
      [36m# --- Caused by: ---[0m
      [36m# KeyError:[0m
      [36m#   key not found: "wine"[0m
      [36m#   Did you mean?  "wines"[0m
      [36m#   /home/ec2-user/.rvm/gems/ruby-2.6.3/gems/factory_bot-6.1.0/lib/factory_bot/registry.rb:23:in `find'[0m

  41) ãƒ­ã‚°ã‚¤ãƒ³å¾Œã®ãƒ†ã‚¹ãƒˆ è‡ªåˆ†ã®ãƒ¦ãƒ¼ã‚¶è©³ç´°ç”»é¢ã®ãƒ†ã‚¹ãƒˆ è¡¨ç¤ºã®ç¢ºèª ä»–äººã®æŠ•ç¨¿ã¯è¡¨ç¤ºã•ã‚Œãªã„
      [31mFailure/Error: [0mlet!([33m:wine[0m) { create([33m:wine[0m, [35muser[0m: user) }[0m
      [31m[0m
      [31mKeyError:[0m
      [31m  Factory not registered: "wine"[0m
      [31m  Did you mean?  "wines"[0m
      [36m# /home/ec2-user/.rvm/gems/ruby-2.6.3/gems/factory_bot-6.1.0/lib/factory_bot/registry.rb:23:in `find'[0m
      [36m# /home/ec2-user/.rvm/gems/ruby-2.6.3/gems/factory_bot-6.1.0/lib/factory_bot/decorator.rb:21:in `method_missing'[0m
      [36m# /home/ec2-user/.rvm/gems/ruby-2.6.3/gems/factory_bot-6.1.0/lib/factory_bot/internal.rb:70:in `factory_by_name'[0m
      [36m# /home/ec2-user/.rvm/gems/ruby-2.6.3/gems/factory_bot-6.1.0/lib/factory_bot/factory_runner.rb:12:in `run'[0m
      [36m# /home/ec2-user/.rvm/gems/ruby-2.6.3/gems/factory_bot-6.1.0/lib/factory_bot/strategy_syntax_method_registrar.rb:28:in `block in define_singular_strategy_method'[0m
      [36m# ./spec/system/after_login_spec.rb:7:in `block (2 levels) in <main>'[0m
      [36m# ------------------[0m
      [36m# --- Caused by: ---[0m
      [36m# KeyError:[0m
      [36m#   key not found: "wine"[0m
      [36m#   Did you mean?  "wines"[0m
      [36m#   /home/ec2-user/.rvm/gems/ruby-2.6.3/gems/factory_bot-6.1.0/lib/factory_bot/registry.rb:23:in `find'[0m

  42) ãƒ­ã‚°ã‚¤ãƒ³å¾Œã®ãƒ†ã‚¹ãƒˆ è‡ªåˆ†ã®ãƒ¦ãƒ¼ã‚¶è©³ç´°ç”»é¢ã®ãƒ†ã‚¹ãƒˆ ã‚µã‚¤ãƒ‰ãƒãƒ¼ã®ç¢ºèª æ¥½å¤©APIæ¤œç´¢çª“ã¨æ¤œç´¢ãƒœã‚¿ãƒ³ãŒè¡¨ç¤ºã•ã‚Œã‚‹
      [31mFailure/Error: [0mlet!([33m:wine[0m) { create([33m:wine[0m, [35muser[0m: user) }[0m
      [31m[0m
      [31mKeyError:[0m
      [31m  Factory not registered: "wine"[0m
      [31m  Did you mean?  "wines"[0m
      [36m# /home/ec2-user/.rvm/gems/ruby-2.6.3/gems/factory_bot-6.1.0/lib/factory_bot/registry.rb:23:in `find'[0m
      [36m# /home/ec2-user/.rvm/gems/ruby-2.6.3/gems/factory_bot-6.1.0/lib/factory_bot/decorator.rb:21:in `method_missing'[0m
      [36m# /home/ec2-user/.rvm/gems/ruby-2.6.3/gems/factory_bot-6.1.0/lib/factory_bot/internal.rb:70:in `factory_by_name'[0m
      [36m# /home/ec2-user/.rvm/gems/ruby-2.6.3/gems/factory_bot-6.1.0/lib/factory_bot/factory_runner.rb:12:in `run'[0m
      [36m# /home/ec2-user/.rvm/gems/ruby-2.6.3/gems/factory_bot-6.1.0/lib/factory_bot/strategy_syntax_method_registrar.rb:28:in `block in define_singular_strategy_method'[0m
      [36m# ./spec/system/after_login_spec.rb:7:in `block (2 levels) in <main>'[0m
      [36m# ------------------[0m
      [36m# --- Caused by: ---[0m
      [36m# KeyError:[0m
      [36m#   key not found: "wine"[0m
      [36m#   Did you mean?  "wines"[0m
      [36m#   /home/ec2-user/.rvm/gems/ruby-2.6.3/gems/factory_bot-6.1.0/lib/factory_bot/registry.rb:23:in `find'[0m

  43) ãƒ­ã‚°ã‚¤ãƒ³å¾Œã®ãƒ†ã‚¹ãƒˆ è‡ªåˆ†ã®ãƒ¦ãƒ¼ã‚¶è©³ç´°ç”»é¢ã®ãƒ†ã‚¹ãƒˆ ã‚µã‚¤ãƒ‰ãƒãƒ¼ã®ç¢ºèª æ¥½å¤©APIæ¤œç´¢è¡¨ç¤ºç”»é¢ã¸ã®ãƒªãƒ³ã‚¯ãŒå­˜åœ¨ã™ã‚‹
      [31mFailure/Error: [0mlet!([33m:wine[0m) { create([33m:wine[0m, [35muser[0m: user) }[0m
      [31m[0m
      [31mKeyError:[0m
      [31m  Factory not registered: "wine"[0m
      [31m  Did you mean?  "wines"[0m
      [36m# /home/ec2-user/.rvm/gems/ruby-2.6.3/gems/factory_bot-6.1.0/lib/factory_bot/registry.rb:23:in `find'[0m
      [36m# /home/ec2-user/.rvm/gems/ruby-2.6.3/gems/factory_bot-6.1.0/lib/factory_bot/decorator.rb:21:in `method_missing'[0m
      [36m# /home/ec2-user/.rvm/gems/ruby-2.6.3/gems/factory_bot-6.1.0/lib/factory_bot/internal.rb:70:in `factory_by_name'[0m
      [36m# /home/ec2-user/.rvm/gems/ruby-2.6.3/gems/factory_bot-6.1.0/lib/factory_bot/factory_runner.rb:12:in `run'[0m
      [36m# /home/ec2-user/.rvm/gems/ruby-2.6.3/gems/factory_bot-6.1.0/lib/factory_bot/strategy_syntax_method_registrar.rb:28:in `block in define_singular_strategy_method'[0m
      [36m# ./spec/system/after_login_spec.rb:7:in `block (2 levels) in <main>'[0m
      [36m# ------------------[0m
      [36m# --- Caused by: ---[0m
      [36m# KeyError:[0m
      [36m#   key not found: "wine"[0m
      [36m#   Did you mean?  "wines"[0m
      [36m#   /home/ec2-user/.rvm/gems/ruby-2.6.3/gems/factory_bot-6.1.0/lib/factory_bot/registry.rb:23:in `find'[0m

  44) ãƒ­ã‚°ã‚¤ãƒ³å¾Œã®ãƒ†ã‚¹ãƒˆ è‡ªåˆ†ã®ãƒ¦ãƒ¼ã‚¶è©³ç´°ç”»é¢ã®ãƒ†ã‚¹ãƒˆ ã‚µã‚¤ãƒ‰ãƒãƒ¼ã®ç¢ºèª ã€ŒNEW TASTINGã€ã¨è¡¨ç¤ºã•ã‚Œã‚‹
      [31mFailure/Error: [0mlet!([33m:wine[0m) { create([33m:wine[0m, [35muser[0m: user) }[0m
      [31m[0m
      [31mKeyError:[0m
      [31m  Factory not registered: "wine"[0m
      [31m  Did you mean?  "wines"[0m
      [36m# /home/ec2-user/.rvm/gems/ruby-2.6.3/gems/factory_bot-6.1.0/lib/factory_bot/registry.rb:23:in `find'[0m
      [36m# /home/ec2-user/.rvm/gems/ruby-2.6.3/gems/factory_bot-6.1.0/lib/factory_bot/decorator.rb:21:in `method_missing'[0m
      [36m# /home/ec2-user/.rvm/gems/ruby-2.6.3/gems/factory_bot-6.1.0/lib/factory_bot/internal.rb:70:in `factory_by_name'[0m
      [36m# /home/ec2-user/.rvm/gems/ruby-2.6.3/gems/factory_bot-6.1.0/lib/factory_bot/factory_runner.rb:12:in `run'[0m
      [36m# /home/ec2-user/.rvm/gems/ruby-2.6.3/gems/factory_bot-6.1.0/lib/factory_bot/strategy_syntax_method_registrar.rb:28:in `block in define_singular_strategy_method'[0m
      [36m# ./spec/system/after_login_spec.rb:7:in `block (2 levels) in <main>'[0m
      [36m# ------------------[0m
      [36m# --- Caused by: ---[0m
      [36m# KeyError:[0m
      [36m#   key not found: "wine"[0m
      [36m#   Did you mean?  "wines"[0m
      [36m#   /home/ec2-user/.rvm/gems/ruby-2.6.3/gems/factory_bot-6.1.0/lib/factory_bot/registry.rb:23:in `find'[0m

  45) ãƒ­ã‚°ã‚¤ãƒ³å¾Œã®ãƒ†ã‚¹ãƒˆ è‡ªåˆ†ã®ãƒ¦ãƒ¼ã‚¶è©³ç´°ç”»é¢ã®ãƒ†ã‚¹ãƒˆ ã‚µã‚¤ãƒ‰ãƒãƒ¼ã®ç¢ºèª wine_nameãƒ•ã‚©ãƒ¼ãƒ ãŒè¡¨ç¤ºã•ã‚Œã‚‹
      [31mFailure/Error: [0mlet!([33m:wine[0m) { create([33m:wine[0m, [35muser[0m: user) }[0m
      [31m[0m
      [31mKeyError:[0m
      [31m  Factory not registered: "wine"[0m
      [31m  Did you mean?  "wines"[0m
      [36m# /home/ec2-user/.rvm/gems/ruby-2.6.3/gems/factory_bot-6.1.0/lib/factory_bot/registry.rb:23:in `find'[0m
      [36m# /home/ec2-user/.rvm/gems/ruby-2.6.3/gems/factory_bot-6.1.0/lib/factory_bot/decorator.rb:21:in `method_missing'[0m
      [36m# /home/ec2-user/.rvm/gems/ruby-2.6.3/gems/factory_bot-6.1.0/lib/factory_bot/internal.rb:70:in `factory_by_name'[0m
      [36m# /home/ec2-user/.rvm/gems/ruby-2.6.3/gems/factory_bot-6.1.0/lib/factory_bot/factory_runner.rb:12:in `run'[0m
      [36m# /home/ec2-user/.rvm/gems/ruby-2.6.3/gems/factory_bot-6.1.0/lib/factory_bot/strategy_syntax_method_registrar.rb:28:in `block in define_singular_strategy_method'[0m
      [36m# ./spec/system/after_login_spec.rb:7:in `block (2 levels) in <main>'[0m
      [36m# ------------------[0m
      [36m# --- Caused by: ---[0m
      [36m# KeyError:[0m
      [36m#   key not found: "wine"[0m
      [36m#   Did you mean?  "wines"[0m
      [36m#   /home/ec2-user/.rvm/gems/ruby-2.6.3/gems/factory_bot-6.1.0/lib/factory_bot/registry.rb:23:in `find'[0m

  46) ãƒ­ã‚°ã‚¤ãƒ³å¾Œã®ãƒ†ã‚¹ãƒˆ è‡ªåˆ†ã®ãƒ¦ãƒ¼ã‚¶è©³ç´°ç”»é¢ã®ãƒ†ã‚¹ãƒˆ ã‚µã‚¤ãƒ‰ãƒãƒ¼ã®ç¢ºèª wine_nameãƒ•ã‚©ãƒ¼ãƒ ã«å€¤ãŒå…¥ã£ã¦ã„ãªã„
      [31mFailure/Error: [0mlet!([33m:wine[0m) { create([33m:wine[0m, [35muser[0m: user) }[0m
      [31m[0m
      [31mKeyError:[0m
      [31m  Factory not registered: "wine"[0m
      [31m  Did you mean?  "wines"[0m
      [36m# /home/ec2-user/.rvm/gems/ruby-2.6.3/gems/factory_bot-6.1.0/lib/factory_bot/registry.rb:23:in `find'[0m
      [36m# /home/ec2-user/.rvm/gems/ruby-2.6.3/gems/factory_bot-6.1.0/lib/factory_bot/decorator.rb:21:in `method_missing'[0m
      [36m# /home/ec2-user/.rvm/gems/ruby-2.6.3/gems/factory_bot-6.1.0/lib/factory_bot/internal.rb:70:in `factory_by_name'[0m
      [36m# /home/ec2-user/.rvm/gems/ruby-2.6.3/gems/factory_bot-6.1.0/lib/factory_bot/factory_runner.rb:12:in `run'[0m
      [36m# /home/ec2-user/.rvm/gems/ruby-2.6.3/gems/factory_bot-6.1.0/lib/factory_bot/strategy_syntax_method_registrar.rb:28:in `block in define_singular_strategy_method'[0m
      [36m# ./spec/system/after_login_spec.rb:7:in `block (2 levels) in <main>'[0m
      [36m# ------------------[0m
      [36m# --- Caused by: ---[0m
      [36m# KeyError:[0m
      [36m#   key not found: "wine"[0m
      [36m#   Did you mean?  "wines"[0m
      [36m#   /home/ec2-user/.rvm/gems/ruby-2.6.3/gems/factory_bot-6.1.0/lib/factory_bot/registry.rb:23:in `find'[0m

  47) ãƒ­ã‚°ã‚¤ãƒ³å¾Œã®ãƒ†ã‚¹ãƒˆ è‡ªåˆ†ã®ãƒ¦ãƒ¼ã‚¶è©³ç´°ç”»é¢ã®ãƒ†ã‚¹ãƒˆ ã‚µã‚¤ãƒ‰ãƒãƒ¼ã®ç¢ºèª æŠ•ç¨¿ã™ã‚‹ãƒœã‚¿ãƒ³ãŒè¡¨ç¤ºã•ã‚Œã‚‹
      [31mFailure/Error: [0mlet!([33m:wine[0m) { create([33m:wine[0m, [35muser[0m: user) }[0m
      [31m[0m
      [31mKeyError:[0m
      [31m  Factory not registered: "wine"[0m
      [31m  Did you mean?  "wines"[0m
      [36m# /home/ec2-user/.rvm/gems/ruby-2.6.3/gems/factory_bot-6.1.0/lib/factory_bot/registry.rb:23:in `find'[0m
      [36m# /home/ec2-user/.rvm/gems/ruby-2.6.3/gems/factory_bot-6.1.0/lib/factory_bot/decorator.rb:21:in `method_missing'[0m
      [36m# /home/ec2-user/.rvm/gems/ruby-2.6.3/gems/factory_bot-6.1.0/lib/factory_bot/internal.rb:70:in `factory_by_name'[0m
      [36m# /home/ec2-user/.rvm/gems/ruby-2.6.3/gems/factory_bot-6.1.0/lib/factory_bot/factory_runner.rb:12:in `run'[0m
      [36m# /home/ec2-user/.rvm/gems/ruby-2.6.3/gems/factory_bot-6.1.0/lib/factory_bot/strategy_syntax_method_registrar.rb:28:in `block in define_singular_strategy_method'[0m
      [36m# ./spec/system/after_login_spec.rb:7:in `block (2 levels) in <main>'[0m
      [36m# ------------------[0m
      [36m# --- Caused by: ---[0m
      [36m# KeyError:[0m
      [36m#   key not found: "wine"[0m
      [36m#   Did you mean?  "wines"[0m
      [36m#   /home/ec2-user/.rvm/gems/ruby-2.6.3/gems/factory_bot-6.1.0/lib/factory_bot/registry.rb:23:in `find'[0m

  48) ãƒ­ã‚°ã‚¤ãƒ³å¾Œã®ãƒ†ã‚¹ãƒˆ è‡ªåˆ†ã®ãƒ¦ãƒ¼ã‚¶æƒ…å ±ç·¨é›†ç”»é¢ã®ãƒ†ã‚¹ãƒˆ è¡¨ç¤ºã®ç¢ºèª URLãŒæ­£ã—ã„
      [31mFailure/Error: [0mlet!([33m:wine[0m) { create([33m:wine[0m, [35muser[0m: user) }[0m
      [31m[0m
      [31mKeyError:[0m
      [31m  Factory not registered: "wine"[0m
      [31m  Did you mean?  "wines"[0m
      [36m# /home/ec2-user/.rvm/gems/ruby-2.6.3/gems/factory_bot-6.1.0/lib/factory_bot/registry.rb:23:in `find'[0m
      [36m# /home/ec2-user/.rvm/gems/ruby-2.6.3/gems/factory_bot-6.1.0/lib/factory_bot/decorator.rb:21:in `method_missing'[0m
      [36m# /home/ec2-user/.rvm/gems/ruby-2.6.3/gems/factory_bot-6.1.0/lib/factory_bot/internal.rb:70:in `factory_by_name'[0m
      [36m# /home/ec2-user/.rvm/gems/ruby-2.6.3/gems/factory_bot-6.1.0/lib/factory_bot/factory_runner.rb:12:in `run'[0m
      [36m# /home/ec2-user/.rvm/gems/ruby-2.6.3/gems/factory_bot-6.1.0/lib/factory_bot/strategy_syntax_method_registrar.rb:28:in `block in define_singular_strategy_method'[0m
      [36m# ./spec/system/after_login_spec.rb:7:in `block (2 levels) in <main>'[0m
      [36m# ------------------[0m
      [36m# --- Caused by: ---[0m
      [36m# KeyError:[0m
      [36m#   key not found: "wine"[0m
      [36m#   Did you mean?  "wines"[0m
      [36m#   /home/ec2-user/.rvm/gems/ruby-2.6.3/gems/factory_bot-6.1.0/lib/factory_bot/registry.rb:23:in `find'[0m

  49) ãƒ­ã‚°ã‚¤ãƒ³å¾Œã®ãƒ†ã‚¹ãƒˆ è‡ªåˆ†ã®ãƒ¦ãƒ¼ã‚¶æƒ…å ±ç·¨é›†ç”»é¢ã®ãƒ†ã‚¹ãƒˆ è¡¨ç¤ºã®ç¢ºèª åå‰ç·¨é›†ãƒ•ã‚©ãƒ¼ãƒ ã«è‡ªåˆ†ã®åå‰ãŒè¡¨ç¤ºã•ã‚Œã‚‹
      [31mFailure/Error: [0mlet!([33m:wine[0m) { create([33m:wine[0m, [35muser[0m: user) }[0m
      [31m[0m
      [31mKeyError:[0m
      [31m  Factory not registered: "wine"[0m
      [31m  Did you mean?  "wines"[0m
      [36m# /home/ec2-user/.rvm/gems/ruby-2.6.3/gems/factory_bot-6.1.0/lib/factory_bot/registry.rb:23:in `find'[0m
      [36m# /home/ec2-user/.rvm/gems/ruby-2.6.3/gems/factory_bot-6.1.0/lib/factory_bot/decorator.rb:21:in `method_missing'[0m
      [36m# /home/ec2-user/.rvm/gems/ruby-2.6.3/gems/factory_bot-6.1.0/lib/factory_bot/internal.rb:70:in `factory_by_name'[0m
      [36m# /home/ec2-user/.rvm/gems/ruby-2.6.3/gems/factory_bot-6.1.0/lib/factory_bot/factory_runner.rb:12:in `run'[0m
      [36m# /home/ec2-user/.rvm/gems/ruby-2.6.3/gems/factory_bot-6.1.0/lib/factory_bot/strategy_syntax_method_registrar.rb:28:in `block in define_singular_strategy_method'[0m
      [36m# ./spec/system/after_login_spec.rb:7:in `block (2 levels) in <main>'[0m
      [36m# ------------------[0m
      [36m# --- Caused by: ---[0m
      [36m# KeyError:[0m
      [36m#   key not found: "wine"[0m
      [36m#   Did you mean?  "wines"[0m
      [36m#   /home/ec2-user/.rvm/gems/ruby-2.6.3/gems/factory_bot-6.1.0/lib/factory_bot/registry.rb:23:in `find'[0m

  50) ãƒ­ã‚°ã‚¤ãƒ³å¾Œã®ãƒ†ã‚¹ãƒˆ è‡ªåˆ†ã®ãƒ¦ãƒ¼ã‚¶æƒ…å ±ç·¨é›†ç”»é¢ã®ãƒ†ã‚¹ãƒˆ è¡¨ç¤ºã®ç¢ºèª ç”»åƒç·¨é›†ãƒ•ã‚©ãƒ¼ãƒ ãŒè¡¨ç¤ºã•ã‚Œã‚‹
      [31mFailure/Error: [0mlet!([33m:wine[0m) { create([33m:wine[0m, [35muser[0m: user) }[0m
      [31m[0m
      [31mKeyError:[0m
      [31m  Factory not registered: "wine"[0m
      [31m  Did you mean?  "wines"[0m
      [36m# /home/ec2-user/.rvm/gems/ruby-2.6.3/gems/factory_bot-6.1.0/lib/factory_bot/registry.rb:23:in `find'[0m
      [36m# /home/ec2-user/.rvm/gems/ruby-2.6.3/gems/factory_bot-6.1.0/lib/factory_bot/decorator.rb:21:in `method_missing'[0m
      [36m# /home/ec2-user/.rvm/gems/ruby-2.6.3/gems/factory_bot-6.1.0/lib/factory_bot/internal.rb:70:in `factory_by_name'[0m
      [36m# /home/ec2-user/.rvm/gems/ruby-2.6.3/gems/factory_bot-6.1.0/lib/factory_bot/factory_runner.rb:12:in `run'[0m
      [36m# /home/ec2-user/.rvm/gems/ruby-2.6.3/gems/factory_bot-6.1.0/lib/factory_bot/strategy_syntax_method_registrar.rb:28:in `block in define_singular_strategy_method'[0m
      [36m# ./spec/system/after_login_spec.rb:7:in `block (2 levels) in <main>'[0m
      [36m# ------------------[0m
      [36m# --- Caused by: ---[0m
      [36m# KeyError:[0m
      [36m#   key not found: "wine"[0m
      [36m#   Did you mean?  "wines"[0m
      [36m#   /home/ec2-user/.rvm/gems/ruby-2.6.3/gems/factory_bot-6.1.0/lib/factory_bot/registry.rb:23:in `find'[0m

  51) ãƒ­ã‚°ã‚¤ãƒ³å¾Œã®ãƒ†ã‚¹ãƒˆ è‡ªåˆ†ã®ãƒ¦ãƒ¼ã‚¶æƒ…å ±ç·¨é›†ç”»é¢ã®ãƒ†ã‚¹ãƒˆ è¡¨ç¤ºã®ç¢ºèª å¤‰æ›´ã™ã‚‹ãƒœã‚¿ãƒ³ãŒè¡¨ç¤ºã•ã‚Œã‚‹
      [31mFailure/Error: [0mlet!([33m:wine[0m) { create([33m:wine[0m, [35muser[0m: user) }[0m
      [31m[0m
      [31mKeyError:[0m
      [31m  Factory not registered: "wine"[0m
      [31m  Did you mean?  "wines"[0m
      [36m# /home/ec2-user/.rvm/gems/ruby-2.6.3/gems/factory_bot-6.1.0/lib/factory_bot/registry.rb:23:in `find'[0m
      [36m# /home/ec2-user/.rvm/gems/ruby-2.6.3/gems/factory_bot-6.1.0/lib/factory_bot/decorator.rb:21:in `method_missing'[0m
      [36m# /home/ec2-user/.rvm/gems/ruby-2.6.3/gems/factory_bot-6.1.0/lib/factory_bot/internal.rb:70:in `factory_by_name'[0m
      [36m# /home/ec2-user/.rvm/gems/ruby-2.6.3/gems/factory_bot-6.1.0/lib/factory_bot/factory_runner.rb:12:in `run'[0m
      [36m# /home/ec2-user/.rvm/gems/ruby-2.6.3/gems/factory_bot-6.1.0/lib/factory_bot/strategy_syntax_method_registrar.rb:28:in `block in define_singular_strategy_method'[0m
      [36m# ./spec/system/after_login_spec.rb:7:in `block (2 levels) in <main>'[0m
      [36m# ------------------[0m
      [36m# --- Caused by: ---[0m
      [36m# KeyError:[0m
      [36m#   key not found: "wine"[0m
      [36m#   Did you mean?  "wines"[0m
      [36m#   /home/ec2-user/.rvm/gems/ruby-2.6.3/gems/factory_bot-6.1.0/lib/factory_bot/registry.rb:23:in `find'[0m

  52) ãƒ­ã‚°ã‚¤ãƒ³å¾Œã®ãƒ†ã‚¹ãƒˆ è‡ªåˆ†ã®ãƒ¦ãƒ¼ã‚¶æƒ…å ±ç·¨é›†ç”»é¢ã®ãƒ†ã‚¹ãƒˆ æ›´æ–°æˆåŠŸã®ãƒ†ã‚¹ãƒˆ nameãŒæ­£ã—ãæ›´æ–°ã•ã‚Œã‚‹
      [31mFailure/Error: [0mlet!([33m:wine[0m) { create([33m:wine[0m, [35muser[0m: user) }[0m
      [31m[0m
      [31mKeyError:[0m
      [31m  Factory not registered: "wine"[0m
      [31m  Did you mean?  "wines"[0m
      [36m# /home/ec2-user/.rvm/gems/ruby-2.6.3/gems/factory_bot-6.1.0/lib/factory_bot/registry.rb:23:in `find'[0m
      [36m# /home/ec2-user/.rvm/gems/ruby-2.6.3/gems/factory_bot-6.1.0/lib/factory_bot/decorator.rb:21:in `method_missing'[0m
      [36m# /home/ec2-user/.rvm/gems/ruby-2.6.3/gems/factory_bot-6.1.0/lib/factory_bot/internal.rb:70:in `factory_by_name'[0m
      [36m# /home/ec2-user/.rvm/gems/ruby-2.6.3/gems/factory_bot-6.1.0/lib/factory_bot/factory_runner.rb:12:in `run'[0m
      [36m# /home/ec2-user/.rvm/gems/ruby-2.6.3/gems/factory_bot-6.1.0/lib/factory_bot/strategy_syntax_method_registrar.rb:28:in `block in define_singular_strategy_method'[0m
      [36m# ./spec/system/after_login_spec.rb:7:in `block (2 levels) in <main>'[0m
      [36m# ------------------[0m
      [36m# --- Caused by: ---[0m
      [36m# KeyError:[0m
      [36m#   key not found: "wine"[0m
      [36m#   Did you mean?  "wines"[0m
      [36m#   /home/ec2-user/.rvm/gems/ruby-2.6.3/gems/factory_bot-6.1.0/lib/factory_bot/registry.rb:23:in `find'[0m

  53) ãƒ­ã‚°ã‚¤ãƒ³å¾Œã®ãƒ†ã‚¹ãƒˆ è‡ªåˆ†ã®ãƒ¦ãƒ¼ã‚¶æƒ…å ±ç·¨é›†ç”»é¢ã®ãƒ†ã‚¹ãƒˆ æ›´æ–°æˆåŠŸã®ãƒ†ã‚¹ãƒˆ ãƒªãƒ€ã‚¤ãƒ¬ã‚¯ãƒˆå…ˆãŒã€è‡ªåˆ†ã®ãƒ¦ãƒ¼ã‚¶è©³ç´°ç”»é¢ã«ãªã£ã¦ã„ã‚‹
      [31mFailure/Error: [0mlet!([33m:wine[0m) { create([33m:wine[0m, [35muser[0m: user) }[0m
      [31m[0m
      [31mKeyError:[0m
      [31m  Factory not registered: "wine"[0m
      [31m  Did you mean?  "wines"[0m
      [36m# /home/ec2-user/.rvm/gems/ruby-2.6.3/gems/factory_bot-6.1.0/lib/factory_bot/registry.rb:23:in `find'[0m
      [36m# /home/ec2-user/.rvm/gems/ruby-2.6.3/gems/factory_bot-6.1.0/lib/factory_bot/decorator.rb:21:in `method_missing'[0m
      [36m# /home/ec2-user/.rvm/gems/ruby-2.6.3/gems/factory_bot-6.1.0/lib/factory_bot/internal.rb:70:in `factory_by_name'[0m
      [36m# /home/ec2-user/.rvm/gems/ruby-2.6.3/gems/factory_bot-6.1.0/lib/factory_bot/factory_runner.rb:12:in `run'[0m
      [36m# /home/ec2-user/.rvm/gems/ruby-2.6.3/gems/factory_bot-6.1.0/lib/factory_bot/strategy_syntax_method_registrar.rb:28:in `block in define_singular_strategy_method'[0m
      [36m# ./spec/system/after_login_spec.rb:7:in `block (2 levels) in <main>'[0m
      [36m# ------------------[0m
      [36m# --- Caused by: ---[0m
      [36m# KeyError:[0m
      [36m#   key not found: "wine"[0m
      [36m#   Did you mean?  "wines"[0m
      [36m#   /home/ec2-user/.rvm/gems/ruby-2.6.3/gems/factory_bot-6.1.0/lib/factory_bot/registry.rb:23:in `find'[0m

  54) ãƒ­ã‚°ã‚¤ãƒ³å‰ã®ãƒ†ã‚¹ãƒˆ ãƒˆãƒƒãƒ—ç”»é¢ã®ãƒ†ã‚¹ãƒˆ è¡¨ç¤ºå†…å®¹ã®ç¢ºèª URLãŒæ­£ã—ã„
      [31mGot 0 failures and 2 other errors:[0m

      54.1) [31mFailure/Error: [0mvisit root_path[0m
            [31m[0m
            [31mLoadError:[0m
            [31m  Capybara's selenium driver is unable to load `selenium-webdriver`, please install the gem and add `gem 'selenium-webdriver'` to your Gemfile if you are using bundler.[0m
            [36m# /home/ec2-user/.rvm/gems/ruby-2.6.3/gems/capybara-3.35.3/lib/capybara/selenium/driver.rb:54:in `rescue in load_selenium'[0m
            [36m# /home/ec2-user/.rvm/gems/ruby-2.6.3/gems/capybara-3.35.3/lib/capybara/selenium/driver.rb:22:in `load_selenium'[0m
            [36m# /home/ec2-user/.rvm/gems/ruby-2.6.3/gems/capybara-3.35.3/lib/capybara/selenium/driver.rb:94:in `initialize'[0m
            [36m# /home/ec2-user/.rvm/gems/ruby-2.6.3/gems/capybara-3.35.3/lib/capybara/session.rb:104:in `driver'[0m
            [36m# /home/ec2-user/.rvm/gems/ruby-2.6.3/gems/capybara-3.35.3/lib/capybara/session.rb:90:in `initialize'[0m
            [36m# /home/ec2-user/.rvm/gems/ruby-2.6.3/gems/capybara-3.35.3/lib/capybara.rb:424:in `new'[0m
            [36m# /home/ec2-user/.rvm/gems/ruby-2.6.3/gems/capybara-3.35.3/lib/capybara.rb:424:in `block in session_pool'[0m
            [36m# /home/ec2-user/.rvm/gems/ruby-2.6.3/gems/capybara-3.35.3/lib/capybara.rb:315:in `current_session'[0m
            [36m# /home/ec2-user/.rvm/gems/ruby-2.6.3/gems/capybara-3.35.3/lib/capybara/dsl.rb:46:in `page'[0m
            [36m# /home/ec2-user/.rvm/gems/ruby-2.6.3/gems/capybara-3.35.3/lib/capybara/dsl.rb:58:in `block (2 levels) in <module:DSL>'[0m
            [36m# ./spec/system/before_login_spec.rb:6:in `block (3 levels) in <main>'[0m
            [36m# ------------------[0m
            [36m# --- Caused by: ---[0m
            [36m# LoadError:[0m
            [36m#   cannot load such file -- selenium-webdriver[0m
            [36m#   /home/ec2-user/.rvm/gems/ruby-2.6.3/gems/bootsnap-1.7.3/lib/bootsnap/load_path_cache/core_ext/kernel_require.rb:34:in `require'[0m

      54.2) [31mFailure/Error: [0mraise [1;34;4mLoadError[0m, [31m[1;31m"[0m[31mCapybara's selenium driver is unable to load `selenium-webdriver`, please install the gem and add `gem 'selenium-webdriver'` to your Gemfile if you are using bundler.[1;31m"[0m[31m[0m[0m
            [31m[0m
            [31mLoadError:[0m
            [31m  Capybara's selenium driver is unable to load `selenium-webdriver`, please install the gem and add `gem 'selenium-webdriver'` to your Gemfile if you are using bundler.[0m
            [36m# /home/ec2-user/.rvm/gems/ruby-2.6.3/gems/capybara-3.35.3/lib/capybara/selenium/driver.rb:54:in `rescue in load_selenium'[0m
            [36m# /home/ec2-user/.rvm/gems/ruby-2.6.3/gems/capybara-3.35.3/lib/capybara/selenium/driver.rb:22:in `load_selenium'[0m
            [36m# /home/ec2-user/.rvm/gems/ruby-2.6.3/gems/capybara-3.35.3/lib/capybara/selenium/driver.rb:94:in `initialize'[0m
            [36m# /home/ec2-user/.rvm/gems/ruby-2.6.3/gems/capybara-3.35.3/lib/capybara/session.rb:104:in `driver'[0m
            [36m# /home/ec2-user/.rvm/gems/ruby-2.6.3/gems/capybara-3.35.3/lib/capybara/session.rb:90:in `initialize'[0m
            [36m# /home/ec2-user/.rvm/gems/ruby-2.6.3/gems/capybara-3.35.3/lib/capybara.rb:424:in `new'[0m
            [36m# /home/ec2-user/.rvm/gems/ruby-2.6.3/gems/capybara-3.35.3/lib/capybara.rb:424:in `block in session_pool'[0m
            [36m# /home/ec2-user/.rvm/gems/ruby-2.6.3/gems/capybara-3.35.3/lib/capybara.rb:315:in `current_session'[0m
            [36m# /home/ec2-user/.rvm/gems/ruby-2.6.3/gems/capybara-3.35.3/lib/capybara/dsl.rb:46:in `page'[0m
            [36m# ------------------[0m
            [36m# --- Caused by: ---[0m
            [36m# LoadError:[0m
            [36m#   cannot load such file -- selenium-webdriver[0m
            [36m#   /home/ec2-user/.rvm/gems/ruby-2.6.3/gems/bootsnap-1.7.3/lib/bootsnap/load_path_cache/core_ext/kernel_require.rb:34:in `require'[0m

  55) ãƒ­ã‚°ã‚¤ãƒ³å‰ã®ãƒ†ã‚¹ãƒˆ ãƒˆãƒƒãƒ—ç”»é¢ã®ãƒ†ã‚¹ãƒˆ è¡¨ç¤ºå†…å®¹ã®ç¢ºèª Sign Upãƒªãƒ³ã‚¯ãŒè¡¨ç¤ºã•ã‚Œã‚‹: å·¦ä¸Šã‹ã‚‰3ç•ªç›®ã®ãƒªãƒ³ã‚¯ãŒã€ŒSign Upã€ã§ã‚ã‚‹
      [31mGot 0 failures and 2 other errors:[0m

      55.1) [31mFailure/Error: [0mvisit root_path[0m
            [31m[0m
            [31mLoadError:[0m
            [31m  Capybara's selenium driver is unable to load `selenium-webdriver`, please install the gem and add `gem 'selenium-webdriver'` to your Gemfile if you are using bundler.[0m
            [36m# /home/ec2-user/.rvm/gems/ruby-2.6.3/gems/capybara-3.35.3/lib/capybara/selenium/driver.rb:54:in `rescue in load_selenium'[0m
            [36m# /home/ec2-user/.rvm/gems/ruby-2.6.3/gems/capybara-3.35.3/lib/capybara/selenium/driver.rb:22:in `load_selenium'[0m
            [36m# /home/ec2-user/.rvm/gems/ruby-2.6.3/gems/capybara-3.35.3/lib/capybara/selenium/driver.rb:94:in `initialize'[0m
            [36m# /home/ec2-user/.rvm/gems/ruby-2.6.3/gems/capybara-3.35.3/lib/capybara/session.rb:104:in `driver'[0m
            [36m# /home/ec2-user/.rvm/gems/ruby-2.6.3/gems/capybara-3.35.3/lib/capybara/session.rb:90:in `initialize'[0m
            [36m# /home/ec2-user/.rvm/gems/ruby-2.6.3/gems/capybara-3.35.3/lib/capybara.rb:424:in `new'[0m
            [36m# /home/ec2-user/.rvm/gems/ruby-2.6.3/gems/capybara-3.35.3/lib/capybara.rb:424:in `block in session_pool'[0m
            [36m# /home/ec2-user/.rvm/gems/ruby-2.6.3/gems/capybara-3.35.3/lib/capybara.rb:315:in `current_session'[0m
            [36m# /home/ec2-user/.rvm/gems/ruby-2.6.3/gems/capybara-3.35.3/lib/capybara/dsl.rb:46:in `page'[0m
            [36m# /home/ec2-user/.rvm/gems/ruby-2.6.3/gems/capybara-3.35.3/lib/capybara/dsl.rb:58:in `block (2 levels) in <module:DSL>'[0m
            [36m# ./spec/system/before_login_spec.rb:6:in `block (3 levels) in <main>'[0m
            [36m# ------------------[0m
            [36m# --- Caused by: ---[0m
            [36m# LoadError:[0m
            [36m#   cannot load such file -- selenium-webdriver[0m
            [36m#   /home/ec2-user/.rvm/gems/ruby-2.6.3/gems/bootsnap-1.7.3/lib/bootsnap/load_path_cache/core_ext/kernel_require.rb:34:in `require'[0m

      55.2) [31mFailure/Error: [0mraise [1;34;4mLoadError[0m, [31m[1;31m"[0m[31mCapybara's selenium driver is unable to load `selenium-webdriver`, please install the gem and add `gem 'selenium-webdriver'` to your Gemfile if you are using bundler.[1;31m"[0m[31m[0m[0m
            [31m[0m
            [31mLoadError:[0m
            [31m  Capybara's selenium driver is unable to load `selenium-webdriver`, please install the gem and add `gem 'selenium-webdriver'` to your Gemfile if you are using bundler.[0m
            [36m# /home/ec2-user/.rvm/gems/ruby-2.6.3/gems/capybara-3.35.3/lib/capybara/selenium/driver.rb:54:in `rescue in load_selenium'[0m
            [36m# /home/ec2-user/.rvm/gems/ruby-2.6.3/gems/capybara-3.35.3/lib/capybara/selenium/driver.rb:22:in `load_selenium'[0m
            [36m# /home/ec2-user/.rvm/gems/ruby-2.6.3/gems/capybara-3.35.3/lib/capybara/selenium/driver.rb:94:in `initialize'[0m
            [36m# /home/ec2-user/.rvm/gems/ruby-2.6.3/gems/capybara-3.35.3/lib/capybara/session.rb:104:in `driver'[0m
            [36m# /home/ec2-user/.rvm/gems/ruby-2.6.3/gems/capybara-3.35.3/lib/capybara/session.rb:90:in `initialize'[0m
            [36m# /home/ec2-user/.rvm/gems/ruby-2.6.3/gems/capybara-3.35.3/lib/capybara.rb:424:in `new'[0m
            [36m# /home/ec2-user/.rvm/gems/ruby-2.6.3/gems/capybara-3.35.3/lib/capybara.rb:424:in `block in session_pool'[0m
            [36m# /home/ec2-user/.rvm/gems/ruby-2.6.3/gems/capybara-3.35.3/lib/capybara.rb:315:in `current_session'[0m
            [36m# /home/ec2-user/.rvm/gems/ruby-2.6.3/gems/capybara-3.35.3/lib/capybara/dsl.rb:46:in `page'[0m
            [36m# ------------------[0m
            [36m# --- Caused by: ---[0m
            [36m# LoadError:[0m
            [36m#   cannot load such file -- selenium-webdriver[0m
            [36m#   /home/ec2-user/.rvm/gems/ruby-2.6.3/gems/bootsnap-1.7.3/lib/bootsnap/load_path_cache/core_ext/kernel_require.rb:34:in `require'[0m

  56) ãƒ­ã‚°ã‚¤ãƒ³å‰ã®ãƒ†ã‚¹ãƒˆ ãƒˆãƒƒãƒ—ç”»é¢ã®ãƒ†ã‚¹ãƒˆ è¡¨ç¤ºå†…å®¹ã®ç¢ºèª Sign Upãƒªãƒ³ã‚¯ã®å†…å®¹ãŒæ­£ã—ã„
      [31mGot 0 failures and 2 other errors:[0m

      56.1) [31mFailure/Error: [0mvisit root_path[0m
            [31m[0m
            [31mLoadError:[0m
            [31m  Capybara's selenium driver is unable to load `selenium-webdriver`, please install the gem and add `gem 'selenium-webdriver'` to your Gemfile if you are using bundler.[0m
            [36m# /home/ec2-user/.rvm/gems/ruby-2.6.3/gems/capybara-3.35.3/lib/capybara/selenium/driver.rb:54:in `rescue in load_selenium'[0m
            [36m# /home/ec2-user/.rvm/gems/ruby-2.6.3/gems/capybara-3.35.3/lib/capybara/selenium/driver.rb:22:in `load_selenium'[0m
            [36m# /home/ec2-user/.rvm/gems/ruby-2.6.3/gems/capybara-3.35.3/lib/capybara/selenium/driver.rb:94:in `initialize'[0m
            [36m# /home/ec2-user/.rvm/gems/ruby-2.6.3/gems/capybara-3.35.3/lib/capybara/session.rb:104:in `driver'[0m
            [36m# /home/ec2-user/.rvm/gems/ruby-2.6.3/gems/capybara-3.35.3/lib/capybara/session.rb:90:in `initialize'[0m
            [36m# /home/ec2-user/.rvm/gems/ruby-2.6.3/gems/capybara-3.35.3/lib/capybara.rb:424:in `new'[0m
            [36m# /home/ec2-user/.rvm/gems/ruby-2.6.3/gems/capybara-3.35.3/lib/capybara.rb:424:in `block in session_pool'[0m
            [36m# /home/ec2-user/.rvm/gems/ruby-2.6.3/gems/capybara-3.35.3/lib/capybara.rb:315:in `current_session'[0m
            [36m# /home/ec2-user/.rvm/gems/ruby-2.6.3/gems/capybara-3.35.3/lib/capybara/dsl.rb:46:in `page'[0m
            [36m# /home/ec2-user/.rvm/gems/ruby-2.6.3/gems/capybara-3.35.3/lib/capybara/dsl.rb:58:in `block (2 levels) in <module:DSL>'[0m
            [36m# ./spec/system/before_login_spec.rb:6:in `block (3 levels) in <main>'[0m
            [36m# ------------------[0m
            [36m# --- Caused by: ---[0m
            [36m# LoadError:[0m
            [36m#   cannot load such file -- selenium-webdriver[0m
            [36m#   /home/ec2-user/.rvm/gems/ruby-2.6.3/gems/bootsnap-1.7.3/lib/bootsnap/load_path_cache/core_ext/kernel_require.rb:34:in `require'[0m

      56.2) [31mFailure/Error: [0mraise [1;34;4mLoadError[0m, [31m[1;31m"[0m[31mCapybara's selenium driver is unable to load `selenium-webdriver`, please install the gem and add `gem 'selenium-webdriver'` to your Gemfile if you are using bundler.[1;31m"[0m[31m[0m[0m
            [31m[0m
            [31mLoadError:[0m
            [31m  Capybara's selenium driver is unable to load `selenium-webdriver`, please install the gem and add `gem 'selenium-webdriver'` to your Gemfile if you are using bundler.[0m
            [36m# /home/ec2-user/.rvm/gems/ruby-2.6.3/gems/capybara-3.35.3/lib/capybara/selenium/driver.rb:54:in `rescue in load_selenium'[0m
            [36m# /home/ec2-user/.rvm/gems/ruby-2.6.3/gems/capybara-3.35.3/lib/capybara/selenium/driver.rb:22:in `load_selenium'[0m
            [36m# /home/ec2-user/.rvm/gems/ruby-2.6.3/gems/capybara-3.35.3/lib/capybara/selenium/driver.rb:94:in `initialize'[0m
            [36m# /home/ec2-user/.rvm/gems/ruby-2.6.3/gems/capybara-3.35.3/lib/capybara/session.rb:104:in `driver'[0m
            [36m# /home/ec2-user/.rvm/gems/ruby-2.6.3/gems/capybara-3.35.3/lib/capybara/session.rb:90:in `initialize'[0m
            [36m# /home/ec2-user/.rvm/gems/ruby-2.6.3/gems/capybara-3.35.3/lib/capybara.rb:424:in `new'[0m
            [36m# /home/ec2-user/.rvm/gems/ruby-2.6.3/gems/capybara-3.35.3/lib/capybara.rb:424:in `block in session_pool'[0m
            [36m# /home/ec2-user/.rvm/gems/ruby-2.6.3/gems/capybara-3.35.3/lib/capybara.rb:315:in `current_session'[0m
            [36m# /home/ec2-user/.rvm/gems/ruby-2.6.3/gems/capybara-3.35.3/lib/capybara/dsl.rb:46:in `page'[0m
            [36m# ------------------[0m
            [36m# --- Caused by: ---[0m
            [36m# LoadError:[0m
            [36m#   cannot load such file -- selenium-webdriver[0m
            [36m#   /home/ec2-user/.rvm/gems/ruby-2.6.3/gems/bootsnap-1.7.3/lib/bootsnap/load_path_cache/core_ext/kernel_require.rb:34:in `require'[0m

  57) ãƒ­ã‚°ã‚¤ãƒ³å‰ã®ãƒ†ã‚¹ãƒˆ ãƒˆãƒƒãƒ—ç”»é¢ã®ãƒ†ã‚¹ãƒˆ è¡¨ç¤ºå†…å®¹ã®ç¢ºèª Log inãƒªãƒ³ã‚¯ãŒè¡¨ç¤ºã•ã‚Œã‚‹: å·¦ä¸Šã‹ã‚‰4ç•ªç›®ã®ãƒªãƒ³ã‚¯ãŒã€ŒLog inã€ã§ã‚ã‚‹
      [31mGot 0 failures and 2 other errors:[0m

      57.1) [31mFailure/Error: [0mvisit root_path[0m
            [31m[0m
            [31mLoadError:[0m
            [31m  Capybara's selenium driver is unable to load `selenium-webdriver`, please install the gem and add `gem 'selenium-webdriver'` to your Gemfile if you are using bundler.[0m
            [36m# /home/ec2-user/.rvm/gems/ruby-2.6.3/gems/capybara-3.35.3/lib/capybara/selenium/driver.rb:54:in `rescue in load_selenium'[0m
            [36m# /home/ec2-user/.rvm/gems/ruby-2.6.3/gems/capybara-3.35.3/lib/capybara/selenium/driver.rb:22:in `load_selenium'[0m
            [36m# /home/ec2-user/.rvm/gems/ruby-2.6.3/gems/capybara-3.35.3/lib/capybara/selenium/driver.rb:94:in `initialize'[0m
            [36m# /home/ec2-user/.rvm/gems/ruby-2.6.3/gems/capybara-3.35.3/lib/capybara/session.rb:104:in `driver'[0m
            [36m# /home/ec2-user/.rvm/gems/ruby-2.6.3/gems/capybara-3.35.3/lib/capybara/session.rb:90:in `initialize'[0m
            [36m# /home/ec2-user/.rvm/gems/ruby-2.6.3/gems/capybara-3.35.3/lib/capybara.rb:424:in `new'[0m
            [36m# /home/ec2-user/.rvm/gems/ruby-2.6.3/gems/capybara-3.35.3/lib/capybara.rb:424:in `block in session_pool'[0m
            [36m# /home/ec2-user/.rvm/gems/ruby-2.6.3/gems/capybara-3.35.3/lib/capybara.rb:315:in `current_session'[0m
            [36m# /home/ec2-user/.rvm/gems/ruby-2.6.3/gems/capybara-3.35.3/lib/capybara/dsl.rb:46:in `page'[0m
            [36m# /home/ec2-user/.rvm/gems/ruby-2.6.3/gems/capybara-3.35.3/lib/capybara/dsl.rb:58:in `block (2 levels) in <module:DSL>'[0m
            [36m# ./spec/system/before_login_spec.rb:6:in `block (3 levels) in <main>'[0m
            [36m# ------------------[0m
            [36m# --- Caused by: ---[0m
            [36m# LoadError:[0m
            [36m#   cannot load such file -- selenium-webdriver[0m
            [36m#   /home/ec2-user/.rvm/gems/ruby-2.6.3/gems/bootsnap-1.7.3/lib/bootsnap/load_path_cache/core_ext/kernel_require.rb:34:in `require'[0m

      57.2) [31mFailure/Error: [0mraise [1;34;4mLoadError[0m, [31m[1;31m"[0m[31mCapybara's selenium driver is unable to load `selenium-webdriver`, please install the gem and add `gem 'selenium-webdriver'` to your Gemfile if you are using bundler.[1;31m"[0m[31m[0m[0m
            [31m[0m
            [31mLoadError:[0m
            [31m  Capybara's selenium driver is unable to load `selenium-webdriver`, please install the gem and add `gem 'selenium-webdriver'` to your Gemfile if you are using bundler.[0m
            [36m# /home/ec2-user/.rvm/gems/ruby-2.6.3/gems/capybara-3.35.3/lib/capybara/selenium/driver.rb:54:in `rescue in load_selenium'[0m
            [36m# /home/ec2-user/.rvm/gems/ruby-2.6.3/gems/capybara-3.35.3/lib/capybara/selenium/driver.rb:22:in `load_selenium'[0m
            [36m# /home/ec2-user/.rvm/gems/ruby-2.6.3/gems/capybara-3.35.3/lib/capybara/selenium/driver.rb:94:in `initialize'[0m
            [36m# /home/ec2-user/.rvm/gems/ruby-2.6.3/gems/capybara-3.35.3/lib/capybara/session.rb:104:in `driver'[0m
            [36m# /home/ec2-user/.rvm/gems/ruby-2.6.3/gems/capybara-3.35.3/lib/capybara/session.rb:90:in `initialize'[0m
            [36m# /home/ec2-user/.rvm/gems/ruby-2.6.3/gems/capybara-3.35.3/lib/capybara.rb:424:in `new'[0m
            [36m# /home/ec2-user/.rvm/gems/ruby-2.6.3/gems/capybara-3.35.3/lib/capybara.rb:424:in `block in session_pool'[0m
            [36m# /home/ec2-user/.rvm/gems/ruby-2.6.3/gems/capybara-3.35.3/lib/capybara.rb:315:in `current_session'[0m
            [36m# /home/ec2-user/.rvm/gems/ruby-2.6.3/gems/capybara-3.35.3/lib/capybara/dsl.rb:46:in `page'[0m
            [36m# ------------------[0m
            [36m# --- Caused by: ---[0m
            [36m# LoadError:[0m
            [36m#   cannot load such file -- selenium-webdriver[0m
            [36m#   /home/ec2-user/.rvm/gems/ruby-2.6.3/gems/bootsnap-1.7.3/lib/bootsnap/load_path_cache/core_ext/kernel_require.rb:34:in `require'[0m

  58) ãƒ­ã‚°ã‚¤ãƒ³å‰ã®ãƒ†ã‚¹ãƒˆ ãƒˆãƒƒãƒ—ç”»é¢ã®ãƒ†ã‚¹ãƒˆ è¡¨ç¤ºå†…å®¹ã®ç¢ºèª Log inãƒªãƒ³ã‚¯ã®å†…å®¹ãŒæ­£ã—ã„
      [31mGot 0 failures and 2 other errors:[0m

      58.1) [31mFailure/Error: [0mvisit root_path[0m
            [31m[0m
            [31mLoadError:[0m
            [31m  Capybara's selenium driver is unable to load `selenium-webdriver`, please install the gem and add `gem 'selenium-webdriver'` to your Gemfile if you are using bundler.[0m
            [36m# /home/ec2-user/.rvm/gems/ruby-2.6.3/gems/capybara-3.35.3/lib/capybara/selenium/driver.rb:54:in `rescue in load_selenium'[0m
            [36m# /home/ec2-user/.rvm/gems/ruby-2.6.3/gems/capybara-3.35.3/lib/capybara/selenium/driver.rb:22:in `load_selenium'[0m
            [36m# /home/ec2-user/.rvm/gems/ruby-2.6.3/gems/capybara-3.35.3/lib/capybara/selenium/driver.rb:94:in `initialize'[0m
            [36m# /home/ec2-user/.rvm/gems/ruby-2.6.3/gems/capybara-3.35.3/lib/capybara/session.rb:104:in `driver'[0m
            [36m# /home/ec2-user/.rvm/gems/ruby-2.6.3/gems/capybara-3.35.3/lib/capybara/session.rb:90:in `initialize'[0m
            [36m# /home/ec2-user/.rvm/gems/ruby-2.6.3/gems/capybara-3.35.3/lib/capybara.rb:424:in `new'[0m
            [36m# /home/ec2-user/.rvm/gems/ruby-2.6.3/gems/capybara-3.35.3/lib/capybara.rb:424:in `block in session_pool'[0m
            [36m# /home/ec2-user/.rvm/gems/ruby-2.6.3/gems/capybara-3.35.3/lib/capybara.rb:315:in `current_session'[0m
            [36m# /home/ec2-user/.rvm/gems/ruby-2.6.3/gems/capybara-3.35.3/lib/capybara/dsl.rb:46:in `page'[0m
            [36m# /home/ec2-user/.rvm/gems/ruby-2.6.3/gems/capybara-3.35.3/lib/capybara/dsl.rb:58:in `block (2 levels) in <module:DSL>'[0m
            [36m# ./spec/system/before_login_spec.rb:6:in `block (3 levels) in <main>'[0m
            [36m# ------------------[0m
            [36m# --- Caused by: ---[0m
            [36m# LoadError:[0m
            [36m#   cannot load such file -- selenium-webdriver[0m
            [36m#   /home/ec2-user/.rvm/gems/ruby-2.6.3/gems/bootsnap-1.7.3/lib/bootsnap/load_path_cache/core_ext/kernel_require.rb:34:in `require'[0m

      58.2) [31mFailure/Error: [0mraise [1;34;4mLoadError[0m, [31m[1;31m"[0m[31mCapybara's selenium driver is unable to load `selenium-webdriver`, please install the gem and add `gem 'selenium-webdriver'` to your Gemfile if you are using bundler.[1;31m"[0m[31m[0m[0m
            [31m[0m
            [31mLoadError:[0m
            [31m  Capybara's selenium driver is unable to load `selenium-webdriver`, please install the gem and add `gem 'selenium-webdriver'` to your Gemfile if you are using bundler.[0m
            [36m# /home/ec2-user/.rvm/gems/ruby-2.6.3/gems/capybara-3.35.3/lib/capybara/selenium/driver.rb:54:in `rescue in load_selenium'[0m
            [36m# /home/ec2-user/.rvm/gems/ruby-2.6.3/gems/capybara-3.35.3/lib/capybara/selenium/driver.rb:22:in `load_selenium'[0m
            [36m# /home/ec2-user/.rvm/gems/ruby-2.6.3/gems/capybara-3.35.3/lib/capybara/selenium/driver.rb:94:in `initialize'[0m
            [36m# /home/ec2-user/.rvm/gems/ruby-2.6.3/gems/capybara-3.35.3/lib/capybara/session.rb:104:in `driver'[0m
            [36m# /home/ec2-user/.rvm/gems/ruby-2.6.3/gems/capybara-3.35.3/lib/capybara/session.rb:90:in `initialize'[0m
            [36m# /home/ec2-user/.rvm/gems/ruby-2.6.3/gems/capybara-3.35.3/lib/capybara.rb:424:in `new'[0m
            [36m# /home/ec2-user/.rvm/gems/ruby-2.6.3/gems/capybara-3.35.3/lib/capybara.rb:424:in `block in session_pool'[0m
            [36m# /home/ec2-user/.rvm/gems/ruby-2.6.3/gems/capybara-3.35.3/lib/capybara.rb:315:in `current_session'[0m
            [36m# /home/ec2-user/.rvm/gems/ruby-2.6.3/gems/capybara-3.35.3/lib/capybara/dsl.rb:46:in `page'[0m
            [36m# ------------------[0m
            [36m# --- Caused by: ---[0m
            [36m# LoadError:[0m
            [36m#   cannot load such file -- selenium-webdriver[0m
            [36m#   /home/ec2-user/.rvm/gems/ruby-2.6.3/gems/bootsnap-1.7.3/lib/bootsnap/load_path_cache/core_ext/kernel_require.rb:34:in `require'[0m

  59) ãƒ­ã‚°ã‚¤ãƒ³å‰ã®ãƒ†ã‚¹ãƒˆ ãƒ˜ãƒƒãƒ€ãƒ¼ã®ãƒ†ã‚¹ãƒˆ: ãƒ­ã‚°ã‚¤ãƒ³ã—ã¦ã„ãªã„å ´åˆ è¡¨ç¤ºå†…å®¹ã®ç¢ºèª ã‚¿ã‚¤ãƒˆãƒ«ãŒè¡¨ç¤ºã•ã‚Œã‚‹
      [31mGot 0 failures and 2 other errors:[0m

      59.1) [31mFailure/Error: [0mvisit root_path[0m
            [31m[0m
            [31mLoadError:[0m
            [31m  Capybara's selenium driver is unable to load `selenium-webdriver`, please install the gem and add `gem 'selenium-webdriver'` to your Gemfile if you are using bundler.[0m
            [36m# /home/ec2-user/.rvm/gems/ruby-2.6.3/gems/capybara-3.35.3/lib/capybara/selenium/driver.rb:54:in `rescue in load_selenium'[0m
            [36m# /home/ec2-user/.rvm/gems/ruby-2.6.3/gems/capybara-3.35.3/lib/capybara/selenium/driver.rb:22:in `load_selenium'[0m
            [36m# /home/ec2-user/.rvm/gems/ruby-2.6.3/gems/capybara-3.35.3/lib/capybara/selenium/driver.rb:94:in `initialize'[0m
            [36m# /home/ec2-user/.rvm/gems/ruby-2.6.3/gems/capybara-3.35.3/lib/capybara/session.rb:104:in `driver'[0m
            [36m# /home/ec2-user/.rvm/gems/ruby-2.6.3/gems/capybara-3.35.3/lib/capybara/session.rb:90:in `initialize'[0m
            [36m# /home/ec2-user/.rvm/gems/ruby-2.6.3/gems/capybara-3.35.3/lib/capybara.rb:424:in `new'[0m
            [36m# /home/ec2-user/.rvm/gems/ruby-2.6.3/gems/capybara-3.35.3/lib/capybara.rb:424:in `block in session_pool'[0m
            [36m# /home/ec2-user/.rvm/gems/ruby-2.6.3/gems/capybara-3.35.3/lib/capybara.rb:315:in `current_session'[0m
            [36m# /home/ec2-user/.rvm/gems/ruby-2.6.3/gems/capybara-3.35.3/lib/capybara/dsl.rb:46:in `page'[0m
            [36m# /home/ec2-user/.rvm/gems/ruby-2.6.3/gems/capybara-3.35.3/lib/capybara/dsl.rb:58:in `block (2 levels) in <module:DSL>'[0m
            [36m# ./spec/system/before_login_spec.rb:34:in `block (3 levels) in <main>'[0m
            [36m# ------------------[0m
            [36m# --- Caused by: ---[0m
            [36m# LoadError:[0m
            [36m#   cannot load such file -- selenium-webdriver[0m
            [36m#   /home/ec2-user/.rvm/gems/ruby-2.6.3/gems/bootsnap-1.7.3/lib/bootsnap/load_path_cache/core_ext/kernel_require.rb:34:in `require'[0m

      59.2) [31mFailure/Error: [0mraise [1;34;4mLoadError[0m, [31m[1;31m"[0m[31mCapybara's selenium driver is unable to load `selenium-webdriver`, please install the gem and add `gem 'selenium-webdriver'` to your Gemfile if you are using bundler.[1;31m"[0m[31m[0m[0m
            [31m[0m
            [31mLoadError:[0m
            [31m  Capybara's selenium driver is unable to load `selenium-webdriver`, please install the gem and add `gem 'selenium-webdriver'` to your Gemfile if you are using bundler.[0m
            [36m# /home/ec2-user/.rvm/gems/ruby-2.6.3/gems/capybara-3.35.3/lib/capybara/selenium/driver.rb:54:in `rescue in load_selenium'[0m
            [36m# /home/ec2-user/.rvm/gems/ruby-2.6.3/gems/capybara-3.35.3/lib/capybara/selenium/driver.rb:22:in `load_selenium'[0m
            [36m# /home/ec2-user/.rvm/gems/ruby-2.6.3/gems/capybara-3.35.3/lib/capybara/selenium/driver.rb:94:in `initialize'[0m
            [36m# /home/ec2-user/.rvm/gems/ruby-2.6.3/gems/capybara-3.35.3/lib/capybara/session.rb:104:in `driver'[0m
            [36m# /home/ec2-user/.rvm/gems/ruby-2.6.3/gems/capybara-3.35.3/lib/capybara/session.rb:90:in `initialize'[0m
            [36m# /home/ec2-user/.rvm/gems/ruby-2.6.3/gems/capybara-3.35.3/lib/capybara.rb:424:in `new'[0m
            [36m# /home/ec2-user/.rvm/gems/ruby-2.6.3/gems/capybara-3.35.3/lib/capybara.rb:424:in `block in session_pool'[0m
            [36m# /home/ec2-user/.rvm/gems/ruby-2.6.3/gems/capybara-3.35.3/lib/capybara.rb:315:in `current_session'[0m
            [36m# /home/ec2-user/.rvm/gems/ruby-2.6.3/gems/capybara-3.35.3/lib/capybara/dsl.rb:46:in `page'[0m
            [36m# ------------------[0m
            [36m# --- Caused by: ---[0m
            [36m# LoadError:[0m
            [36m#   cannot load such file -- selenium-webdriver[0m
            [36m#   /home/ec2-user/.rvm/gems/ruby-2.6.3/gems/bootsnap-1.7.3/lib/bootsnap/load_path_cache/core_ext/kernel_require.rb:34:in `require'[0m

  60) ãƒ­ã‚°ã‚¤ãƒ³å‰ã®ãƒ†ã‚¹ãƒˆ ãƒ˜ãƒƒãƒ€ãƒ¼ã®ãƒ†ã‚¹ãƒˆ: ãƒ­ã‚°ã‚¤ãƒ³ã—ã¦ã„ãªã„å ´åˆ è¡¨ç¤ºå†…å®¹ã®ç¢ºèª Homeãƒªãƒ³ã‚¯ãŒè¡¨ç¤ºã•ã‚Œã‚‹: å·¦ä¸Šã‹ã‚‰1ç•ªç›®ã®ãƒªãƒ³ã‚¯ãŒã€ŒHomeã€ã§ã‚ã‚‹
      [31mGot 0 failures and 2 other errors:[0m

      60.1) [31mFailure/Error: [0mvisit root_path[0m
            [31m[0m
            [31mLoadError:[0m
            [31m  Capybara's selenium driver is unable to load `selenium-webdriver`, please install the gem and add `gem 'selenium-webdriver'` to your Gemfile if you are using bundler.[0m
            [36m# /home/ec2-user/.rvm/gems/ruby-2.6.3/gems/capybara-3.35.3/lib/capybara/selenium/driver.rb:54:in `rescue in load_selenium'[0m
            [36m# /home/ec2-user/.rvm/gems/ruby-2.6.3/gems/capybara-3.35.3/lib/capybara/selenium/driver.rb:22:in `load_selenium'[0m
            [36m# /home/ec2-user/.rvm/gems/ruby-2.6.3/gems/capybara-3.35.3/lib/capybara/selenium/driver.rb:94:in `initialize'[0m
            [36m# /home/ec2-user/.rvm/gems/ruby-2.6.3/gems/capybara-3.35.3/lib/capybara/session.rb:104:in `driver'[0m
            [36m# /home/ec2-user/.rvm/gems/ruby-2.6.3/gems/capybara-3.35.3/lib/capybara/session.rb:90:in `initialize'[0m
            [36m# /home/ec2-user/.rvm/gems/ruby-2.6.3/gems/capybara-3.35.3/lib/capybara.rb:424:in `new'[0m
            [36m# /home/ec2-user/.rvm/gems/ruby-2.6.3/gems/capybara-3.35.3/lib/capybara.rb:424:in `block in session_pool'[0m
            [36m# /home/ec2-user/.rvm/gems/ruby-2.6.3/gems/capybara-3.35.3/lib/capybara.rb:315:in `current_session'[0m
            [36m# /home/ec2-user/.rvm/gems/ruby-2.6.3/gems/capybara-3.35.3/lib/capybara/dsl.rb:46:in `page'[0m
            [36m# /home/ec2-user/.rvm/gems/ruby-2.6.3/gems/capybara-3.35.3/lib/capybara/dsl.rb:58:in `block (2 levels) in <module:DSL>'[0m
            [36m# ./spec/system/before_login_spec.rb:34:in `block (3 levels) in <main>'[0m
            [36m# ------------------[0m
            [36m# --- Caused by: ---[0m
            [36m# LoadError:[0m
            [36m#   cannot load such file -- selenium-webdriver[0m
            [36m#   /home/ec2-user/.rvm/gems/ruby-2.6.3/gems/bootsnap-1.7.3/lib/bootsnap/load_path_cache/core_ext/kernel_require.rb:34:in `require'[0m

      60.2) [31mFailure/Error: [0mraise [1;34;4mLoadError[0m, [31m[1;31m"[0m[31mCapybara's selenium driver is unable to load `selenium-webdriver`, please install the gem and add `gem 'selenium-webdriver'` to your Gemfile if you are using bundler.[1;31m"[0m[31m[0m[0m
            [31m[0m
            [31mLoadError:[0m
            [31m  Capybara's selenium driver is unable to load `selenium-webdriver`, please install the gem and add `gem 'selenium-webdriver'` to your Gemfile if you are using bundler.[0m
            [36m# /home/ec2-user/.rvm/gems/ruby-2.6.3/gems/capybara-3.35.3/lib/capybara/selenium/driver.rb:54:in `rescue in load_selenium'[0m
            [36m# /home/ec2-user/.rvm/gems/ruby-2.6.3/gems/capybara-3.35.3/lib/capybara/selenium/driver.rb:22:in `load_selenium'[0m
            [36m# /home/ec2-user/.rvm/gems/ruby-2.6.3/gems/capybara-3.35.3/lib/capybara/selenium/driver.rb:94:in `initialize'[0m
            [36m# /home/ec2-user/.rvm/gems/ruby-2.6.3/gems/capybara-3.35.3/lib/capybara/session.rb:104:in `driver'[0m
            [36m# /home/ec2-user/.rvm/gems/ruby-2.6.3/gems/capybara-3.35.3/lib/capybara/session.rb:90:in `initialize'[0m
            [36m# /home/ec2-user/.rvm/gems/ruby-2.6.3/gems/capybara-3.35.3/lib/capybara.rb:424:in `new'[0m
            [36m# /home/ec2-user/.rvm/gems/ruby-2.6.3/gems/capybara-3.35.3/lib/capybara.rb:424:in `block in session_pool'[0m
            [36m# /home/ec2-user/.rvm/gems/ruby-2.6.3/gems/capybara-3.35.3/lib/capybara.rb:315:in `current_session'[0m
            [36m# /home/ec2-user/.rvm/gems/ruby-2.6.3/gems/capybara-3.35.3/lib/capybara/dsl.rb:46:in `page'[0m
            [36m# ------------------[0m
            [36m# --- Caused by: ---[0m
            [36m# LoadError:[0m
            [36m#   cannot load such file -- selenium-webdriver[0m
            [36m#   /home/ec2-user/.rvm/gems/ruby-2.6.3/gems/bootsnap-1.7.3/lib/bootsnap/load_path_cache/core_ext/kernel_require.rb:34:in `require'[0m

  61) ãƒ­ã‚°ã‚¤ãƒ³å‰ã®ãƒ†ã‚¹ãƒˆ ãƒ˜ãƒƒãƒ€ãƒ¼ã®ãƒ†ã‚¹ãƒˆ: ãƒ­ã‚°ã‚¤ãƒ³ã—ã¦ã„ãªã„å ´åˆ è¡¨ç¤ºå†…å®¹ã®ç¢ºèª sign upãƒªãƒ³ã‚¯ãŒè¡¨ç¤ºã•ã‚Œã‚‹: å·¦ä¸Šã‹ã‚‰2ç•ªç›®ã®ãƒªãƒ³ã‚¯ãŒã€Œsign upã€ã§ã‚ã‚‹
      [31mGot 0 failures and 2 other errors:[0m

      61.1) [31mFailure/Error: [0mvisit root_path[0m
            [31m[0m
            [31mLoadError:[0m
            [31m  Capybara's selenium driver is unable to load `selenium-webdriver`, please install the gem and add `gem 'selenium-webdriver'` to your Gemfile if you are using bundler.[0m
            [36m# /home/ec2-user/.rvm/gems/ruby-2.6.3/gems/capybara-3.35.3/lib/capybara/selenium/driver.rb:54:in `rescue in load_selenium'[0m
            [36m# /home/ec2-user/.rvm/gems/ruby-2.6.3/gems/capybara-3.35.3/lib/capybara/selenium/driver.rb:22:in `load_selenium'[0m
            [36m# /home/ec2-user/.rvm/gems/ruby-2.6.3/gems/capybara-3.35.3/lib/capybara/selenium/driver.rb:94:in `initialize'[0m
            [36m# /home/ec2-user/.rvm/gems/ruby-2.6.3/gems/capybara-3.35.3/lib/capybara/session.rb:104:in `driver'[0m
            [36m# /home/ec2-user/.rvm/gems/ruby-2.6.3/gems/capybara-3.35.3/lib/capybara/session.rb:90:in `initialize'[0m
            [36m# /home/ec2-user/.rvm/gems/ruby-2.6.3/gems/capybara-3.35.3/lib/capybara.rb:424:in `new'[0m
            [36m# /home/ec2-user/.rvm/gems/ruby-2.6.3/gems/capybara-3.35.3/lib/capybara.rb:424:in `block in session_pool'[0m
            [36m# /home/ec2-user/.rvm/gems/ruby-2.6.3/gems/capybara-3.35.3/lib/capybara.rb:315:in `current_session'[0m
            [36m# /home/ec2-user/.rvm/gems/ruby-2.6.3/gems/capybara-3.35.3/lib/capybara/dsl.rb:46:in `page'[0m
            [36m# /home/ec2-user/.rvm/gems/ruby-2.6.3/gems/capybara-3.35.3/lib/capybara/dsl.rb:58:in `block (2 levels) in <module:DSL>'[0m
            [36m# ./spec/system/before_login_spec.rb:34:in `block (3 levels) in <main>'[0m
            [36m# ------------------[0m
            [36m# --- Caused by: ---[0m
            [36m# LoadError:[0m
            [36m#   cannot load such file -- selenium-webdriver[0m
            [36m#   /home/ec2-user/.rvm/gems/ruby-2.6.3/gems/bootsnap-1.7.3/lib/bootsnap/load_path_cache/core_ext/kernel_require.rb:34:in `require'[0m

      61.2) [31mFailure/Error: [0mraise [1;34;4mLoadError[0m, [31m[1;31m"[0m[31mCapybara's selenium driver is unable to load `selenium-webdriver`, please install the gem and add `gem 'selenium-webdriver'` to your Gemfile if you are using bundler.[1;31m"[0m[31m[0m[0m
            [31m[0m
            [31mLoadError:[0m
            [31m  Capybara's selenium driver is unable to load `selenium-webdriver`, please install the gem and add `gem 'selenium-webdriver'` to your Gemfile if you are using bundler.[0m
            [36m# /home/ec2-user/.rvm/gems/ruby-2.6.3/gems/capybara-3.35.3/lib/capybara/selenium/driver.rb:54:in `rescue in load_selenium'[0m
            [36m# /home/ec2-user/.rvm/gems/ruby-2.6.3/gems/capybara-3.35.3/lib/capybara/selenium/driver.rb:22:in `load_selenium'[0m
            [36m# /home/ec2-user/.rvm/gems/ruby-2.6.3/gems/capybara-3.35.3/lib/capybara/selenium/driver.rb:94:in `initialize'[0m
            [36m# /home/ec2-user/.rvm/gems/ruby-2.6.3/gems/capybara-3.35.3/lib/capybara/session.rb:104:in `driver'[0m
            [36m# /home/ec2-user/.rvm/gems/ruby-2.6.3/gems/capybara-3.35.3/lib/capybara/session.rb:90:in `initialize'[0m
            [36m# /home/ec2-user/.rvm/gems/ruby-2.6.3/gems/capybara-3.35.3/lib/capybara.rb:424:in `new'[0m
            [36m# /home/ec2-user/.rvm/gems/ruby-2.6.3/gems/capybara-3.35.3/lib/capybara.rb:424:in `block in session_pool'[0m
            [36m# /home/ec2-user/.rvm/gems/ruby-2.6.3/gems/capybara-3.35.3/lib/capybara.rb:315:in `current_session'[0m
            [36m# /home/ec2-user/.rvm/gems/ruby-2.6.3/gems/capybara-3.35.3/lib/capybara/dsl.rb:46:in `page'[0m
            [36m# ------------------[0m
            [36m# --- Caused by: ---[0m
            [36m# LoadError:[0m
            [36m#   cannot load such file -- selenium-webdriver[0m
            [36m#   /home/ec2-user/.rvm/gems/ruby-2.6.3/gems/bootsnap-1.7.3/lib/bootsnap/load_path_cache/core_ext/kernel_require.rb:34:in `require'[0m

  62) ãƒ­ã‚°ã‚¤ãƒ³å‰ã®ãƒ†ã‚¹ãƒˆ ãƒ˜ãƒƒãƒ€ãƒ¼ã®ãƒ†ã‚¹ãƒˆ: ãƒ­ã‚°ã‚¤ãƒ³ã—ã¦ã„ãªã„å ´åˆ è¡¨ç¤ºå†…å®¹ã®ç¢ºèª loginãƒªãƒ³ã‚¯ãŒè¡¨ç¤ºã•ã‚Œã‚‹: å·¦ä¸Šã‹ã‚‰3ç•ªç›®ã®ãƒªãƒ³ã‚¯ãŒã€Œloginã€ã§ã‚ã‚‹
      [31mGot 0 failures and 2 other errors:[0m

      62.1) [31mFailure/Error: [0mvisit root_path[0m
            [31m[0m
            [31mLoadError:[0m
            [31m  Capybara's selenium driver is unable to load `selenium-webdriver`, please install the gem and add `gem 'selenium-webdriver'` to your Gemfile if you are using bundler.[0m
            [36m# /home/ec2-user/.rvm/gems/ruby-2.6.3/gems/capybara-3.35.3/lib/capybara/selenium/driver.rb:54:in `rescue in load_selenium'[0m
            [36m# /home/ec2-user/.rvm/gems/ruby-2.6.3/gems/capybara-3.35.3/lib/capybara/selenium/driver.rb:22:in `load_selenium'[0m
            [36m# /home/ec2-user/.rvm/gems/ruby-2.6.3/gems/capybara-3.35.3/lib/capybara/selenium/driver.rb:94:in `initialize'[0m
            [36m# /home/ec2-user/.rvm/gems/ruby-2.6.3/gems/capybara-3.35.3/lib/capybara/session.rb:104:in `driver'[0m
            [36m# /home/ec2-user/.rvm/gems/ruby-2.6.3/gems/capybara-3.35.3/lib/capybara/session.rb:90:in `initialize'[0m
            [36m# /home/ec2-user/.rvm/gems/ruby-2.6.3/gems/capybara-3.35.3/lib/capybara.rb:424:in `new'[0m
            [36m# /home/ec2-user/.rvm/gems/ruby-2.6.3/gems/capybara-3.35.3/lib/capybara.rb:424:in `block in session_pool'[0m
            [36m# /home/ec2-user/.rvm/gems/ruby-2.6.3/gems/capybara-3.35.3/lib/capybara.rb:315:in `current_session'[0m
            [36m# /home/ec2-user/.rvm/gems/ruby-2.6.3/gems/capybara-3.35.3/lib/capybara/dsl.rb:46:in `page'[0m
            [36m# /home/ec2-user/.rvm/gems/ruby-2.6.3/gems/capybara-3.35.3/lib/capybara/dsl.rb:58:in `block (2 levels) in <module:DSL>'[0m
            [36m# ./spec/system/before_login_spec.rb:34:in `block (3 levels) in <main>'[0m
            [36m# ------------------[0m
            [36m# --- Caused by: ---[0m
            [36m# LoadError:[0m
            [36m#   cannot load such file -- selenium-webdriver[0m
            [36m#   /home/ec2-user/.rvm/gems/ruby-2.6.3/gems/bootsnap-1.7.3/lib/bootsnap/load_path_cache/core_ext/kernel_require.rb:34:in `require'[0m

      62.2) [31mFailure/Error: [0mraise [1;34;4mLoadError[0m, [31m[1;31m"[0m[31mCapybara's selenium driver is unable to load `selenium-webdriver`, please install the gem and add `gem 'selenium-webdriver'` to your Gemfile if you are using bundler.[1;31m"[0m[31m[0m[0m
            [31m[0m
            [31mLoadError:[0m
            [31m  Capybara's selenium driver is unable to load `selenium-webdriver`, please install the gem and add `gem 'selenium-webdriver'` to your Gemfile if you are using bundler.[0m
            [36m# /home/ec2-user/.rvm/gems/ruby-2.6.3/gems/capybara-3.35.3/lib/capybara/selenium/driver.rb:54:in `rescue in load_selenium'[0m
            [36m# /home/ec2-user/.rvm/gems/ruby-2.6.3/gems/capybara-3.35.3/lib/capybara/selenium/driver.rb:22:in `load_selenium'[0m
            [36m# /home/ec2-user/.rvm/gems/ruby-2.6.3/gems/capybara-3.35.3/lib/capybara/selenium/driver.rb:94:in `initialize'[0m
            [36m# /home/ec2-user/.rvm/gems/ruby-2.6.3/gems/capybara-3.35.3/lib/capybara/session.rb:104:in `driver'[0m
            [36m# /home/ec2-user/.rvm/gems/ruby-2.6.3/gems/capybara-3.35.3/lib/capybara/session.rb:90:in `initialize'[0m
            [36m# /home/ec2-user/.rvm/gems/ruby-2.6.3/gems/capybara-3.35.3/lib/capybara.rb:424:in `new'[0m
            [36m# /home/ec2-user/.rvm/gems/ruby-2.6.3/gems/capybara-3.35.3/lib/capybara.rb:424:in `block in session_pool'[0m
            [36m# /home/ec2-user/.rvm/gems/ruby-2.6.3/gems/capybara-3.35.3/lib/capybara.rb:315:in `current_session'[0m
            [36m# /home/ec2-user/.rvm/gems/ruby-2.6.3/gems/capybara-3.35.3/lib/capybara/dsl.rb:46:in `page'[0m
            [36m# ------------------[0m
            [36m# --- Caused by: ---[0m
            [36m# LoadError:[0m
            [36m#   cannot load such file -- selenium-webdriver[0m
            [36m#   /home/ec2-user/.rvm/gems/ruby-2.6.3/gems/bootsnap-1.7.3/lib/bootsnap/load_path_cache/core_ext/kernel_require.rb:34:in `require'[0m

  63) ãƒ­ã‚°ã‚¤ãƒ³å‰ã®ãƒ†ã‚¹ãƒˆ ãƒ˜ãƒƒãƒ€ãƒ¼ã®ãƒ†ã‚¹ãƒˆ: ãƒ­ã‚°ã‚¤ãƒ³ã—ã¦ã„ãªã„å ´åˆ ãƒªãƒ³ã‚¯ã®å†…å®¹ã‚’ç¢ºèª Homeã‚’æŠ¼ã™ã¨ã€ãƒˆãƒƒãƒ—ç”»é¢ã«é·ç§»ã™ã‚‹
      [31mGot 0 failures and 2 other errors:[0m

      63.1) [31mFailure/Error: [0mvisit root_path[0m
            [31m[0m
            [31mLoadError:[0m
            [31m  Capybara's selenium driver is unable to load `selenium-webdriver`, please install the gem and add `gem 'selenium-webdriver'` to your Gemfile if you are using bundler.[0m
            [36m# /home/ec2-user/.rvm/gems/ruby-2.6.3/gems/capybara-3.35.3/lib/capybara/selenium/driver.rb:54:in `rescue in load_selenium'[0m
            [36m# /home/ec2-user/.rvm/gems/ruby-2.6.3/gems/capybara-3.35.3/lib/capybara/selenium/driver.rb:22:in `load_selenium'[0m
            [36m# /home/ec2-user/.rvm/gems/ruby-2.6.3/gems/capybara-3.35.3/lib/capybara/selenium/driver.rb:94:in `initialize'[0m
            [36m# /home/ec2-user/.rvm/gems/ruby-2.6.3/gems/capybara-3.35.3/lib/capybara/session.rb:104:in `driver'[0m
            [36m# /home/ec2-user/.rvm/gems/ruby-2.6.3/gems/capybara-3.35.3/lib/capybara/session.rb:90:in `initialize'[0m
            [36m# /home/ec2-user/.rvm/gems/ruby-2.6.3/gems/capybara-3.35.3/lib/capybara.rb:424:in `new'[0m
            [36m# /home/ec2-user/.rvm/gems/ruby-2.6.3/gems/capybara-3.35.3/lib/capybara.rb:424:in `block in session_pool'[0m
            [36m# /home/ec2-user/.rvm/gems/ruby-2.6.3/gems/capybara-3.35.3/lib/capybara.rb:315:in `current_session'[0m
            [36m# /home/ec2-user/.rvm/gems/ruby-2.6.3/gems/capybara-3.35.3/lib/capybara/dsl.rb:46:in `page'[0m
            [36m# /home/ec2-user/.rvm/gems/ruby-2.6.3/gems/capybara-3.35.3/lib/capybara/dsl.rb:58:in `block (2 levels) in <module:DSL>'[0m
            [36m# ./spec/system/before_login_spec.rb:34:in `block (3 levels) in <main>'[0m
            [36m# ------------------[0m
            [36m# --- Caused by: ---[0m
            [36m# LoadError:[0m
            [36m#   cannot load such file -- selenium-webdriver[0m
            [36m#   /home/ec2-user/.rvm/gems/ruby-2.6.3/gems/bootsnap-1.7.3/lib/bootsnap/load_path_cache/core_ext/kernel_require.rb:34:in `require'[0m

      63.2) [31mFailure/Error: [0mraise [1;34;4mLoadError[0m, [31m[1;31m"[0m[31mCapybara's selenium driver is unable to load `selenium-webdriver`, please install the gem and add `gem 'selenium-webdriver'` to your Gemfile if you are using bundler.[1;31m"[0m[31m[0m[0m
            [31m[0m
            [31mLoadError:[0m
            [31m  Capybara's selenium driver is unable to load `selenium-webdriver`, please install the gem and add `gem 'selenium-webdriver'` to your Gemfile if you are using bundler.[0m
            [36m# /home/ec2-user/.rvm/gems/ruby-2.6.3/gems/capybara-3.35.3/lib/capybara/selenium/driver.rb:54:in `rescue in load_selenium'[0m
            [36m# /home/ec2-user/.rvm/gems/ruby-2.6.3/gems/capybara-3.35.3/lib/capybara/selenium/driver.rb:22:in `load_selenium'[0m
            [36m# /home/ec2-user/.rvm/gems/ruby-2.6.3/gems/capybara-3.35.3/lib/capybara/selenium/driver.rb:94:in `initialize'[0m
            [36m# /home/ec2-user/.rvm/gems/ruby-2.6.3/gems/capybara-3.35.3/lib/capybara/session.rb:104:in `driver'[0m
            [36m# /home/ec2-user/.rvm/gems/ruby-2.6.3/gems/capybara-3.35.3/lib/capybara/session.rb:90:in `initialize'[0m
            [36m# /home/ec2-user/.rvm/gems/ruby-2.6.3/gems/capybara-3.35.3/lib/capybara.rb:424:in `new'[0m
            [36m# /home/ec2-user/.rvm/gems/ruby-2.6.3/gems/capybara-3.35.3/lib/capybara.rb:424:in `block in session_pool'[0m
            [36m# /home/ec2-user/.rvm/gems/ruby-2.6.3/gems/capybara-3.35.3/lib/capybara.rb:315:in `current_session'[0m
            [36m# /home/ec2-user/.rvm/gems/ruby-2.6.3/gems/capybara-3.35.3/lib/capybara/dsl.rb:46:in `page'[0m
            [36m# ------------------[0m
            [36m# --- Caused by: ---[0m
            [36m# LoadError:[0m
            [36m#   cannot load such file -- selenium-webdriver[0m
            [36m#   /home/ec2-user/.rvm/gems/ruby-2.6.3/gems/bootsnap-1.7.3/lib/bootsnap/load_path_cache/core_ext/kernel_require.rb:34:in `require'[0m

  64) ãƒ­ã‚°ã‚¤ãƒ³å‰ã®ãƒ†ã‚¹ãƒˆ ãƒ˜ãƒƒãƒ€ãƒ¼ã®ãƒ†ã‚¹ãƒˆ: ãƒ­ã‚°ã‚¤ãƒ³ã—ã¦ã„ãªã„å ´åˆ ãƒªãƒ³ã‚¯ã®å†…å®¹ã‚’ç¢ºèª sign upã‚’æŠ¼ã™ã¨ã€æ–°è¦ç™»éŒ²ç”»é¢ã«é·ç§»ã™ã‚‹
      [31mGot 0 failures and 2 other errors:[0m

      64.1) [31mFailure/Error: [0mvisit root_path[0m
            [31m[0m
            [31mLoadError:[0m
            [31m  Capybara's selenium driver is unable to load `selenium-webdriver`, please install the gem and add `gem 'selenium-webdriver'` to your Gemfile if you are using bundler.[0m
            [36m# /home/ec2-user/.rvm/gems/ruby-2.6.3/gems/capybara-3.35.3/lib/capybara/selenium/driver.rb:54:in `rescue in load_selenium'[0m
            [36m# /home/ec2-user/.rvm/gems/ruby-2.6.3/gems/capybara-3.35.3/lib/capybara/selenium/driver.rb:22:in `load_selenium'[0m
            [36m# /home/ec2-user/.rvm/gems/ruby-2.6.3/gems/capybara-3.35.3/lib/capybara/selenium/driver.rb:94:in `initialize'[0m
            [36m# /home/ec2-user/.rvm/gems/ruby-2.6.3/gems/capybara-3.35.3/lib/capybara/session.rb:104:in `driver'[0m
            [36m# /home/ec2-user/.rvm/gems/ruby-2.6.3/gems/capybara-3.35.3/lib/capybara/session.rb:90:in `initialize'[0m
            [36m# /home/ec2-user/.rvm/gems/ruby-2.6.3/gems/capybara-3.35.3/lib/capybara.rb:424:in `new'[0m
            [36m# /home/ec2-user/.rvm/gems/ruby-2.6.3/gems/capybara-3.35.3/lib/capybara.rb:424:in `block in session_pool'[0m
            [36m# /home/ec2-user/.rvm/gems/ruby-2.6.3/gems/capybara-3.35.3/lib/capybara.rb:315:in `current_session'[0m
            [36m# /home/ec2-user/.rvm/gems/ruby-2.6.3/gems/capybara-3.35.3/lib/capybara/dsl.rb:46:in `page'[0m
            [36m# /home/ec2-user/.rvm/gems/ruby-2.6.3/gems/capybara-3.35.3/lib/capybara/dsl.rb:58:in `block (2 levels) in <module:DSL>'[0m
            [36m# ./spec/system/before_login_spec.rb:34:in `block (3 levels) in <main>'[0m
            [36m# ------------------[0m
            [36m# --- Caused by: ---[0m
            [36m# LoadError:[0m
            [36m#   cannot load such file -- selenium-webdriver[0m
            [36m#   /home/ec2-user/.rvm/gems/ruby-2.6.3/gems/bootsnap-1.7.3/lib/bootsnap/load_path_cache/core_ext/kernel_require.rb:34:in `require'[0m

      64.2) [31mFailure/Error: [0mraise [1;34;4mLoadError[0m, [31m[1;31m"[0m[31mCapybara's selenium driver is unable to load `selenium-webdriver`, please install the gem and add `gem 'selenium-webdriver'` to your Gemfile if you are using bundler.[1;31m"[0m[31m[0m[0m
            [31m[0m
            [31mLoadError:[0m
            [31m  Capybara's selenium driver is unable to load `selenium-webdriver`, please install the gem and add `gem 'selenium-webdriver'` to your Gemfile if you are using bundler.[0m
            [36m# /home/ec2-user/.rvm/gems/ruby-2.6.3/gems/capybara-3.35.3/lib/capybara/selenium/driver.rb:54:in `rescue in load_selenium'[0m
            [36m# /home/ec2-user/.rvm/gems/ruby-2.6.3/gems/capybara-3.35.3/lib/capybara/selenium/driver.rb:22:in `load_selenium'[0m
            [36m# /home/ec2-user/.rvm/gems/ruby-2.6.3/gems/capybara-3.35.3/lib/capybara/selenium/driver.rb:94:in `initialize'[0m
            [36m# /home/ec2-user/.rvm/gems/ruby-2.6.3/gems/capybara-3.35.3/lib/capybara/session.rb:104:in `driver'[0m
            [36m# /home/ec2-user/.rvm/gems/ruby-2.6.3/gems/capybara-3.35.3/lib/capybara/session.rb:90:in `initialize'[0m
            [36m# /home/ec2-user/.rvm/gems/ruby-2.6.3/gems/capybara-3.35.3/lib/capybara.rb:424:in `new'[0m
            [36m# /home/ec2-user/.rvm/gems/ruby-2.6.3/gems/capybara-3.35.3/lib/capybara.rb:424:in `block in session_pool'[0m
            [36m# /home/ec2-user/.rvm/gems/ruby-2.6.3/gems/capybara-3.35.3/lib/capybara.rb:315:in `current_session'[0m
            [36m# /home/ec2-user/.rvm/gems/ruby-2.6.3/gems/capybara-3.35.3/lib/capybara/dsl.rb:46:in `page'[0m
            [36m# ------------------[0m
            [36m# --- Caused by: ---[0m
            [36m# LoadError:[0m
            [36m#   cannot load such file -- selenium-webdriver[0m
            [36m#   /home/ec2-user/.rvm/gems/ruby-2.6.3/gems/bootsnap-1.7.3/lib/bootsnap/load_path_cache/core_ext/kernel_require.rb:34:in `require'[0m

  65) ãƒ­ã‚°ã‚¤ãƒ³å‰ã®ãƒ†ã‚¹ãƒˆ ãƒ˜ãƒƒãƒ€ãƒ¼ã®ãƒ†ã‚¹ãƒˆ: ãƒ­ã‚°ã‚¤ãƒ³ã—ã¦ã„ãªã„å ´åˆ ãƒªãƒ³ã‚¯ã®å†…å®¹ã‚’ç¢ºèª loginã‚’æŠ¼ã™ã¨ã€ãƒ­ã‚°ã‚¤ãƒ³ç”»é¢ã«é·ç§»ã™ã‚‹
      [31mGot 0 failures and 2 other errors:[0m

      65.1) [31mFailure/Error: [0mvisit root_path[0m
            [31m[0m
            [31mLoadError:[0m
            [31m  Capybara's selenium driver is unable to load `selenium-webdriver`, please install the gem and add `gem 'selenium-webdriver'` to your Gemfile if you are using bundler.[0m
            [36m# /home/ec2-user/.rvm/gems/ruby-2.6.3/gems/capybara-3.35.3/lib/capybara/selenium/driver.rb:54:in `rescue in load_selenium'[0m
            [36m# /home/ec2-user/.rvm/gems/ruby-2.6.3/gems/capybara-3.35.3/lib/capybara/selenium/driver.rb:22:in `load_selenium'[0m
            [36m# /home/ec2-user/.rvm/gems/ruby-2.6.3/gems/capybara-3.35.3/lib/capybara/selenium/driver.rb:94:in `initialize'[0m
            [36m# /home/ec2-user/.rvm/gems/ruby-2.6.3/gems/capybara-3.35.3/lib/capybara/session.rb:104:in `driver'[0m
            [36m# /home/ec2-user/.rvm/gems/ruby-2.6.3/gems/capybara-3.35.3/lib/capybara/session.rb:90:in `initialize'[0m
            [36m# /home/ec2-user/.rvm/gems/ruby-2.6.3/gems/capybara-3.35.3/lib/capybara.rb:424:in `new'[0m
            [36m# /home/ec2-user/.rvm/gems/ruby-2.6.3/gems/capybara-3.35.3/lib/capybara.rb:424:in `block in session_pool'[0m
            [36m# /home/ec2-user/.rvm/gems/ruby-2.6.3/gems/capybara-3.35.3/lib/capybara.rb:315:in `current_session'[0m
            [36m# /home/ec2-user/.rvm/gems/ruby-2.6.3/gems/capybara-3.35.3/lib/capybara/dsl.rb:46:in `page'[0m
            [36m# /home/ec2-user/.rvm/gems/ruby-2.6.3/gems/capybara-3.35.3/lib/capybara/dsl.rb:58:in `block (2 levels) in <module:DSL>'[0m
            [36m# ./spec/system/before_login_spec.rb:34:in `block (3 levels) in <main>'[0m
            [36m# ------------------[0m
            [36m# --- Caused by: ---[0m
            [36m# LoadError:[0m
            [36m#   cannot load such file -- selenium-webdriver[0m
            [36m#   /home/ec2-user/.rvm/gems/ruby-2.6.3/gems/bootsnap-1.7.3/lib/bootsnap/load_path_cache/core_ext/kernel_require.rb:34:in `require'[0m

      65.2) [31mFailure/Error: [0mraise [1;34;4mLoadError[0m, [31m[1;31m"[0m[31mCapybara's selenium driver is unable to load `selenium-webdriver`, please install the gem and add `gem 'selenium-webdriver'` to your Gemfile if you are using bundler.[1;31m"[0m[31m[0m[0m
            [31m[0m
            [31mLoadError:[0m
            [31m  Capybara's selenium driver is unable to load `selenium-webdriver`, please install the gem and add `gem 'selenium-webdriver'` to your Gemfile if you are using bundler.[0m
            [36m# /home/ec2-user/.rvm/gems/ruby-2.6.3/gems/capybara-3.35.3/lib/capybara/selenium/driver.rb:54:in `rescue in load_selenium'[0m
            [36m# /home/ec2-user/.rvm/gems/ruby-2.6.3/gems/capybara-3.35.3/lib/capybara/selenium/driver.rb:22:in `load_selenium'[0m
            [36m# /home/ec2-user/.rvm/gems/ruby-2.6.3/gems/capybara-3.35.3/lib/capybara/selenium/driver.rb:94:in `initialize'[0m
            [36m# /home/ec2-user/.rvm/gems/ruby-2.6.3/gems/capybara-3.35.3/lib/capybara/session.rb:104:in `driver'[0m
            [36m# /home/ec2-user/.rvm/gems/ruby-2.6.3/gems/capybara-3.35.3/lib/capybara/session.rb:90:in `initialize'[0m
            [36m# /home/ec2-user/.rvm/gems/ruby-2.6.3/gems/capybara-3.35.3/lib/capybara.rb:424:in `new'[0m
            [36m# /home/ec2-user/.rvm/gems/ruby-2.6.3/gems/capybara-3.35.3/lib/capybara.rb:424:in `block in session_pool'[0m
            [36m# /home/ec2-user/.rvm/gems/ruby-2.6.3/gems/capybara-3.35.3/lib/capybara.rb:315:in `current_session'[0m
            [36m# /home/ec2-user/.rvm/gems/ruby-2.6.3/gems/capybara-3.35.3/lib/capybara/dsl.rb:46:in `page'[0m
            [36m# ------------------[0m
            [36m# --- Caused by: ---[0m
            [36m# LoadError:[0m
            [36m#   cannot load such file -- selenium-webdriver[0m
            [36m#   /home/ec2-user/.rvm/gems/ruby-2.6.3/gems/bootsnap-1.7.3/lib/bootsnap/load_path_cache/core_ext/kernel_require.rb:34:in `require'[0m

  66) ãƒ­ã‚°ã‚¤ãƒ³å‰ã®ãƒ†ã‚¹ãƒˆ ãƒ¦ãƒ¼ã‚¶æ–°è¦ç™»éŒ²ã®ãƒ†ã‚¹ãƒˆ è¡¨ç¤ºå†…å®¹ã®ç¢ºèª URLãŒæ­£ã—ã„
      [31mGot 0 failures and 2 other errors:[0m

      66.1) [31mFailure/Error: [0mvisit new_user_registration_path[0m
            [31m[0m
            [31mLoadError:[0m
            [31m  Capybara's selenium driver is unable to load `selenium-webdriver`, please install the gem and add `gem 'selenium-webdriver'` to your Gemfile if you are using bundler.[0m
            [36m# /home/ec2-user/.rvm/gems/ruby-2.6.3/gems/capybara-3.35.3/lib/capybara/selenium/driver.rb:54:in `rescue in load_selenium'[0m
            [36m# /home/ec2-user/.rvm/gems/ruby-2.6.3/gems/capybara-3.35.3/lib/capybara/selenium/driver.rb:22:in `load_selenium'[0m
            [36m# /home/ec2-user/.rvm/gems/ruby-2.6.3/gems/capybara-3.35.3/lib/capybara/selenium/driver.rb:94:in `initialize'[0m
            [36m# /home/ec2-user/.rvm/gems/ruby-2.6.3/gems/capybara-3.35.3/lib/capybara/session.rb:104:in `driver'[0m
            [36m# /home/ec2-user/.rvm/gems/ruby-2.6.3/gems/capybara-3.35.3/lib/capybara/session.rb:90:in `initialize'[0m
            [36m# /home/ec2-user/.rvm/gems/ruby-2.6.3/gems/capybara-3.35.3/lib/capybara.rb:424:in `new'[0m
            [36m# /home/ec2-user/.rvm/gems/ruby-2.6.3/gems/capybara-3.35.3/lib/capybara.rb:424:in `block in session_pool'[0m
            [36m# /home/ec2-user/.rvm/gems/ruby-2.6.3/gems/capybara-3.35.3/lib/capybara.rb:315:in `current_session'[0m
            [36m# /home/ec2-user/.rvm/gems/ruby-2.6.3/gems/capybara-3.35.3/lib/capybara/dsl.rb:46:in `page'[0m
            [36m# /home/ec2-user/.rvm/gems/ruby-2.6.3/gems/capybara-3.35.3/lib/capybara/dsl.rb:58:in `block (2 levels) in <module:DSL>'[0m
            [36m# ./spec/system/before_login_spec.rb:82:in `block (3 levels) in <main>'[0m
            [36m# ------------------[0m
            [36m# --- Caused by: ---[0m
            [36m# LoadError:[0m
            [36m#   cannot load such file -- selenium-webdriver[0m
            [36m#   /home/ec2-user/.rvm/gems/ruby-2.6.3/gems/bootsnap-1.7.3/lib/bootsnap/load_path_cache/core_ext/kernel_require.rb:34:in `require'[0m

      66.2) [31mFailure/Error: [0mraise [1;34;4mLoadError[0m, [31m[1;31m"[0m[31mCapybara's selenium driver is unable to load `selenium-webdriver`, please install the gem and add `gem 'selenium-webdriver'` to your Gemfile if you are using bundler.[1;31m"[0m[31m[0m[0m
            [31m[0m
            [31mLoadError:[0m
            [31m  Capybara's selenium driver is unable to load `selenium-webdriver`, please install the gem and add `gem 'selenium-webdriver'` to your Gemfile if you are using bundler.[0m
            [36m# /home/ec2-user/.rvm/gems/ruby-2.6.3/gems/capybara-3.35.3/lib/capybara/selenium/driver.rb:54:in `rescue in load_selenium'[0m
            [36m# /home/ec2-user/.rvm/gems/ruby-2.6.3/gems/capybara-3.35.3/lib/capybara/selenium/driver.rb:22:in `load_selenium'[0m
            [36m# /home/ec2-user/.rvm/gems/ruby-2.6.3/gems/capybara-3.35.3/lib/capybara/selenium/driver.rb:94:in `initialize'[0m
            [36m# /home/ec2-user/.rvm/gems/ruby-2.6.3/gems/capybara-3.35.3/lib/capybara/session.rb:104:in `driver'[0m
            [36m# /home/ec2-user/.rvm/gems/ruby-2.6.3/gems/capybara-3.35.3/lib/capybara/session.rb:90:in `initialize'[0m
            [36m# /home/ec2-user/.rvm/gems/ruby-2.6.3/gems/capybara-3.35.3/lib/capybara.rb:424:in `new'[0m
            [36m# /home/ec2-user/.rvm/gems/ruby-2.6.3/gems/capybara-3.35.3/lib/capybara.rb:424:in `block in session_pool'[0m
            [36m# /home/ec2-user/.rvm/gems/ruby-2.6.3/gems/capybara-3.35.3/lib/capybara.rb:315:in `current_session'[0m
            [36m# /home/ec2-user/.rvm/gems/ruby-2.6.3/gems/capybara-3.35.3/lib/capybara/dsl.rb:46:in `page'[0m
            [36m# ------------------[0m
            [36m# --- Caused by: ---[0m
            [36m# LoadError:[0m
            [36m#   cannot load such file -- selenium-webdriver[0m
            [36m#   /home/ec2-user/.rvm/gems/ruby-2.6.3/gems/bootsnap-1.7.3/lib/bootsnap/load_path_cache/core_ext/kernel_require.rb:34:in `require'[0m

  67) ãƒ­ã‚°ã‚¤ãƒ³å‰ã®ãƒ†ã‚¹ãƒˆ ãƒ¦ãƒ¼ã‚¶æ–°è¦ç™»éŒ²ã®ãƒ†ã‚¹ãƒˆ è¡¨ç¤ºå†…å®¹ã®ç¢ºèª ã€ŒSign upã€ã¨è¡¨ç¤ºã•ã‚Œã‚‹
      [31mGot 0 failures and 2 other errors:[0m

      67.1) [31mFailure/Error: [0mvisit new_user_registration_path[0m
            [31m[0m
            [31mLoadError:[0m
            [31m  Capybara's selenium driver is unable to load `selenium-webdriver`, please install the gem and add `gem 'selenium-webdriver'` to your Gemfile if you are using bundler.[0m
            [36m# /home/ec2-user/.rvm/gems/ruby-2.6.3/gems/capybara-3.35.3/lib/capybara/selenium/driver.rb:54:in `rescue in load_selenium'[0m
            [36m# /home/ec2-user/.rvm/gems/ruby-2.6.3/gems/capybara-3.35.3/lib/capybara/selenium/driver.rb:22:in `load_selenium'[0m
            [36m# /home/ec2-user/.rvm/gems/ruby-2.6.3/gems/capybara-3.35.3/lib/capybara/selenium/driver.rb:94:in `initialize'[0m
            [36m# /home/ec2-user/.rvm/gems/ruby-2.6.3/gems/capybara-3.35.3/lib/capybara/session.rb:104:in `driver'[0m
            [36m# /home/ec2-user/.rvm/gems/ruby-2.6.3/gems/capybara-3.35.3/lib/capybara/session.rb:90:in `initialize'[0m
            [36m# /home/ec2-user/.rvm/gems/ruby-2.6.3/gems/capybara-3.35.3/lib/capybara.rb:424:in `new'[0m
            [36m# /home/ec2-user/.rvm/gems/ruby-2.6.3/gems/capybara-3.35.3/lib/capybara.rb:424:in `block in session_pool'[0m
            [36m# /home/ec2-user/.rvm/gems/ruby-2.6.3/gems/capybara-3.35.3/lib/capybara.rb:315:in `current_session'[0m
            [36m# /home/ec2-user/.rvm/gems/ruby-2.6.3/gems/capybara-3.35.3/lib/capybara/dsl.rb:46:in `page'[0m
            [36m# /home/ec2-user/.rvm/gems/ruby-2.6.3/gems/capybara-3.35.3/lib/capybara/dsl.rb:58:in `block (2 levels) in <module:DSL>'[0m
            [36m# ./spec/system/before_login_spec.rb:82:in `block (3 levels) in <main>'[0m
            [36m# ------------------[0m
            [36m# --- Caused by: ---[0m
            [36m# LoadError:[0m
            [36m#   cannot load such file -- selenium-webdriver[0m
            [36m#   /home/ec2-user/.rvm/gems/ruby-2.6.3/gems/bootsnap-1.7.3/lib/bootsnap/load_path_cache/core_ext/kernel_require.rb:34:in `require'[0m

      67.2) [31mFailure/Error: [0mraise [1;34;4mLoadError[0m, [31m[1;31m"[0m[31mCapybara's selenium driver is unable to load `selenium-webdriver`, please install the gem and add `gem 'selenium-webdriver'` to your Gemfile if you are using bundler.[1;31m"[0m[31m[0m[0m
            [31m[0m
            [31mLoadError:[0m
            [31m  Capybara's selenium driver is unable to load `selenium-webdriver`, please install the gem and add `gem 'selenium-webdriver'` to your Gemfile if you are using bundler.[0m
            [36m# /home/ec2-user/.rvm/gems/ruby-2.6.3/gems/capybara-3.35.3/lib/capybara/selenium/driver.rb:54:in `rescue in load_selenium'[0m
            [36m# /home/ec2-user/.rvm/gems/ruby-2.6.3/gems/capybara-3.35.3/lib/capybara/selenium/driver.rb:22:in `load_selenium'[0m
            [36m# /home/ec2-user/.rvm/gems/ruby-2.6.3/gems/capybara-3.35.3/lib/capybara/selenium/driver.rb:94:in `initialize'[0m
            [36m# /home/ec2-user/.rvm/gems/ruby-2.6.3/gems/capybara-3.35.3/lib/capybara/session.rb:104:in `driver'[0m
            [36m# /home/ec2-user/.rvm/gems/ruby-2.6.3/gems/capybara-3.35.3/lib/capybara/session.rb:90:in `initialize'[0m
            [36m# /home/ec2-user/.rvm/gems/ruby-2.6.3/gems/capybara-3.35.3/lib/capybara.rb:424:in `new'[0m
            [36m# /home/ec2-user/.rvm/gems/ruby-2.6.3/gems/capybara-3.35.3/lib/capybara.rb:424:in `block in session_pool'[0m
            [36m# /home/ec2-user/.rvm/gems/ruby-2.6.3/gems/capybara-3.35.3/lib/capybara.rb:315:in `current_session'[0m
            [36m# /home/ec2-user/.rvm/gems/ruby-2.6.3/gems/capybara-3.35.3/lib/capybara/dsl.rb:46:in `page'[0m
            [36m# ------------------[0m
            [36m# --- Caused by: ---[0m
            [36m# LoadError:[0m
            [36m#   cannot load such file -- selenium-webdriver[0m
            [36m#   /home/ec2-user/.rvm/gems/ruby-2.6.3/gems/bootsnap-1.7.3/lib/bootsnap/load_path_cache/core_ext/kernel_require.rb:34:in `require'[0m

  68) ãƒ­ã‚°ã‚¤ãƒ³å‰ã®ãƒ†ã‚¹ãƒˆ ãƒ¦ãƒ¼ã‚¶æ–°è¦ç™»éŒ²ã®ãƒ†ã‚¹ãƒˆ è¡¨ç¤ºå†…å®¹ã®ç¢ºèª nameãƒ•ã‚©ãƒ¼ãƒ ãŒè¡¨ç¤ºã•ã‚Œã‚‹
      [31mGot 0 failures and 2 other errors:[0m

      68.1) [31mFailure/Error: [0mvisit new_user_registration_path[0m
            [31m[0m
            [31mLoadError:[0m
            [31m  Capybara's selenium driver is unable to load `selenium-webdriver`, please install the gem and add `gem 'selenium-webdriver'` to your Gemfile if you are using bundler.[0m
            [36m# /home/ec2-user/.rvm/gems/ruby-2.6.3/gems/capybara-3.35.3/lib/capybara/selenium/driver.rb:54:in `rescue in load_selenium'[0m
            [36m# /home/ec2-user/.rvm/gems/ruby-2.6.3/gems/capybara-3.35.3/lib/capybara/selenium/driver.rb:22:in `load_selenium'[0m
            [36m# /home/ec2-user/.rvm/gems/ruby-2.6.3/gems/capybara-3.35.3/lib/capybara/selenium/driver.rb:94:in `initialize'[0m
            [36m# /home/ec2-user/.rvm/gems/ruby-2.6.3/gems/capybara-3.35.3/lib/capybara/session.rb:104:in `driver'[0m
            [36m# /home/ec2-user/.rvm/gems/ruby-2.6.3/gems/capybara-3.35.3/lib/capybara/session.rb:90:in `initialize'[0m
            [36m# /home/ec2-user/.rvm/gems/ruby-2.6.3/gems/capybara-3.35.3/lib/capybara.rb:424:in `new'[0m
            [36m# /home/ec2-user/.rvm/gems/ruby-2.6.3/gems/capybara-3.35.3/lib/capybara.rb:424:in `block in session_pool'[0m
            [36m# /home/ec2-user/.rvm/gems/ruby-2.6.3/gems/capybara-3.35.3/lib/capybara.rb:315:in `current_session'[0m
            [36m# /home/ec2-user/.rvm/gems/ruby-2.6.3/gems/capybara-3.35.3/lib/capybara/dsl.rb:46:in `page'[0m
            [36m# /home/ec2-user/.rvm/gems/ruby-2.6.3/gems/capybara-3.35.3/lib/capybara/dsl.rb:58:in `block (2 levels) in <module:DSL>'[0m
            [36m# ./spec/system/before_login_spec.rb:82:in `block (3 levels) in <main>'[0m
            [36m# ------------------[0m
            [36m# --- Caused by: ---[0m
            [36m# LoadError:[0m
            [36m#   cannot load such file -- selenium-webdriver[0m
            [36m#   /home/ec2-user/.rvm/gems/ruby-2.6.3/gems/bootsnap-1.7.3/lib/bootsnap/load_path_cache/core_ext/kernel_require.rb:34:in `require'[0m

      68.2) [31mFailure/Error: [0mraise [1;34;4mLoadError[0m, [31m[1;31m"[0m[31mCapybara's selenium driver is unable to load `selenium-webdriver`, please install the gem and add `gem 'selenium-webdriver'` to your Gemfile if you are using bundler.[1;31m"[0m[31m[0m[0m
            [31m[0m
            [31mLoadError:[0m
            [31m  Capybara's selenium driver is unable to load `selenium-webdriver`, please install the gem and add `gem 'selenium-webdriver'` to your Gemfile if you are using bundler.[0m
            [36m# /home/ec2-user/.rvm/gems/ruby-2.6.3/gems/capybara-3.35.3/lib/capybara/selenium/driver.rb:54:in `rescue in load_selenium'[0m
            [36m# /home/ec2-user/.rvm/gems/ruby-2.6.3/gems/capybara-3.35.3/lib/capybara/selenium/driver.rb:22:in `load_selenium'[0m
            [36m# /home/ec2-user/.rvm/gems/ruby-2.6.3/gems/capybara-3.35.3/lib/capybara/selenium/driver.rb:94:in `initialize'[0m
            [36m# /home/ec2-user/.rvm/gems/ruby-2.6.3/gems/capybara-3.35.3/lib/capybara/session.rb:104:in `driver'[0m
            [36m# /home/ec2-user/.rvm/gems/ruby-2.6.3/gems/capybara-3.35.3/lib/capybara/session.rb:90:in `initialize'[0m
            [36m# /home/ec2-user/.rvm/gems/ruby-2.6.3/gems/capybara-3.35.3/lib/capybara.rb:424:in `new'[0m
            [36m# /home/ec2-user/.rvm/gems/ruby-2.6.3/gems/capybara-3.35.3/lib/capybara.rb:424:in `block in session_pool'[0m
            [36m# /home/ec2-user/.rvm/gems/ruby-2.6.3/gems/capybara-3.35.3/lib/capybara.rb:315:in `current_session'[0m
            [36m# /home/ec2-user/.rvm/gems/ruby-2.6.3/gems/capybara-3.35.3/lib/capybara/dsl.rb:46:in `page'[0m
            [36m# ------------------[0m
            [36m# --- Caused by: ---[0m
            [36m# LoadError:[0m
            [36m#   cannot load such file -- selenium-webdriver[0m
            [36m#   /home/ec2-user/.rvm/gems/ruby-2.6.3/gems/bootsnap-1.7.3/lib/bootsnap/load_path_cache/core_ext/kernel_require.rb:34:in `require'[0m

  69) ãƒ­ã‚°ã‚¤ãƒ³å‰ã®ãƒ†ã‚¹ãƒˆ ãƒ¦ãƒ¼ã‚¶æ–°è¦ç™»éŒ²ã®ãƒ†ã‚¹ãƒˆ è¡¨ç¤ºå†…å®¹ã®ç¢ºèª emailãƒ•ã‚©ãƒ¼ãƒ ãŒè¡¨ç¤ºã•ã‚Œã‚‹
      [31mGot 0 failures and 2 other errors:[0m

      69.1) [31mFailure/Error: [0mvisit new_user_registration_path[0m
            [31m[0m
            [31mLoadError:[0m
            [31m  Capybara's selenium driver is unable to load `selenium-webdriver`, please install the gem and add `gem 'selenium-webdriver'` to your Gemfile if you are using bundler.[0m
            [36m# /home/ec2-user/.rvm/gems/ruby-2.6.3/gems/capybara-3.35.3/lib/capybara/selenium/driver.rb:54:in `rescue in load_selenium'[0m
            [36m# /home/ec2-user/.rvm/gems/ruby-2.6.3/gems/capybara-3.35.3/lib/capybara/selenium/driver.rb:22:in `load_selenium'[0m
            [36m# /home/ec2-user/.rvm/gems/ruby-2.6.3/gems/capybara-3.35.3/lib/capybara/selenium/driver.rb:94:in `initialize'[0m
            [36m# /home/ec2-user/.rvm/gems/ruby-2.6.3/gems/capybara-3.35.3/lib/capybara/session.rb:104:in `driver'[0m
            [36m# /home/ec2-user/.rvm/gems/ruby-2.6.3/gems/capybara-3.35.3/lib/capybara/session.rb:90:in `initialize'[0m
            [36m# /home/ec2-user/.rvm/gems/ruby-2.6.3/gems/capybara-3.35.3/lib/capybara.rb:424:in `new'[0m
            [36m# /home/ec2-user/.rvm/gems/ruby-2.6.3/gems/capybara-3.35.3/lib/capybara.rb:424:in `block in session_pool'[0m
            [36m# /home/ec2-user/.rvm/gems/ruby-2.6.3/gems/capybara-3.35.3/lib/capybara.rb:315:in `current_session'[0m
            [36m# /home/ec2-user/.rvm/gems/ruby-2.6.3/gems/capybara-3.35.3/lib/capybara/dsl.rb:46:in `page'[0m
            [36m# /home/ec2-user/.rvm/gems/ruby-2.6.3/gems/capybara-3.35.3/lib/capybara/dsl.rb:58:in `block (2 levels) in <module:DSL>'[0m
            [36m# ./spec/system/before_login_spec.rb:82:in `block (3 levels) in <main>'[0m
            [36m# ------------------[0m
            [36m# --- Caused by: ---[0m
            [36m# LoadError:[0m
            [36m#   cannot load such file -- selenium-webdriver[0m
            [36m#   /home/ec2-user/.rvm/gems/ruby-2.6.3/gems/bootsnap-1.7.3/lib/bootsnap/load_path_cache/core_ext/kernel_require.rb:34:in `require'[0m

      69.2) [31mFailure/Error: [0mraise [1;34;4mLoadError[0m, [31m[1;31m"[0m[31mCapybara's selenium driver is unable to load `selenium-webdriver`, please install the gem and add `gem 'selenium-webdriver'` to your Gemfile if you are using bundler.[1;31m"[0m[31m[0m[0m
            [31m[0m
            [31mLoadError:[0m
            [31m  Capybara's selenium driver is unable to load `selenium-webdriver`, please install the gem and add `gem 'selenium-webdriver'` to your Gemfile if you are using bundler.[0m
            [36m# /home/ec2-user/.rvm/gems/ruby-2.6.3/gems/capybara-3.35.3/lib/capybara/selenium/driver.rb:54:in `rescue in load_selenium'[0m
            [36m# /home/ec2-user/.rvm/gems/ruby-2.6.3/gems/capybara-3.35.3/lib/capybara/selenium/driver.rb:22:in `load_selenium'[0m
            [36m# /home/ec2-user/.rvm/gems/ruby-2.6.3/gems/capybara-3.35.3/lib/capybara/selenium/driver.rb:94:in `initialize'[0m
            [36m# /home/ec2-user/.rvm/gems/ruby-2.6.3/gems/capybara-3.35.3/lib/capybara/session.rb:104:in `driver'[0m
            [36m# /home/ec2-user/.rvm/gems/ruby-2.6.3/gems/capybara-3.35.3/lib/capybara/session.rb:90:in `initialize'[0m
            [36m# /home/ec2-user/.rvm/gems/ruby-2.6.3/gems/capybara-3.35.3/lib/capybara.rb:424:in `new'[0m
            [36m# /home/ec2-user/.rvm/gems/ruby-2.6.3/gems/capybara-3.35.3/lib/capybara.rb:424:in `block in session_pool'[0m
            [36m# /home/ec2-user/.rvm/gems/ruby-2.6.3/gems/capybara-3.35.3/lib/capybara.rb:315:in `current_session'[0m
            [36m# /home/ec2-user/.rvm/gems/ruby-2.6.3/gems/capybara-3.35.3/lib/capybara/dsl.rb:46:in `page'[0m
            [36m# ------------------[0m
            [36m# --- Caused by: ---[0m
            [36m# LoadError:[0m
            [36m#   cannot load such file -- selenium-webdriver[0m
            [36m#   /home/ec2-user/.rvm/gems/ruby-2.6.3/gems/bootsnap-1.7.3/lib/bootsnap/load_path_cache/core_ext/kernel_require.rb:34:in `require'[0m

  70) ãƒ­ã‚°ã‚¤ãƒ³å‰ã®ãƒ†ã‚¹ãƒˆ ãƒ¦ãƒ¼ã‚¶æ–°è¦ç™»éŒ²ã®ãƒ†ã‚¹ãƒˆ è¡¨ç¤ºå†…å®¹ã®ç¢ºèª passwordãƒ•ã‚©ãƒ¼ãƒ ãŒè¡¨ç¤ºã•ã‚Œã‚‹
      [31mGot 0 failures and 2 other errors:[0m

      70.1) [31mFailure/Error: [0mvisit new_user_registration_path[0m
            [31m[0m
            [31mLoadError:[0m
            [31m  Capybara's selenium driver is unable to load `selenium-webdriver`, please install the gem and add `gem 'selenium-webdriver'` to your Gemfile if you are using bundler.[0m
            [36m# /home/ec2-user/.rvm/gems/ruby-2.6.3/gems/capybara-3.35.3/lib/capybara/selenium/driver.rb:54:in `rescue in load_selenium'[0m
            [36m# /home/ec2-user/.rvm/gems/ruby-2.6.3/gems/capybara-3.35.3/lib/capybara/selenium/driver.rb:22:in `load_selenium'[0m
            [36m# /home/ec2-user/.rvm/gems/ruby-2.6.3/gems/capybara-3.35.3/lib/capybara/selenium/driver.rb:94:in `initialize'[0m
            [36m# /home/ec2-user/.rvm/gems/ruby-2.6.3/gems/capybara-3.35.3/lib/capybara/session.rb:104:in `driver'[0m
            [36m# /home/ec2-user/.rvm/gems/ruby-2.6.3/gems/capybara-3.35.3/lib/capybara/session.rb:90:in `initialize'[0m
            [36m# /home/ec2-user/.rvm/gems/ruby-2.6.3/gems/capybara-3.35.3/lib/capybara.rb:424:in `new'[0m
            [36m# /home/ec2-user/.rvm/gems/ruby-2.6.3/gems/capybara-3.35.3/lib/capybara.rb:424:in `block in session_pool'[0m
            [36m# /home/ec2-user/.rvm/gems/ruby-2.6.3/gems/capybara-3.35.3/lib/capybara.rb:315:in `current_session'[0m
            [36m# /home/ec2-user/.rvm/gems/ruby-2.6.3/gems/capybara-3.35.3/lib/capybara/dsl.rb:46:in `page'[0m
            [36m# /home/ec2-user/.rvm/gems/ruby-2.6.3/gems/capybara-3.35.3/lib/capybara/dsl.rb:58:in `block (2 levels) in <module:DSL>'[0m
            [36m# ./spec/system/before_login_spec.rb:82:in `block (3 levels) in <main>'[0m
            [36m# ------------------[0m
            [36m# --- Caused by: ---[0m
            [36m# LoadError:[0m
            [36m#   cannot load such file -- selenium-webdriver[0m
            [36m#   /home/ec2-user/.rvm/gems/ruby-2.6.3/gems/bootsnap-1.7.3/lib/bootsnap/load_path_cache/core_ext/kernel_require.rb:34:in `require'[0m

      70.2) [31mFailure/Error: [0mraise [1;34;4mLoadError[0m, [31m[1;31m"[0m[31mCapybara's selenium driver is unable to load `selenium-webdriver`, please install the gem and add `gem 'selenium-webdriver'` to your Gemfile if you are using bundler.[1;31m"[0m[31m[0m[0m
            [31m[0m
            [31mLoadError:[0m
            [31m  Capybara's selenium driver is unable to load `selenium-webdriver`, please install the gem and add `gem 'selenium-webdriver'` to your Gemfile if you are using bundler.[0m
            [36m# /home/ec2-user/.rvm/gems/ruby-2.6.3/gems/capybara-3.35.3/lib/capybara/selenium/driver.rb:54:in `rescue in load_selenium'[0m
            [36m# /home/ec2-user/.rvm/gems/ruby-2.6.3/gems/capybara-3.35.3/lib/capybara/selenium/driver.rb:22:in `load_selenium'[0m
            [36m# /home/ec2-user/.rvm/gems/ruby-2.6.3/gems/capybara-3.35.3/lib/capybara/selenium/driver.rb:94:in `initialize'[0m
            [36m# /home/ec2-user/.rvm/gems/ruby-2.6.3/gems/capybara-3.35.3/lib/capybara/session.rb:104:in `driver'[0m
            [36m# /home/ec2-user/.rvm/gems/ruby-2.6.3/gems/capybara-3.35.3/lib/capybara/session.rb:90:in `initialize'[0m
            [36m# /home/ec2-user/.rvm/gems/ruby-2.6.3/gems/capybara-3.35.3/lib/capybara.rb:424:in `new'[0m
            [36m# /home/ec2-user/.rvm/gems/ruby-2.6.3/gems/capybara-3.35.3/lib/capybara.rb:424:in `block in session_pool'[0m
            [36m# /home/ec2-user/.rvm/gems/ruby-2.6.3/gems/capybara-3.35.3/lib/capybara.rb:315:in `current_session'[0m
            [36m# /home/ec2-user/.rvm/gems/ruby-2.6.3/gems/capybara-3.35.3/lib/capybara/dsl.rb:46:in `page'[0m
            [36m# ------------------[0m
            [36m# --- Caused by: ---[0m
            [36m# LoadError:[0m
            [36m#   cannot load such file -- selenium-webdriver[0m
            [36m#   /home/ec2-user/.rvm/gems/ruby-2.6.3/gems/bootsnap-1.7.3/lib/bootsnap/load_path_cache/core_ext/kernel_require.rb:34:in `require'[0m

  71) ãƒ­ã‚°ã‚¤ãƒ³å‰ã®ãƒ†ã‚¹ãƒˆ ãƒ¦ãƒ¼ã‚¶æ–°è¦ç™»éŒ²ã®ãƒ†ã‚¹ãƒˆ è¡¨ç¤ºå†…å®¹ã®ç¢ºèª password_confirmationãƒ•ã‚©ãƒ¼ãƒ ãŒè¡¨ç¤ºã•ã‚Œã‚‹
      [31mGot 0 failures and 2 other errors:[0m

      71.1) [31mFailure/Error: [0mvisit new_user_registration_path[0m
            [31m[0m
            [31mLoadError:[0m
            [31m  Capybara's selenium driver is unable to load `selenium-webdriver`, please install the gem and add `gem 'selenium-webdriver'` to your Gemfile if you are using bundler.[0m
            [36m# /home/ec2-user/.rvm/gems/ruby-2.6.3/gems/capybara-3.35.3/lib/capybara/selenium/driver.rb:54:in `rescue in load_selenium'[0m
            [36m# /home/ec2-user/.rvm/gems/ruby-2.6.3/gems/capybara-3.35.3/lib/capybara/selenium/driver.rb:22:in `load_selenium'[0m
            [36m# /home/ec2-user/.rvm/gems/ruby-2.6.3/gems/capybara-3.35.3/lib/capybara/selenium/driver.rb:94:in `initialize'[0m
            [36m# /home/ec2-user/.rvm/gems/ruby-2.6.3/gems/capybara-3.35.3/lib/capybara/session.rb:104:in `driver'[0m
            [36m# /home/ec2-user/.rvm/gems/ruby-2.6.3/gems/capybara-3.35.3/lib/capybara/session.rb:90:in `initialize'[0m
            [36m# /home/ec2-user/.rvm/gems/ruby-2.6.3/gems/capybara-3.35.3/lib/capybara.rb:424:in `new'[0m
            [36m# /home/ec2-user/.rvm/gems/ruby-2.6.3/gems/capybara-3.35.3/lib/capybara.rb:424:in `block in session_pool'[0m
            [36m# /home/ec2-user/.rvm/gems/ruby-2.6.3/gems/capybara-3.35.3/lib/capybara.rb:315:in `current_session'[0m
            [36m# /home/ec2-user/.rvm/gems/ruby-2.6.3/gems/capybara-3.35.3/lib/capybara/dsl.rb:46:in `page'[0m
            [36m# /home/ec2-user/.rvm/gems/ruby-2.6.3/gems/capybara-3.35.3/lib/capybara/dsl.rb:58:in `block (2 levels) in <module:DSL>'[0m
            [36m# ./spec/system/before_login_spec.rb:82:in `block (3 levels) in <main>'[0m
            [36m# ------------------[0m
            [36m# --- Caused by: ---[0m
            [36m# LoadError:[0m
            [36m#   cannot load such file -- selenium-webdriver[0m
            [36m#   /home/ec2-user/.rvm/gems/ruby-2.6.3/gems/bootsnap-1.7.3/lib/bootsnap/load_path_cache/core_ext/kernel_require.rb:34:in `require'[0m

      71.2) [31mFailure/Error: [0mraise [1;34;4mLoadError[0m, [31m[1;31m"[0m[31mCapybara's selenium driver is unable to load `selenium-webdriver`, please install the gem and add `gem 'selenium-webdriver'` to your Gemfile if you are using bundler.[1;31m"[0m[31m[0m[0m
            [31m[0m
            [31mLoadError:[0m
            [31m  Capybara's selenium driver is unable to load `selenium-webdriver`, please install the gem and add `gem 'selenium-webdriver'` to your Gemfile if you are using bundler.[0m
            [36m# /home/ec2-user/.rvm/gems/ruby-2.6.3/gems/capybara-3.35.3/lib/capybara/selenium/driver.rb:54:in `rescue in load_selenium'[0m
            [36m# /home/ec2-user/.rvm/gems/ruby-2.6.3/gems/capybara-3.35.3/lib/capybara/selenium/driver.rb:22:in `load_selenium'[0m
            [36m# /home/ec2-user/.rvm/gems/ruby-2.6.3/gems/capybara-3.35.3/lib/capybara/selenium/driver.rb:94:in `initialize'[0m
            [36m# /home/ec2-user/.rvm/gems/ruby-2.6.3/gems/capybara-3.35.3/lib/capybara/session.rb:104:in `driver'[0m
            [36m# /home/ec2-user/.rvm/gems/ruby-2.6.3/gems/capybara-3.35.3/lib/capybara/session.rb:90:in `initialize'[0m
            [36m# /home/ec2-user/.rvm/gems/ruby-2.6.3/gems/capybara-3.35.3/lib/capybara.rb:424:in `new'[0m
            [36m# /home/ec2-user/.rvm/gems/ruby-2.6.3/gems/capybara-3.35.3/lib/capybara.rb:424:in `block in session_pool'[0m
            [36m# /home/ec2-user/.rvm/gems/ruby-2.6.3/gems/capybara-3.35.3/lib/capybara.rb:315:in `current_session'[0m
            [36m# /home/ec2-user/.rvm/gems/ruby-2.6.3/gems/capybara-3.35.3/lib/capybara/dsl.rb:46:in `page'[0m
            [36m# ------------------[0m
            [36m# --- Caused by: ---[0m
            [36m# LoadError:[0m
            [36m#   cannot load such file -- selenium-webdriver[0m
            [36m#   /home/ec2-user/.rvm/gems/ruby-2.6.3/gems/bootsnap-1.7.3/lib/bootsnap/load_path_cache/core_ext/kernel_require.rb:34:in `require'[0m

  72) ãƒ­ã‚°ã‚¤ãƒ³å‰ã®ãƒ†ã‚¹ãƒˆ ãƒ¦ãƒ¼ã‚¶æ–°è¦ç™»éŒ²ã®ãƒ†ã‚¹ãƒˆ è¡¨ç¤ºå†…å®¹ã®ç¢ºèª Sign upãƒœã‚¿ãƒ³ãŒè¡¨ç¤ºã•ã‚Œã‚‹
      [31mGot 0 failures and 2 other errors:[0m

      72.1) [31mFailure/Error: [0mvisit new_user_registration_path[0m
            [31m[0m
            [31mLoadError:[0m
            [31m  Capybara's selenium driver is unable to load `selenium-webdriver`, please install the gem and add `gem 'selenium-webdriver'` to your Gemfile if you are using bundler.[0m
            [36m# /home/ec2-user/.rvm/gems/ruby-2.6.3/gems/capybara-3.35.3/lib/capybara/selenium/driver.rb:54:in `rescue in load_selenium'[0m
            [36m# /home/ec2-user/.rvm/gems/ruby-2.6.3/gems/capybara-3.35.3/lib/capybara/selenium/driver.rb:22:in `load_selenium'[0m
            [36m# /home/ec2-user/.rvm/gems/ruby-2.6.3/gems/capybara-3.35.3/lib/capybara/selenium/driver.rb:94:in `initialize'[0m
            [36m# /home/ec2-user/.rvm/gems/ruby-2.6.3/gems/capybara-3.35.3/lib/capybara/session.rb:104:in `driver'[0m
            [36m# /home/ec2-user/.rvm/gems/ruby-2.6.3/gems/capybara-3.35.3/lib/capybara/session.rb:90:in `initialize'[0m
            [36m# /home/ec2-user/.rvm/gems/ruby-2.6.3/gems/capybara-3.35.3/lib/capybara.rb:424:in `new'[0m
            [36m# /home/ec2-user/.rvm/gems/ruby-2.6.3/gems/capybara-3.35.3/lib/capybara.rb:424:in `block in session_pool'[0m
            [36m# /home/ec2-user/.rvm/gems/ruby-2.6.3/gems/capybara-3.35.3/lib/capybara.rb:315:in `current_session'[0m
            [36m# /home/ec2-user/.rvm/gems/ruby-2.6.3/gems/capybara-3.35.3/lib/capybara/dsl.rb:46:in `page'[0m
            [36m# /home/ec2-user/.rvm/gems/ruby-2.6.3/gems/capybara-3.35.3/lib/capybara/dsl.rb:58:in `block (2 levels) in <module:DSL>'[0m
            [36m# ./spec/system/before_login_spec.rb:82:in `block (3 levels) in <main>'[0m
            [36m# ------------------[0m
            [36m# --- Caused by: ---[0m
            [36m# LoadError:[0m
            [36m#   cannot load such file -- selenium-webdriver[0m
            [36m#   /home/ec2-user/.rvm/gems/ruby-2.6.3/gems/bootsnap-1.7.3/lib/bootsnap/load_path_cache/core_ext/kernel_require.rb:34:in `require'[0m

      72.2) [31mFailure/Error: [0mraise [1;34;4mLoadError[0m, [31m[1;31m"[0m[31mCapybara's selenium driver is unable to load `selenium-webdriver`, please install the gem and add `gem 'selenium-webdriver'` to your Gemfile if you are using bundler.[1;31m"[0m[31m[0m[0m
            [31m[0m
            [31mLoadError:[0m
            [31m  Capybara's selenium driver is unable to load `selenium-webdriver`, please install the gem and add `gem 'selenium-webdriver'` to your Gemfile if you are using bundler.[0m
            [36m# /home/ec2-user/.rvm/gems/ruby-2.6.3/gems/capybara-3.35.3/lib/capybara/selenium/driver.rb:54:in `rescue in load_selenium'[0m
            [36m# /home/ec2-user/.rvm/gems/ruby-2.6.3/gems/capybara-3.35.3/lib/capybara/selenium/driver.rb:22:in `load_selenium'[0m
            [36m# /home/ec2-user/.rvm/gems/ruby-2.6.3/gems/capybara-3.35.3/lib/capybara/selenium/driver.rb:94:in `initialize'[0m
            [36m# /home/ec2-user/.rvm/gems/ruby-2.6.3/gems/capybara-3.35.3/lib/capybara/session.rb:104:in `driver'[0m
            [36m# /home/ec2-user/.rvm/gems/ruby-2.6.3/gems/capybara-3.35.3/lib/capybara/session.rb:90:in `initialize'[0m
            [36m# /home/ec2-user/.rvm/gems/ruby-2.6.3/gems/capybara-3.35.3/lib/capybara.rb:424:in `new'[0m
            [36m# /home/ec2-user/.rvm/gems/ruby-2.6.3/gems/capybara-3.35.3/lib/capybara.rb:424:in `block in session_pool'[0m
            [36m# /home/ec2-user/.rvm/gems/ruby-2.6.3/gems/capybara-3.35.3/lib/capybara.rb:315:in `current_session'[0m
            [36m# /home/ec2-user/.rvm/gems/ruby-2.6.3/gems/capybara-3.35.3/lib/capybara/dsl.rb:46:in `page'[0m
            [36m# ------------------[0m
            [36m# --- Caused by: ---[0m
            [36m# LoadError:[0m
            [36m#   cannot load such file -- selenium-webdriver[0m
            [36m#   /home/ec2-user/.rvm/gems/ruby-2.6.3/gems/bootsnap-1.7.3/lib/bootsnap/load_path_cache/core_ext/kernel_require.rb:34:in `require'[0m

  73) ãƒ­ã‚°ã‚¤ãƒ³å‰ã®ãƒ†ã‚¹ãƒˆ ãƒ¦ãƒ¼ã‚¶æ–°è¦ç™»éŒ²ã®ãƒ†ã‚¹ãƒˆ æ–°è¦ç™»éŒ²æˆåŠŸã®ãƒ†ã‚¹ãƒˆ æ­£ã—ãæ–°è¦ç™»éŒ²ã•ã‚Œã‚‹
      [31mGot 0 failures and 2 other errors:[0m

      73.1) [31mFailure/Error: [0mvisit new_user_registration_path[0m
            [31m[0m
            [31mLoadError:[0m
            [31m  Capybara's selenium driver is unable to load `selenium-webdriver`, please install the gem and add `gem 'selenium-webdriver'` to your Gemfile if you are using bundler.[0m
            [36m# /home/ec2-user/.rvm/gems/ruby-2.6.3/gems/capybara-3.35.3/lib/capybara/selenium/driver.rb:54:in `rescue in load_selenium'[0m
            [36m# /home/ec2-user/.rvm/gems/ruby-2.6.3/gems/capybara-3.35.3/lib/capybara/selenium/driver.rb:22:in `load_selenium'[0m
            [36m# /home/ec2-user/.rvm/gems/ruby-2.6.3/gems/capybara-3.35.3/lib/capybara/selenium/driver.rb:94:in `initialize'[0m
            [36m# /home/ec2-user/.rvm/gems/ruby-2.6.3/gems/capybara-3.35.3/lib/capybara/session.rb:104:in `driver'[0m
            [36m# /home/ec2-user/.rvm/gems/ruby-2.6.3/gems/capybara-3.35.3/lib/capybara/session.rb:90:in `initialize'[0m
            [36m# /home/ec2-user/.rvm/gems/ruby-2.6.3/gems/capybara-3.35.3/lib/capybara.rb:424:in `new'[0m
            [36m# /home/ec2-user/.rvm/gems/ruby-2.6.3/gems/capybara-3.35.3/lib/capybara.rb:424:in `block in session_pool'[0m
            [36m# /home/ec2-user/.rvm/gems/ruby-2.6.3/gems/capybara-3.35.3/lib/capybara.rb:315:in `current_session'[0m
            [36m# /home/ec2-user/.rvm/gems/ruby-2.6.3/gems/capybara-3.35.3/lib/capybara/dsl.rb:46:in `page'[0m
            [36m# /home/ec2-user/.rvm/gems/ruby-2.6.3/gems/capybara-3.35.3/lib/capybara/dsl.rb:58:in `block (2 levels) in <module:DSL>'[0m
            [36m# ./spec/system/before_login_spec.rb:82:in `block (3 levels) in <main>'[0m
            [36m# ------------------[0m
            [36m# --- Caused by: ---[0m
            [36m# LoadError:[0m
            [36m#   cannot load such file -- selenium-webdriver[0m
            [36m#   /home/ec2-user/.rvm/gems/ruby-2.6.3/gems/bootsnap-1.7.3/lib/bootsnap/load_path_cache/core_ext/kernel_require.rb:34:in `require'[0m

      73.2) [31mFailure/Error: [0mraise [1;34;4mLoadError[0m, [31m[1;31m"[0m[31mCapybara's selenium driver is unable to load `selenium-webdriver`, please install the gem and add `gem 'selenium-webdriver'` to your Gemfile if you are using bundler.[1;31m"[0m[31m[0m[0m
            [31m[0m
            [31mLoadError:[0m
            [31m  Capybara's selenium driver is unable to load `selenium-webdriver`, please install the gem and add `gem 'selenium-webdriver'` to your Gemfile if you are using bundler.[0m
            [36m# /home/ec2-user/.rvm/gems/ruby-2.6.3/gems/capybara-3.35.3/lib/capybara/selenium/driver.rb:54:in `rescue in load_selenium'[0m
            [36m# /home/ec2-user/.rvm/gems/ruby-2.6.3/gems/capybara-3.35.3/lib/capybara/selenium/driver.rb:22:in `load_selenium'[0m
            [36m# /home/ec2-user/.rvm/gems/ruby-2.6.3/gems/capybara-3.35.3/lib/capybara/selenium/driver.rb:94:in `initialize'[0m
            [36m# /home/ec2-user/.rvm/gems/ruby-2.6.3/gems/capybara-3.35.3/lib/capybara/session.rb:104:in `driver'[0m
            [36m# /home/ec2-user/.rvm/gems/ruby-2.6.3/gems/capybara-3.35.3/lib/capybara/session.rb:90:in `initialize'[0m
            [36m# /home/ec2-user/.rvm/gems/ruby-2.6.3/gems/capybara-3.35.3/lib/capybara.rb:424:in `new'[0m
            [36m# /home/ec2-user/.rvm/gems/ruby-2.6.3/gems/capybara-3.35.3/lib/capybara.rb:424:in `block in session_pool'[0m
            [36m# /home/ec2-user/.rvm/gems/ruby-2.6.3/gems/capybara-3.35.3/lib/capybara.rb:315:in `current_session'[0m
            [36m# /home/ec2-user/.rvm/gems/ruby-2.6.3/gems/capybara-3.35.3/lib/capybara/dsl.rb:46:in `page'[0m
            [36m# ------------------[0m
            [36m# --- Caused by: ---[0m
            [36m# LoadError:[0m
            [36m#   cannot load such file -- selenium-webdriver[0m
            [36m#   /home/ec2-user/.rvm/gems/ruby-2.6.3/gems/bootsnap-1.7.3/lib/bootsnap/load_path_cache/core_ext/kernel_require.rb:34:in `require'[0m

  74) ãƒ­ã‚°ã‚¤ãƒ³å‰ã®ãƒ†ã‚¹ãƒˆ ãƒ¦ãƒ¼ã‚¶æ–°è¦ç™»éŒ²ã®ãƒ†ã‚¹ãƒˆ æ–°è¦ç™»éŒ²æˆåŠŸã®ãƒ†ã‚¹ãƒˆ æ–°è¦ç™»éŒ²å¾Œã®ãƒªãƒ€ã‚¤ãƒ¬ã‚¯ãƒˆå…ˆãŒã€æŠ•ç¨¿ä¸€è¦§ç”»é¢ã«ãªã£ã¦ã„ã‚‹
      [31mGot 0 failures and 2 other errors:[0m

      74.1) [31mFailure/Error: [0mvisit new_user_registration_path[0m
            [31m[0m
            [31mLoadError:[0m
            [31m  Capybara's selenium driver is unable to load `selenium-webdriver`, please install the gem and add `gem 'selenium-webdriver'` to your Gemfile if you are using bundler.[0m
            [36m# /home/ec2-user/.rvm/gems/ruby-2.6.3/gems/capybara-3.35.3/lib/capybara/selenium/driver.rb:54:in `rescue in load_selenium'[0m
            [36m# /home/ec2-user/.rvm/gems/ruby-2.6.3/gems/capybara-3.35.3/lib/capybara/selenium/driver.rb:22:in `load_selenium'[0m
            [36m# /home/ec2-user/.rvm/gems/ruby-2.6.3/gems/capybara-3.35.3/lib/capybara/selenium/driver.rb:94:in `initialize'[0m
            [36m# /home/ec2-user/.rvm/gems/ruby-2.6.3/gems/capybara-3.35.3/lib/capybara/session.rb:104:in `driver'[0m
            [36m# /home/ec2-user/.rvm/gems/ruby-2.6.3/gems/capybara-3.35.3/lib/capybara/session.rb:90:in `initialize'[0m
            [36m# /home/ec2-user/.rvm/gems/ruby-2.6.3/gems/capybara-3.35.3/lib/capybara.rb:424:in `new'[0m
            [36m# /home/ec2-user/.rvm/gems/ruby-2.6.3/gems/capybara-3.35.3/lib/capybara.rb:424:in `block in session_pool'[0m
            [36m# /home/ec2-user/.rvm/gems/ruby-2.6.3/gems/capybara-3.35.3/lib/capybara.rb:315:in `current_session'[0m
            [36m# /home/ec2-user/.rvm/gems/ruby-2.6.3/gems/capybara-3.35.3/lib/capybara/dsl.rb:46:in `page'[0m
            [36m# /home/ec2-user/.rvm/gems/ruby-2.6.3/gems/capybara-3.35.3/lib/capybara/dsl.rb:58:in `block (2 levels) in <module:DSL>'[0m
            [36m# ./spec/system/before_login_spec.rb:82:in `block (3 levels) in <main>'[0m
            [36m# ------------------[0m
            [36m# --- Caused by: ---[0m
            [36m# LoadError:[0m
            [36m#   cannot load such file -- selenium-webdriver[0m
            [36m#   /home/ec2-user/.rvm/gems/ruby-2.6.3/gems/bootsnap-1.7.3/lib/bootsnap/load_path_cache/core_ext/kernel_require.rb:34:in `require'[0m

      74.2) [31mFailure/Error: [0mraise [1;34;4mLoadError[0m, [31m[1;31m"[0m[31mCapybara's selenium driver is unable to load `selenium-webdriver`, please install the gem and add `gem 'selenium-webdriver'` to your Gemfile if you are using bundler.[1;31m"[0m[31m[0m[0m
            [31m[0m
            [31mLoadError:[0m
            [31m  Capybara's selenium driver is unable to load `selenium-webdriver`, please install the gem and add `gem 'selenium-webdriver'` to your Gemfile if you are using bundler.[0m
            [36m# /home/ec2-user/.rvm/gems/ruby-2.6.3/gems/capybara-3.35.3/lib/capybara/selenium/driver.rb:54:in `rescue in load_selenium'[0m
            [36m# /home/ec2-user/.rvm/gems/ruby-2.6.3/gems/capybara-3.35.3/lib/capybara/selenium/driver.rb:22:in `load_selenium'[0m
            [36m# /home/ec2-user/.rvm/gems/ruby-2.6.3/gems/capybara-3.35.3/lib/capybara/selenium/driver.rb:94:in `initialize'[0m
            [36m# /home/ec2-user/.rvm/gems/ruby-2.6.3/gems/capybara-3.35.3/lib/capybara/session.rb:104:in `driver'[0m
            [36m# /home/ec2-user/.rvm/gems/ruby-2.6.3/gems/capybara-3.35.3/lib/capybara/session.rb:90:in `initialize'[0m
            [36m# /home/ec2-user/.rvm/gems/ruby-2.6.3/gems/capybara-3.35.3/lib/capybara.rb:424:in `new'[0m
            [36m# /home/ec2-user/.rvm/gems/ruby-2.6.3/gems/capybara-3.35.3/lib/capybara.rb:424:in `block in session_pool'[0m
            [36m# /home/ec2-user/.rvm/gems/ruby-2.6.3/gems/capybara-3.35.3/lib/capybara.rb:315:in `current_session'[0m
            [36m# /home/ec2-user/.rvm/gems/ruby-2.6.3/gems/capybara-3.35.3/lib/capybara/dsl.rb:46:in `page'[0m
            [36m# ------------------[0m
            [36m# --- Caused by: ---[0m
            [36m# LoadError:[0m
            [36m#   cannot load such file -- selenium-webdriver[0m
            [36m#   /home/ec2-user/.rvm/gems/ruby-2.6.3/gems/bootsnap-1.7.3/lib/bootsnap/load_path_cache/core_ext/kernel_require.rb:34:in `require'[0m

  75) ãƒ­ã‚°ã‚¤ãƒ³å‰ã®ãƒ†ã‚¹ãƒˆ ãƒ¦ãƒ¼ã‚¶ãƒ­ã‚°ã‚¤ãƒ³ è¡¨ç¤ºå†…å®¹ã®ç¢ºèª URLãŒæ­£ã—ã„
      [31mGot 0 failures and 2 other errors:[0m

      75.1) [31mFailure/Error: [0mvisit new_user_session_path[0m
            [31m[0m
            [31mLoadError:[0m
            [31m  Capybara's selenium driver is unable to load `selenium-webdriver`, please install the gem and add `gem 'selenium-webdriver'` to your Gemfile if you are using bundler.[0m
            [36m# /home/ec2-user/.rvm/gems/ruby-2.6.3/gems/capybara-3.35.3/lib/capybara/selenium/driver.rb:54:in `rescue in load_selenium'[0m
            [36m# /home/ec2-user/.rvm/gems/ruby-2.6.3/gems/capybara-3.35.3/lib/capybara/selenium/driver.rb:22:in `load_selenium'[0m
            [36m# /home/ec2-user/.rvm/gems/ruby-2.6.3/gems/capybara-3.35.3/lib/capybara/selenium/driver.rb:94:in `initialize'[0m
            [36m# /home/ec2-user/.rvm/gems/ruby-2.6.3/gems/capybara-3.35.3/lib/capybara/session.rb:104:in `driver'[0m
            [36m# /home/ec2-user/.rvm/gems/ruby-2.6.3/gems/capybara-3.35.3/lib/capybara/session.rb:90:in `initialize'[0m
            [36m# /home/ec2-user/.rvm/gems/ruby-2.6.3/gems/capybara-3.35.3/lib/capybara.rb:424:in `new'[0m
            [36m# /home/ec2-user/.rvm/gems/ruby-2.6.3/gems/capybara-3.35.3/lib/capybara.rb:424:in `block in session_pool'[0m
            [36m# /home/ec2-user/.rvm/gems/ruby-2.6.3/gems/capybara-3.35.3/lib/capybara.rb:315:in `current_session'[0m
            [36m# /home/ec2-user/.rvm/gems/ruby-2.6.3/gems/capybara-3.35.3/lib/capybara/dsl.rb:46:in `page'[0m
            [36m# /home/ec2-user/.rvm/gems/ruby-2.6.3/gems/capybara-3.35.3/lib/capybara/dsl.rb:58:in `block (2 levels) in <module:DSL>'[0m
            [36m# ./spec/system/before_login_spec.rb:131:in `block (3 levels) in <main>'[0m
            [36m# ------------------[0m
            [36m# --- Caused by: ---[0m
            [36m# LoadError:[0m
            [36m#   cannot load such file -- selenium-webdriver[0m
            [36m#   /home/ec2-user/.rvm/gems/ruby-2.6.3/gems/bootsnap-1.7.3/lib/bootsnap/load_path_cache/core_ext/kernel_require.rb:34:in `require'[0m

      75.2) [31mFailure/Error: [0mraise [1;34;4mLoadError[0m, [31m[1;31m"[0m[31mCapybara's selenium driver is unable to load `selenium-webdriver`, please install the gem and add `gem 'selenium-webdriver'` to your Gemfile if you are using bundler.[1;31m"[0m[31m[0m[0m
            [31m[0m
            [31mLoadError:[0m
            [31m  Capybara's selenium driver is unable to load `selenium-webdriver`, please install the gem and add `gem 'selenium-webdriver'` to your Gemfile if you are using bundler.[0m
            [36m# /home/ec2-user/.rvm/gems/ruby-2.6.3/gems/capybara-3.35.3/lib/capybara/selenium/driver.rb:54:in `rescue in load_selenium'[0m
            [36m# /home/ec2-user/.rvm/gems/ruby-2.6.3/gems/capybara-3.35.3/lib/capybara/selenium/driver.rb:22:in `load_selenium'[0m
            [36m# /home/ec2-user/.rvm/gems/ruby-2.6.3/gems/capybara-3.35.3/lib/capybara/selenium/driver.rb:94:in `initialize'[0m
            [36m# /home/ec2-user/.rvm/gems/ruby-2.6.3/gems/capybara-3.35.3/lib/capybara/session.rb:104:in `driver'[0m
            [36m# /home/ec2-user/.rvm/gems/ruby-2.6.3/gems/capybara-3.35.3/lib/capybara/session.rb:90:in `initialize'[0m
            [36m# /home/ec2-user/.rvm/gems/ruby-2.6.3/gems/capybara-3.35.3/lib/capybara.rb:424:in `new'[0m
            [36m# /home/ec2-user/.rvm/gems/ruby-2.6.3/gems/capybara-3.35.3/lib/capybara.rb:424:in `block in session_pool'[0m
            [36m# /home/ec2-user/.rvm/gems/ruby-2.6.3/gems/capybara-3.35.3/lib/capybara.rb:315:in `current_session'[0m
            [36m# /home/ec2-user/.rvm/gems/ruby-2.6.3/gems/capybara-3.35.3/lib/capybara/dsl.rb:46:in `page'[0m
            [36m# ------------------[0m
            [36m# --- Caused by: ---[0m
            [36m# LoadError:[0m
            [36m#   cannot load such file -- selenium-webdriver[0m
            [36m#   /home/ec2-user/.rvm/gems/ruby-2.6.3/gems/bootsnap-1.7.3/lib/bootsnap/load_path_cache/core_ext/kernel_require.rb:34:in `require'[0m

  76) ãƒ­ã‚°ã‚¤ãƒ³å‰ã®ãƒ†ã‚¹ãƒˆ ãƒ¦ãƒ¼ã‚¶ãƒ­ã‚°ã‚¤ãƒ³ è¡¨ç¤ºå†…å®¹ã®ç¢ºèª ã€ŒLog inã€ã¨è¡¨ç¤ºã•ã‚Œã‚‹
      [31mGot 0 failures and 2 other errors:[0m

      76.1) [31mFailure/Error: [0mvisit new_user_session_path[0m
            [31m[0m
            [31mLoadError:[0m
            [31m  Capybara's selenium driver is unable to load `selenium-webdriver`, please install the gem and add `gem 'selenium-webdriver'` to your Gemfile if you are using bundler.[0m
            [36m# /home/ec2-user/.rvm/gems/ruby-2.6.3/gems/capybara-3.35.3/lib/capybara/selenium/driver.rb:54:in `rescue in load_selenium'[0m
            [36m# /home/ec2-user/.rvm/gems/ruby-2.6.3/gems/capybara-3.35.3/lib/capybara/selenium/driver.rb:22:in `load_selenium'[0m
            [36m# /home/ec2-user/.rvm/gems/ruby-2.6.3/gems/capybara-3.35.3/lib/capybara/selenium/driver.rb:94:in `initialize'[0m
            [36m# /home/ec2-user/.rvm/gems/ruby-2.6.3/gems/capybara-3.35.3/lib/capybara/session.rb:104:in `driver'[0m
            [36m# /home/ec2-user/.rvm/gems/ruby-2.6.3/gems/capybara-3.35.3/lib/capybara/session.rb:90:in `initialize'[0m
            [36m# /home/ec2-user/.rvm/gems/ruby-2.6.3/gems/capybara-3.35.3/lib/capybara.rb:424:in `new'[0m
            [36m# /home/ec2-user/.rvm/gems/ruby-2.6.3/gems/capybara-3.35.3/lib/capybara.rb:424:in `block in session_pool'[0m
            [36m# /home/ec2-user/.rvm/gems/ruby-2.6.3/gems/capybara-3.35.3/lib/capybara.rb:315:in `current_session'[0m
            [36m# /home/ec2-user/.rvm/gems/ruby-2.6.3/gems/capybara-3.35.3/lib/capybara/dsl.rb:46:in `page'[0m
            [36m# /home/ec2-user/.rvm/gems/ruby-2.6.3/gems/capybara-3.35.3/lib/capybara/dsl.rb:58:in `block (2 levels) in <module:DSL>'[0m
            [36m# ./spec/system/before_login_spec.rb:131:in `block (3 levels) in <main>'[0m
            [36m# ------------------[0m
            [36m# --- Caused by: ---[0m
            [36m# LoadError:[0m
            [36m#   cannot load such file -- selenium-webdriver[0m
            [36m#   /home/ec2-user/.rvm/gems/ruby-2.6.3/gems/bootsnap-1.7.3/lib/bootsnap/load_path_cache/core_ext/kernel_require.rb:34:in `require'[0m

      76.2) [31mFailure/Error: [0mraise [1;34;4mLoadError[0m, [31m[1;31m"[0m[31mCapybara's selenium driver is unable to load `selenium-webdriver`, please install the gem and add `gem 'selenium-webdriver'` to your Gemfile if you are using bundler.[1;31m"[0m[31m[0m[0m
            [31m[0m
            [31mLoadError:[0m
            [31m  Capybara's selenium driver is unable to load `selenium-webdriver`, please install the gem and add `gem 'selenium-webdriver'` to your Gemfile if you are using bundler.[0m
            [36m# /home/ec2-user/.rvm/gems/ruby-2.6.3/gems/capybara-3.35.3/lib/capybara/selenium/driver.rb:54:in `rescue in load_selenium'[0m
            [36m# /home/ec2-user/.rvm/gems/ruby-2.6.3/gems/capybara-3.35.3/lib/capybara/selenium/driver.rb:22:in `load_selenium'[0m
            [36m# /home/ec2-user/.rvm/gems/ruby-2.6.3/gems/capybara-3.35.3/lib/capybara/selenium/driver.rb:94:in `initialize'[0m
            [36m# /home/ec2-user/.rvm/gems/ruby-2.6.3/gems/capybara-3.35.3/lib/capybara/session.rb:104:in `driver'[0m
            [36m# /home/ec2-user/.rvm/gems/ruby-2.6.3/gems/capybara-3.35.3/lib/capybara/session.rb:90:in `initialize'[0m
            [36m# /home/ec2-user/.rvm/gems/ruby-2.6.3/gems/capybara-3.35.3/lib/capybara.rb:424:in `new'[0m
            [36m# /home/ec2-user/.rvm/gems/ruby-2.6.3/gems/capybara-3.35.3/lib/capybara.rb:424:in `block in session_pool'[0m
            [36m# /home/ec2-user/.rvm/gems/ruby-2.6.3/gems/capybara-3.35.3/lib/capybara.rb:315:in `current_session'[0m
            [36m# /home/ec2-user/.rvm/gems/ruby-2.6.3/gems/capybara-3.35.3/lib/capybara/dsl.rb:46:in `page'[0m
            [36m# ------------------[0m
            [36m# --- Caused by: ---[0m
            [36m# LoadError:[0m
            [36m#   cannot load such file -- selenium-webdriver[0m
            [36m#   /home/ec2-user/.rvm/gems/ruby-2.6.3/gems/bootsnap-1.7.3/lib/bootsnap/load_path_cache/core_ext/kernel_require.rb:34:in `require'[0m

  77) ãƒ­ã‚°ã‚¤ãƒ³å‰ã®ãƒ†ã‚¹ãƒˆ ãƒ¦ãƒ¼ã‚¶ãƒ­ã‚°ã‚¤ãƒ³ è¡¨ç¤ºå†…å®¹ã®ç¢ºèª emailãƒ•ã‚©ãƒ¼ãƒ ãŒè¡¨ç¤ºã•ã‚Œã‚‹
      [31mGot 0 failures and 2 other errors:[0m

      77.1) [31mFailure/Error: [0mvisit new_user_session_path[0m
            [31m[0m
            [31mLoadError:[0m
            [31m  Capybara's selenium driver is unable to load `selenium-webdriver`, please install the gem and add `gem 'selenium-webdriver'` to your Gemfile if you are using bundler.[0m
            [36m# /home/ec2-user/.rvm/gems/ruby-2.6.3/gems/capybara-3.35.3/lib/capybara/selenium/driver.rb:54:in `rescue in load_selenium'[0m
            [36m# /home/ec2-user/.rvm/gems/ruby-2.6.3/gems/capybara-3.35.3/lib/capybara/selenium/driver.rb:22:in `load_selenium'[0m
            [36m# /home/ec2-user/.rvm/gems/ruby-2.6.3/gems/capybara-3.35.3/lib/capybara/selenium/driver.rb:94:in `initialize'[0m
            [36m# /home/ec2-user/.rvm/gems/ruby-2.6.3/gems/capybara-3.35.3/lib/capybara/session.rb:104:in `driver'[0m
            [36m# /home/ec2-user/.rvm/gems/ruby-2.6.3/gems/capybara-3.35.3/lib/capybara/session.rb:90:in `initialize'[0m
            [36m# /home/ec2-user/.rvm/gems/ruby-2.6.3/gems/capybara-3.35.3/lib/capybara.rb:424:in `new'[0m
            [36m# /home/ec2-user/.rvm/gems/ruby-2.6.3/gems/capybara-3.35.3/lib/capybara.rb:424:in `block in session_pool'[0m
            [36m# /home/ec2-user/.rvm/gems/ruby-2.6.3/gems/capybara-3.35.3/lib/capybara.rb:315:in `current_session'[0m
            [36m# /home/ec2-user/.rvm/gems/ruby-2.6.3/gems/capybara-3.35.3/lib/capybara/dsl.rb:46:in `page'[0m
            [36m# /home/ec2-user/.rvm/gems/ruby-2.6.3/gems/capybara-3.35.3/lib/capybara/dsl.rb:58:in `block (2 levels) in <module:DSL>'[0m
            [36m# ./spec/system/before_login_spec.rb:131:in `block (3 levels) in <main>'[0m
            [36m# ------------------[0m
            [36m# --- Caused by: ---[0m
            [36m# LoadError:[0m
            [36m#   cannot load such file -- selenium-webdriver[0m
            [36m#   /home/ec2-user/.rvm/gems/ruby-2.6.3/gems/bootsnap-1.7.3/lib/bootsnap/load_path_cache/core_ext/kernel_require.rb:34:in `require'[0m

      77.2) [31mFailure/Error: [0mraise [1;34;4mLoadError[0m, [31m[1;31m"[0m[31mCapybara's selenium driver is unable to load `selenium-webdriver`, please install the gem and add `gem 'selenium-webdriver'` to your Gemfile if you are using bundler.[1;31m"[0m[31m[0m[0m
            [31m[0m
            [31mLoadError:[0m
            [31m  Capybara's selenium driver is unable to load `selenium-webdriver`, please install the gem and add `gem 'selenium-webdriver'` to your Gemfile if you are using bundler.[0m
            [36m# /home/ec2-user/.rvm/gems/ruby-2.6.3/gems/capybara-3.35.3/lib/capybara/selenium/driver.rb:54:in `rescue in load_selenium'[0m
            [36m# /home/ec2-user/.rvm/gems/ruby-2.6.3/gems/capybara-3.35.3/lib/capybara/selenium/driver.rb:22:in `load_selenium'[0m
            [36m# /home/ec2-user/.rvm/gems/ruby-2.6.3/gems/capybara-3.35.3/lib/capybara/selenium/driver.rb:94:in `initialize'[0m
            [36m# /home/ec2-user/.rvm/gems/ruby-2.6.3/gems/capybara-3.35.3/lib/capybara/session.rb:104:in `driver'[0m
            [36m# /home/ec2-user/.rvm/gems/ruby-2.6.3/gems/capybara-3.35.3/lib/capybara/session.rb:90:in `initialize'[0m
            [36m# /home/ec2-user/.rvm/gems/ruby-2.6.3/gems/capybara-3.35.3/lib/capybara.rb:424:in `new'[0m
            [36m# /home/ec2-user/.rvm/gems/ruby-2.6.3/gems/capybara-3.35.3/lib/capybara.rb:424:in `block in session_pool'[0m
            [36m# /home/ec2-user/.rvm/gems/ruby-2.6.3/gems/capybara-3.35.3/lib/capybara.rb:315:in `current_session'[0m
            [36m# /home/ec2-user/.rvm/gems/ruby-2.6.3/gems/capybara-3.35.3/lib/capybara/dsl.rb:46:in `page'[0m
            [36m# ------------------[0m
            [36m# --- Caused by: ---[0m
            [36m# LoadError:[0m
            [36m#   cannot load such file -- selenium-webdriver[0m
            [36m#   /home/ec2-user/.rvm/gems/ruby-2.6.3/gems/bootsnap-1.7.3/lib/bootsnap/load_path_cache/core_ext/kernel_require.rb:34:in `require'[0m

  78) ãƒ­ã‚°ã‚¤ãƒ³å‰ã®ãƒ†ã‚¹ãƒˆ ãƒ¦ãƒ¼ã‚¶ãƒ­ã‚°ã‚¤ãƒ³ è¡¨ç¤ºå†…å®¹ã®ç¢ºèª passwordãƒ•ã‚©ãƒ¼ãƒ ãŒè¡¨ç¤ºã•ã‚Œã‚‹
      [31mGot 0 failures and 2 other errors:[0m

      78.1) [31mFailure/Error: [0mvisit new_user_session_path[0m
            [31m[0m
            [31mLoadError:[0m
            [31m  Capybara's selenium driver is unable to load `selenium-webdriver`, please install the gem and add `gem 'selenium-webdriver'` to your Gemfile if you are using bundler.[0m
            [36m# /home/ec2-user/.rvm/gems/ruby-2.6.3/gems/capybara-3.35.3/lib/capybara/selenium/driver.rb:54:in `rescue in load_selenium'[0m
            [36m# /home/ec2-user/.rvm/gems/ruby-2.6.3/gems/capybara-3.35.3/lib/capybara/selenium/driver.rb:22:in `load_selenium'[0m
            [36m# /home/ec2-user/.rvm/gems/ruby-2.6.3/gems/capybara-3.35.3/lib/capybara/selenium/driver.rb:94:in `initialize'[0m
            [36m# /home/ec2-user/.rvm/gems/ruby-2.6.3/gems/capybara-3.35.3/lib/capybara/session.rb:104:in `driver'[0m
            [36m# /home/ec2-user/.rvm/gems/ruby-2.6.3/gems/capybara-3.35.3/lib/capybara/session.rb:90:in `initialize'[0m
            [36m# /home/ec2-user/.rvm/gems/ruby-2.6.3/gems/capybara-3.35.3/lib/capybara.rb:424:in `new'[0m
            [36m# /home/ec2-user/.rvm/gems/ruby-2.6.3/gems/capybara-3.35.3/lib/capybara.rb:424:in `block in session_pool'[0m
            [36m# /home/ec2-user/.rvm/gems/ruby-2.6.3/gems/capybara-3.35.3/lib/capybara.rb:315:in `current_session'[0m
            [36m# /home/ec2-user/.rvm/gems/ruby-2.6.3/gems/capybara-3.35.3/lib/capybara/dsl.rb:46:in `page'[0m
            [36m# /home/ec2-user/.rvm/gems/ruby-2.6.3/gems/capybara-3.35.3/lib/capybara/dsl.rb:58:in `block (2 levels) in <module:DSL>'[0m
            [36m# ./spec/system/before_login_spec.rb:131:in `block (3 levels) in <main>'[0m
            [36m# ------------------[0m
            [36m# --- Caused by: ---[0m
            [36m# LoadError:[0m
            [36m#   cannot load such file -- selenium-webdriver[0m
            [36m#   /home/ec2-user/.rvm/gems/ruby-2.6.3/gems/bootsnap-1.7.3/lib/bootsnap/load_path_cache/core_ext/kernel_require.rb:34:in `require'[0m

      78.2) [31mFailure/Error: [0mraise [1;34;4mLoadError[0m, [31m[1;31m"[0m[31mCapybara's selenium driver is unable to load `selenium-webdriver`, please install the gem and add `gem 'selenium-webdriver'` to your Gemfile if you are using bundler.[1;31m"[0m[31m[0m[0m
            [31m[0m
            [31mLoadError:[0m
            [31m  Capybara's selenium driver is unable to load `selenium-webdriver`, please install the gem and add `gem 'selenium-webdriver'` to your Gemfile if you are using bundler.[0m
            [36m# /home/ec2-user/.rvm/gems/ruby-2.6.3/gems/capybara-3.35.3/lib/capybara/selenium/driver.rb:54:in `rescue in load_selenium'[0m
            [36m# /home/ec2-user/.rvm/gems/ruby-2.6.3/gems/capybara-3.35.3/lib/capybara/selenium/driver.rb:22:in `load_selenium'[0m
            [36m# /home/ec2-user/.rvm/gems/ruby-2.6.3/gems/capybara-3.35.3/lib/capybara/selenium/driver.rb:94:in `initialize'[0m
            [36m# /home/ec2-user/.rvm/gems/ruby-2.6.3/gems/capybara-3.35.3/lib/capybara/session.rb:104:in `driver'[0m
            [36m# /home/ec2-user/.rvm/gems/ruby-2.6.3/gems/capybara-3.35.3/lib/capybara/session.rb:90:in `initialize'[0m
            [36m# /home/ec2-user/.rvm/gems/ruby-2.6.3/gems/capybara-3.35.3/lib/capybara.rb:424:in `new'[0m
            [36m# /home/ec2-user/.rvm/gems/ruby-2.6.3/gems/capybara-3.35.3/lib/capybara.rb:424:in `block in session_pool'[0m
            [36m# /home/ec2-user/.rvm/gems/ruby-2.6.3/gems/capybara-3.35.3/lib/capybara.rb:315:in `current_session'[0m
            [36m# /home/ec2-user/.rvm/gems/ruby-2.6.3/gems/capybara-3.35.3/lib/capybara/dsl.rb:46:in `page'[0m
            [36m# ------------------[0m
            [36m# --- Caused by: ---[0m
            [36m# LoadError:[0m
            [36m#   cannot load such file -- selenium-webdriver[0m
            [36m#   /home/ec2-user/.rvm/gems/ruby-2.6.3/gems/bootsnap-1.7.3/lib/bootsnap/load_path_cache/core_ext/kernel_require.rb:34:in `require'[0m

  79) ãƒ­ã‚°ã‚¤ãƒ³å‰ã®ãƒ†ã‚¹ãƒˆ ãƒ¦ãƒ¼ã‚¶ãƒ­ã‚°ã‚¤ãƒ³ è¡¨ç¤ºå†…å®¹ã®ç¢ºèª Sign upãƒœã‚¿ãƒ³ãŒè¡¨ç¤ºã•ã‚Œã‚‹
      [31mGot 0 failures and 2 other errors:[0m

      79.1) [31mFailure/Error: [0mvisit new_user_session_path[0m
            [31m[0m
            [31mLoadError:[0m
            [31m  Capybara's selenium driver is unable to load `selenium-webdriver`, please install the gem and add `gem 'selenium-webdriver'` to your Gemfile if you are using bundler.[0m
            [36m# /home/ec2-user/.rvm/gems/ruby-2.6.3/gems/capybara-3.35.3/lib/capybara/selenium/driver.rb:54:in `rescue in load_selenium'[0m
            [36m# /home/ec2-user/.rvm/gems/ruby-2.6.3/gems/capybara-3.35.3/lib/capybara/selenium/driver.rb:22:in `load_selenium'[0m
            [36m# /home/ec2-user/.rvm/gems/ruby-2.6.3/gems/capybara-3.35.3/lib/capybara/selenium/driver.rb:94:in `initialize'[0m
            [36m# /home/ec2-user/.rvm/gems/ruby-2.6.3/gems/capybara-3.35.3/lib/capybara/session.rb:104:in `driver'[0m
            [36m# /home/ec2-user/.rvm/gems/ruby-2.6.3/gems/capybara-3.35.3/lib/capybara/session.rb:90:in `initialize'[0m
            [36m# /home/ec2-user/.rvm/gems/ruby-2.6.3/gems/capybara-3.35.3/lib/capybara.rb:424:in `new'[0m
            [36m# /home/ec2-user/.rvm/gems/ruby-2.6.3/gems/capybara-3.35.3/lib/capybara.rb:424:in `block in session_pool'[0m
            [36m# /home/ec2-user/.rvm/gems/ruby-2.6.3/gems/capybara-3.35.3/lib/capybara.rb:315:in `current_session'[0m
            [36m# /home/ec2-user/.rvm/gems/ruby-2.6.3/gems/capybara-3.35.3/lib/capybara/dsl.rb:46:in `page'[0m
            [36m# /home/ec2-user/.rvm/gems/ruby-2.6.3/gems/capybara-3.35.3/lib/capybara/dsl.rb:58:in `block (2 levels) in <module:DSL>'[0m
            [36m# ./spec/system/before_login_spec.rb:131:in `block (3 levels) in <main>'[0m
            [36m# ------------------[0m
            [36m# --- Caused by: ---[0m
            [36m# LoadError:[0m
            [36m#   cannot load such file -- selenium-webdriver[0m
            [36m#   /home/ec2-user/.rvm/gems/ruby-2.6.3/gems/bootsnap-1.7.3/lib/bootsnap/load_path_cache/core_ext/kernel_require.rb:34:in `require'[0m

      79.2) [31mFailure/Error: [0mraise [1;34;4mLoadError[0m, [31m[1;31m"[0m[31mCapybara's selenium driver is unable to load `selenium-webdriver`, please install the gem and add `gem 'selenium-webdriver'` to your Gemfile if you are using bundler.[1;31m"[0m[31m[0m[0m
            [31m[0m
            [31mLoadError:[0m
            [31m  Capybara's selenium driver is unable to load `selenium-webdriver`, please install the gem and add `gem 'selenium-webdriver'` to your Gemfile if you are using bundler.[0m
            [36m# /home/ec2-user/.rvm/gems/ruby-2.6.3/gems/capybara-3.35.3/lib/capybara/selenium/driver.rb:54:in `rescue in load_selenium'[0m
            [36m# /home/ec2-user/.rvm/gems/ruby-2.6.3/gems/capybara-3.35.3/lib/capybara/selenium/driver.rb:22:in `load_selenium'[0m
            [36m# /home/ec2-user/.rvm/gems/ruby-2.6.3/gems/capybara-3.35.3/lib/capybara/selenium/driver.rb:94:in `initialize'[0m
            [36m# /home/ec2-user/.rvm/gems/ruby-2.6.3/gems/capybara-3.35.3/lib/capybara/session.rb:104:in `driver'[0m
            [36m# /home/ec2-user/.rvm/gems/ruby-2.6.3/gems/capybara-3.35.3/lib/capybara/session.rb:90:in `initialize'[0m
            [36m# /home/ec2-user/.rvm/gems/ruby-2.6.3/gems/capybara-3.35.3/lib/capybara.rb:424:in `new'[0m
            [36m# /home/ec2-user/.rvm/gems/ruby-2.6.3/gems/capybara-3.35.3/lib/capybara.rb:424:in `block in session_pool'[0m
            [36m# /home/ec2-user/.rvm/gems/ruby-2.6.3/gems/capybara-3.35.3/lib/capybara.rb:315:in `current_session'[0m
            [36m# /home/ec2-user/.rvm/gems/ruby-2.6.3/gems/capybara-3.35.3/lib/capybara/dsl.rb:46:in `page'[0m
            [36m# ------------------[0m
            [36m# --- Caused by: ---[0m
            [36m# LoadError:[0m
            [36m#   cannot load such file -- selenium-webdriver[0m
            [36m#   /home/ec2-user/.rvm/gems/ruby-2.6.3/gems/bootsnap-1.7.3/lib/bootsnap/load_path_cache/core_ext/kernel_require.rb:34:in `require'[0m

  80) ãƒ­ã‚°ã‚¤ãƒ³å‰ã®ãƒ†ã‚¹ãƒˆ ãƒ¦ãƒ¼ã‚¶ãƒ­ã‚°ã‚¤ãƒ³ è¡¨ç¤ºå†…å®¹ã®ç¢ºèª nameãƒ•ã‚©ãƒ¼ãƒ ã¯è¡¨ç¤ºã•ã‚Œãªã„
      [31mGot 0 failures and 2 other errors:[0m

      80.1) [31mFailure/Error: [0mvisit new_user_session_path[0m
            [31m[0m
            [31mLoadError:[0m
            [31m  Capybara's selenium driver is unable to load `selenium-webdriver`, please install the gem and add `gem 'selenium-webdriver'` to your Gemfile if you are using bundler.[0m
            [36m# /home/ec2-user/.rvm/gems/ruby-2.6.3/gems/capybara-3.35.3/lib/capybara/selenium/driver.rb:54:in `rescue in load_selenium'[0m
            [36m# /home/ec2-user/.rvm/gems/ruby-2.6.3/gems/capybara-3.35.3/lib/capybara/selenium/driver.rb:22:in `load_selenium'[0m
            [36m# /home/ec2-user/.rvm/gems/ruby-2.6.3/gems/capybara-3.35.3/lib/capybara/selenium/driver.rb:94:in `initialize'[0m
            [36m# /home/ec2-user/.rvm/gems/ruby-2.6.3/gems/capybara-3.35.3/lib/capybara/session.rb:104:in `driver'[0m
            [36m# /home/ec2-user/.rvm/gems/ruby-2.6.3/gems/capybara-3.35.3/lib/capybara/session.rb:90:in `initialize'[0m
            [36m# /home/ec2-user/.rvm/gems/ruby-2.6.3/gems/capybara-3.35.3/lib/capybara.rb:424:in `new'[0m
            [36m# /home/ec2-user/.rvm/gems/ruby-2.6.3/gems/capybara-3.35.3/lib/capybara.rb:424:in `block in session_pool'[0m
            [36m# /home/ec2-user/.rvm/gems/ruby-2.6.3/gems/capybara-3.35.3/lib/capybara.rb:315:in `current_session'[0m
            [36m# /home/ec2-user/.rvm/gems/ruby-2.6.3/gems/capybara-3.35.3/lib/capybara/dsl.rb:46:in `page'[0m
            [36m# /home/ec2-user/.rvm/gems/ruby-2.6.3/gems/capybara-3.35.3/lib/capybara/dsl.rb:58:in `block (2 levels) in <module:DSL>'[0m
            [36m# ./spec/system/before_login_spec.rb:131:in `block (3 levels) in <main>'[0m
            [36m# ------------------[0m
            [36m# --- Caused by: ---[0m
            [36m# LoadError:[0m
            [36m#   cannot load such file -- selenium-webdriver[0m
            [36m#   /home/ec2-user/.rvm/gems/ruby-2.6.3/gems/bootsnap-1.7.3/lib/bootsnap/load_path_cache/core_ext/kernel_require.rb:34:in `require'[0m

      80.2) [31mFailure/Error: [0mraise [1;34;4mLoadError[0m, [31m[1;31m"[0m[31mCapybara's selenium driver is unable to load `selenium-webdriver`, please install the gem and add `gem 'selenium-webdriver'` to your Gemfile if you are using bundler.[1;31m"[0m[31m[0m[0m
            [31m[0m
            [31mLoadError:[0m
            [31m  Capybara's selenium driver is unable to load `selenium-webdriver`, please install the gem and add `gem 'selenium-webdriver'` to your Gemfile if you are using bundler.[0m
            [36m# /home/ec2-user/.rvm/gems/ruby-2.6.3/gems/capybara-3.35.3/lib/capybara/selenium/driver.rb:54:in `rescue in load_selenium'[0m
            [36m# /home/ec2-user/.rvm/gems/ruby-2.6.3/gems/capybara-3.35.3/lib/capybara/selenium/driver.rb:22:in `load_selenium'[0m
            [36m# /home/ec2-user/.rvm/gems/ruby-2.6.3/gems/capybara-3.35.3/lib/capybara/selenium/driver.rb:94:in `initialize'[0m
            [36m# /home/ec2-user/.rvm/gems/ruby-2.6.3/gems/capybara-3.35.3/lib/capybara/session.rb:104:in `driver'[0m
            [36m# /home/ec2-user/.rvm/gems/ruby-2.6.3/gems/capybara-3.35.3/lib/capybara/session.rb:90:in `initialize'[0m
            [36m# /home/ec2-user/.rvm/gems/ruby-2.6.3/gems/capybara-3.35.3/lib/capybara.rb:424:in `new'[0m
            [36m# /home/ec2-user/.rvm/gems/ruby-2.6.3/gems/capybara-3.35.3/lib/capybara.rb:424:in `block in session_pool'[0m
            [36m# /home/ec2-user/.rvm/gems/ruby-2.6.3/gems/capybara-3.35.3/lib/capybara.rb:315:in `current_session'[0m
            [36m# /home/ec2-user/.rvm/gems/ruby-2.6.3/gems/capybara-3.35.3/lib/capybara/dsl.rb:46:in `page'[0m
            [36m# ------------------[0m
            [36m# --- Caused by: ---[0m
            [36m# LoadError:[0m
            [36m#   cannot load such file -- selenium-webdriver[0m
            [36m#   /home/ec2-user/.rvm/gems/ruby-2.6.3/gems/bootsnap-1.7.3/lib/bootsnap/load_path_cache/core_ext/kernel_require.rb:34:in `require'[0m

  81) ãƒ­ã‚°ã‚¤ãƒ³å‰ã®ãƒ†ã‚¹ãƒˆ ãƒ¦ãƒ¼ã‚¶ãƒ­ã‚°ã‚¤ãƒ³ ãƒ­ã‚°ã‚¤ãƒ³æˆåŠŸã®ãƒ†ã‚¹ãƒˆ ãƒ­ã‚°ã‚¤ãƒ³å¾Œã®ãƒªãƒ€ã‚¤ãƒ¬ã‚¯ãƒˆå…ˆãŒã€æŠ•ç¨¿ä¸€è¦§ç”»é¢ã«ãªã£ã¦ã„ã‚‹
      [31mGot 0 failures and 2 other errors:[0m

      81.1) [31mFailure/Error: [0mvisit new_user_session_path[0m
            [31m[0m
            [31mLoadError:[0m
            [31m  Capybara's selenium driver is unable to load `selenium-webdriver`, please install the gem and add `gem 'selenium-webdriver'` to your Gemfile if you are using bundler.[0m
            [36m# /home/ec2-user/.rvm/gems/ruby-2.6.3/gems/capybara-3.35.3/lib/capybara/selenium/driver.rb:54:in `rescue in load_selenium'[0m
            [36m# /home/ec2-user/.rvm/gems/ruby-2.6.3/gems/capybara-3.35.3/lib/capybara/selenium/driver.rb:22:in `load_selenium'[0m
            [36m# /home/ec2-user/.rvm/gems/ruby-2.6.3/gems/capybara-3.35.3/lib/capybara/selenium/driver.rb:94:in `initialize'[0m
            [36m# /home/ec2-user/.rvm/gems/ruby-2.6.3/gems/capybara-3.35.3/lib/capybara/session.rb:104:in `driver'[0m
            [36m# /home/ec2-user/.rvm/gems/ruby-2.6.3/gems/capybara-3.35.3/lib/capybara/session.rb:90:in `initialize'[0m
            [36m# /home/ec2-user/.rvm/gems/ruby-2.6.3/gems/capybara-3.35.3/lib/capybara.rb:424:in `new'[0m
            [36m# /home/ec2-user/.rvm/gems/ruby-2.6.3/gems/capybara-3.35.3/lib/capybara.rb:424:in `block in session_pool'[0m
            [36m# /home/ec2-user/.rvm/gems/ruby-2.6.3/gems/capybara-3.35.3/lib/capybara.rb:315:in `current_session'[0m
            [36m# /home/ec2-user/.rvm/gems/ruby-2.6.3/gems/capybara-3.35.3/lib/capybara/dsl.rb:46:in `page'[0m
            [36m# /home/ec2-user/.rvm/gems/ruby-2.6.3/gems/capybara-3.35.3/lib/capybara/dsl.rb:58:in `block (2 levels) in <module:DSL>'[0m
            [36m# ./spec/system/before_login_spec.rb:131:in `block (3 levels) in <main>'[0m
            [36m# ------------------[0m
            [36m# --- Caused by: ---[0m
            [36m# LoadError:[0m
            [36m#   cannot load such file -- selenium-webdriver[0m
            [36m#   /home/ec2-user/.rvm/gems/ruby-2.6.3/gems/bootsnap-1.7.3/lib/bootsnap/load_path_cache/core_ext/kernel_require.rb:34:in `require'[0m

      81.2) [31mFailure/Error: [0mraise [1;34;4mLoadError[0m, [31m[1;31m"[0m[31mCapybara's selenium driver is unable to load `selenium-webdriver`, please install the gem and add `gem 'selenium-webdriver'` to your Gemfile if you are using bundler.[1;31m"[0m[31m[0m[0m
            [31m[0m
            [31mLoadError:[0m
            [31m  Capybara's selenium driver is unable to load `selenium-webdriver`, please install the gem and add `gem 'selenium-webdriver'` to your Gemfile if you are using bundler.[0m
            [36m# /home/ec2-user/.rvm/gems/ruby-2.6.3/gems/capybara-3.35.3/lib/capybara/selenium/driver.rb:54:in `rescue in load_selenium'[0m
            [36m# /home/ec2-user/.rvm/gems/ruby-2.6.3/gems/capybara-3.35.3/lib/capybara/selenium/driver.rb:22:in `load_selenium'[0m
            [36m# /home/ec2-user/.rvm/gems/ruby-2.6.3/gems/capybara-3.35.3/lib/capybara/selenium/driver.rb:94:in `initialize'[0m
            [36m# /home/ec2-user/.rvm/gems/ruby-2.6.3/gems/capybara-3.35.3/lib/capybara/session.rb:104:in `driver'[0m
            [36m# /home/ec2-user/.rvm/gems/ruby-2.6.3/gems/capybara-3.35.3/lib/capybara/session.rb:90:in `initialize'[0m
            [36m# /home/ec2-user/.rvm/gems/ruby-2.6.3/gems/capybara-3.35.3/lib/capybara.rb:424:in `new'[0m
            [36m# /home/ec2-user/.rvm/gems/ruby-2.6.3/gems/capybara-3.35.3/lib/capybara.rb:424:in `block in session_pool'[0m
            [36m# /home/ec2-user/.rvm/gems/ruby-2.6.3/gems/capybara-3.35.3/lib/capybara.rb:315:in `current_session'[0m
            [36m# /home/ec2-user/.rvm/gems/ruby-2.6.3/gems/capybara-3.35.3/lib/capybara/dsl.rb:46:in `page'[0m
            [36m# ------------------[0m
            [36m# --- Caused by: ---[0m
            [36m# LoadError:[0m
            [36m#   cannot load such file -- selenium-webdriver[0m
            [36m#   /home/ec2-user/.rvm/gems/ruby-2.6.3/gems/bootsnap-1.7.3/lib/bootsnap/load_path_cache/core_ext/kernel_require.rb:34:in `require'[0m

  82) ãƒ­ã‚°ã‚¤ãƒ³å‰ã®ãƒ†ã‚¹ãƒˆ ãƒ¦ãƒ¼ã‚¶ãƒ­ã‚°ã‚¤ãƒ³ ãƒ­ã‚°ã‚¤ãƒ³å¤±æ•—ã®ãƒ†ã‚¹ãƒˆ ãƒ­ã‚°ã‚¤ãƒ³ã«å¤±æ•—ã—ã€ãƒ­ã‚°ã‚¤ãƒ³ç”»é¢ã«ãƒªãƒ€ã‚¤ãƒ¬ã‚¯ãƒˆã•ã‚Œã‚‹
      [31mGot 0 failures and 2 other errors:[0m

      82.1) [31mFailure/Error: [0mvisit new_user_session_path[0m
            [31m[0m
            [31mLoadError:[0m
            [31m  Capybara's selenium driver is unable to load `selenium-webdriver`, please install the gem and add `gem 'selenium-webdriver'` to your Gemfile if you are using bundler.[0m
            [36m# /home/ec2-user/.rvm/gems/ruby-2.6.3/gems/capybara-3.35.3/lib/capybara/selenium/driver.rb:54:in `rescue in load_selenium'[0m
            [36m# /home/ec2-user/.rvm/gems/ruby-2.6.3/gems/capybara-3.35.3/lib/capybara/selenium/driver.rb:22:in `load_selenium'[0m
            [36m# /home/ec2-user/.rvm/gems/ruby-2.6.3/gems/capybara-3.35.3/lib/capybara/selenium/driver.rb:94:in `initialize'[0m
            [36m# /home/ec2-user/.rvm/gems/ruby-2.6.3/gems/capybara-3.35.3/lib/capybara/session.rb:104:in `driver'[0m
            [36m# /home/ec2-user/.rvm/gems/ruby-2.6.3/gems/capybara-3.35.3/lib/capybara/session.rb:90:in `initialize'[0m
            [36m# /home/ec2-user/.rvm/gems/ruby-2.6.3/gems/capybara-3.35.3/lib/capybara.rb:424:in `new'[0m
            [36m# /home/ec2-user/.rvm/gems/ruby-2.6.3/gems/capybara-3.35.3/lib/capybara.rb:424:in `block in session_pool'[0m
            [36m# /home/ec2-user/.rvm/gems/ruby-2.6.3/gems/capybara-3.35.3/lib/capybara.rb:315:in `current_session'[0m
            [36m# /home/ec2-user/.rvm/gems/ruby-2.6.3/gems/capybara-3.35.3/lib/capybara/dsl.rb:46:in `page'[0m
            [36m# /home/ec2-user/.rvm/gems/ruby-2.6.3/gems/capybara-3.35.3/lib/capybara/dsl.rb:58:in `block (2 levels) in <module:DSL>'[0m
            [36m# ./spec/system/before_login_spec.rb:131:in `block (3 levels) in <main>'[0m
            [36m# ------------------[0m
            [36m# --- Caused by: ---[0m
            [36m# LoadError:[0m
            [36m#   cannot load such file -- selenium-webdriver[0m
            [36m#   /home/ec2-user/.rvm/gems/ruby-2.6.3/gems/bootsnap-1.7.3/lib/bootsnap/load_path_cache/core_ext/kernel_require.rb:34:in `require'[0m

      82.2) [31mFailure/Error: [0mraise [1;34;4mLoadError[0m, [31m[1;31m"[0m[31mCapybara's selenium driver is unable to load `selenium-webdriver`, please install the gem and add `gem 'selenium-webdriver'` to your Gemfile if you are using bundler.[1;31m"[0m[31m[0m[0m
            [31m[0m
            [31mLoadError:[0m
            [31m  Capybara's selenium driver is unable to load `selenium-webdriver`, please install the gem and add `gem 'selenium-webdriver'` to your Gemfile if you are using bundler.[0m
            [36m# /home/ec2-user/.rvm/gems/ruby-2.6.3/gems/capybara-3.35.3/lib/capybara/selenium/driver.rb:54:in `rescue in load_selenium'[0m
            [36m# /home/ec2-user/.rvm/gems/ruby-2.6.3/gems/capybara-3.35.3/lib/capybara/selenium/driver.rb:22:in `load_selenium'[0m
            [36m# /home/ec2-user/.rvm/gems/ruby-2.6.3/gems/capybara-3.35.3/lib/capybara/selenium/driver.rb:94:in `initialize'[0m
            [36m# /home/ec2-user/.rvm/gems/ruby-2.6.3/gems/capybara-3.35.3/lib/capybara/session.rb:104:in `driver'[0m
            [36m# /home/ec2-user/.rvm/gems/ruby-2.6.3/gems/capybara-3.35.3/lib/capybara/session.rb:90:in `initialize'[0m
            [36m# /home/ec2-user/.rvm/gems/ruby-2.6.3/gems/capybara-3.35.3/lib/capybara.rb:424:in `new'[0m
            [36m# /home/ec2-user/.rvm/gems/ruby-2.6.3/gems/capybara-3.35.3/lib/capybara.rb:424:in `block in session_pool'[0m
            [36m# /home/ec2-user/.rvm/gems/ruby-2.6.3/gems/capybara-3.35.3/lib/capybara.rb:315:in `current_session'[0m
            [36m# /home/ec2-user/.rvm/gems/ruby-2.6.3/gems/capybara-3.35.3/lib/capybara/dsl.rb:46:in `page'[0m
            [36m# ------------------[0m
            [36m# --- Caused by: ---[0m
            [36m# LoadError:[0m
            [36m#   cannot load such file -- selenium-webdriver[0m
            [36m#   /home/ec2-user/.rvm/gems/ruby-2.6.3/gems/bootsnap-1.7.3/lib/bootsnap/load_path_cache/core_ext/kernel_require.rb:34:in `require'[0m

  83) ãƒ­ã‚°ã‚¤ãƒ³å‰ã®ãƒ†ã‚¹ãƒˆ ãƒ˜ãƒƒãƒ€ãƒ¼ã®ãƒ†ã‚¹ãƒˆ: ãƒ­ã‚°ã‚¤ãƒ³ã—ã¦ã„ã‚‹å ´åˆ ãƒ˜ãƒƒãƒ€ãƒ¼ã®è¡¨ç¤ºã‚’ç¢ºèª ã‚¿ã‚¤ãƒˆãƒ«ãŒè¡¨ç¤ºã•ã‚Œã‚‹
      [31mGot 0 failures and 2 other errors:[0m

      83.1) [31mFailure/Error: [0mvisit new_user_session_path[0m
            [31m[0m
            [31mLoadError:[0m
            [31m  Capybara's selenium driver is unable to load `selenium-webdriver`, please install the gem and add `gem 'selenium-webdriver'` to your Gemfile if you are using bundler.[0m
            [36m# /home/ec2-user/.rvm/gems/ruby-2.6.3/gems/capybara-3.35.3/lib/capybara/selenium/driver.rb:54:in `rescue in load_selenium'[0m
            [36m# /home/ec2-user/.rvm/gems/ruby-2.6.3/gems/capybara-3.35.3/lib/capybara/selenium/driver.rb:22:in `load_selenium'[0m
            [36m# /home/ec2-user/.rvm/gems/ruby-2.6.3/gems/capybara-3.35.3/lib/capybara/selenium/driver.rb:94:in `initialize'[0m
            [36m# /home/ec2-user/.rvm/gems/ruby-2.6.3/gems/capybara-3.35.3/lib/capybara/session.rb:104:in `driver'[0m
            [36m# /home/ec2-user/.rvm/gems/ruby-2.6.3/gems/capybara-3.35.3/lib/capybara/session.rb:90:in `initialize'[0m
            [36m# /home/ec2-user/.rvm/gems/ruby-2.6.3/gems/capybara-3.35.3/lib/capybara.rb:424:in `new'[0m
            [36m# /home/ec2-user/.rvm/gems/ruby-2.6.3/gems/capybara-3.35.3/lib/capybara.rb:424:in `block in session_pool'[0m
            [36m# /home/ec2-user/.rvm/gems/ruby-2.6.3/gems/capybara-3.35.3/lib/capybara.rb:315:in `current_session'[0m
            [36m# /home/ec2-user/.rvm/gems/ruby-2.6.3/gems/capybara-3.35.3/lib/capybara/dsl.rb:46:in `page'[0m
            [36m# /home/ec2-user/.rvm/gems/ruby-2.6.3/gems/capybara-3.35.3/lib/capybara/dsl.rb:58:in `block (2 levels) in <module:DSL>'[0m
            [36m# ./spec/system/before_login_spec.rb:184:in `block (3 levels) in <main>'[0m
            [36m# ------------------[0m
            [36m# --- Caused by: ---[0m
            [36m# LoadError:[0m
            [36m#   cannot load such file -- selenium-webdriver[0m
            [36m#   /home/ec2-user/.rvm/gems/ruby-2.6.3/gems/bootsnap-1.7.3/lib/bootsnap/load_path_cache/core_ext/kernel_require.rb:34:in `require'[0m

      83.2) [31mFailure/Error: [0mraise [1;34;4mLoadError[0m, [31m[1;31m"[0m[31mCapybara's selenium driver is unable to load `selenium-webdriver`, please install the gem and add `gem 'selenium-webdriver'` to your Gemfile if you are using bundler.[1;31m"[0m[31m[0m[0m
            [31m[0m
            [31mLoadError:[0m
            [31m  Capybara's selenium driver is unable to load `selenium-webdriver`, please install the gem and add `gem 'selenium-webdriver'` to your Gemfile if you are using bundler.[0m
            [36m# /home/ec2-user/.rvm/gems/ruby-2.6.3/gems/capybara-3.35.3/lib/capybara/selenium/driver.rb:54:in `rescue in load_selenium'[0m
            [36m# /home/ec2-user/.rvm/gems/ruby-2.6.3/gems/capybara-3.35.3/lib/capybara/selenium/driver.rb:22:in `load_selenium'[0m
            [36m# /home/ec2-user/.rvm/gems/ruby-2.6.3/gems/capybara-3.35.3/lib/capybara/selenium/driver.rb:94:in `initialize'[0m
            [36m# /home/ec2-user/.rvm/gems/ruby-2.6.3/gems/capybara-3.35.3/lib/capybara/session.rb:104:in `driver'[0m
            [36m# /home/ec2-user/.rvm/gems/ruby-2.6.3/gems/capybara-3.35.3/lib/capybara/session.rb:90:in `initialize'[0m
            [36m# /home/ec2-user/.rvm/gems/ruby-2.6.3/gems/capybara-3.35.3/lib/capybara.rb:424:in `new'[0m
            [36m# /home/ec2-user/.rvm/gems/ruby-2.6.3/gems/capybara-3.35.3/lib/capybara.rb:424:in `block in session_pool'[0m
            [36m# /home/ec2-user/.rvm/gems/ruby-2.6.3/gems/capybara-3.35.3/lib/capybara.rb:315:in `current_session'[0m
            [36m# /home/ec2-user/.rvm/gems/ruby-2.6.3/gems/capybara-3.35.3/lib/capybara/dsl.rb:46:in `page'[0m
            [36m# ------------------[0m
            [36m# --- Caused by: ---[0m
            [36m# LoadError:[0m
            [36m#   cannot load such file -- selenium-webdriver[0m
            [36m#   /home/ec2-user/.rvm/gems/ruby-2.6.3/gems/bootsnap-1.7.3/lib/bootsnap/load_path_cache/core_ext/kernel_require.rb:34:in `require'[0m

  84) ãƒ­ã‚°ã‚¤ãƒ³å‰ã®ãƒ†ã‚¹ãƒˆ ãƒ˜ãƒƒãƒ€ãƒ¼ã®ãƒ†ã‚¹ãƒˆ: ãƒ­ã‚°ã‚¤ãƒ³ã—ã¦ã„ã‚‹å ´åˆ ãƒ˜ãƒƒãƒ€ãƒ¼ã®è¡¨ç¤ºã‚’ç¢ºèª MY PAGEãƒªãƒ³ã‚¯ãŒè¡¨ç¤ºã•ã‚Œã‚‹: å·¦ä¸Šã‹ã‚‰1ç•ªç›®ã®ãƒªãƒ³ã‚¯ãŒã€ŒMY PAGEã€ã§ã‚ã‚‹
      [31mGot 0 failures and 2 other errors:[0m

      84.1) [31mFailure/Error: [0mvisit new_user_session_path[0m
            [31m[0m
            [31mLoadError:[0m
            [31m  Capybara's selenium driver is unable to load `selenium-webdriver`, please install the gem and add `gem 'selenium-webdriver'` to your Gemfile if you are using bundler.[0m
            [36m# /home/ec2-user/.rvm/gems/ruby-2.6.3/gems/capybara-3.35.3/lib/capybara/selenium/driver.rb:54:in `rescue in load_selenium'[0m
            [36m# /home/ec2-user/.rvm/gems/ruby-2.6.3/gems/capybara-3.35.3/lib/capybara/selenium/driver.rb:22:in `load_selenium'[0m
            [36m# /home/ec2-user/.rvm/gems/ruby-2.6.3/gems/capybara-3.35.3/lib/capybara/selenium/driver.rb:94:in `initialize'[0m
            [36m# /home/ec2-user/.rvm/gems/ruby-2.6.3/gems/capybara-3.35.3/lib/capybara/session.rb:104:in `driver'[0m
            [36m# /home/ec2-user/.rvm/gems/ruby-2.6.3/gems/capybara-3.35.3/lib/capybara/session.rb:90:in `initialize'[0m
            [36m# /home/ec2-user/.rvm/gems/ruby-2.6.3/gems/capybara-3.35.3/lib/capybara.rb:424:in `new'[0m
            [36m# /home/ec2-user/.rvm/gems/ruby-2.6.3/gems/capybara-3.35.3/lib/capybara.rb:424:in `block in session_pool'[0m
            [36m# /home/ec2-user/.rvm/gems/ruby-2.6.3/gems/capybara-3.35.3/lib/capybara.rb:315:in `current_session'[0m
            [36m# /home/ec2-user/.rvm/gems/ruby-2.6.3/gems/capybara-3.35.3/lib/capybara/dsl.rb:46:in `page'[0m
            [36m# /home/ec2-user/.rvm/gems/ruby-2.6.3/gems/capybara-3.35.3/lib/capybara/dsl.rb:58:in `block (2 levels) in <module:DSL>'[0m
            [36m# ./spec/system/before_login_spec.rb:184:in `block (3 levels) in <main>'[0m
            [36m# ------------------[0m
            [36m# --- Caused by: ---[0m
            [36m# LoadError:[0m
            [36m#   cannot load such file -- selenium-webdriver[0m
            [36m#   /home/ec2-user/.rvm/gems/ruby-2.6.3/gems/bootsnap-1.7.3/lib/bootsnap/load_path_cache/core_ext/kernel_require.rb:34:in `require'[0m

      84.2) [31mFailure/Error: [0mraise [1;34;4mLoadError[0m, [31m[1;31m"[0m[31mCapybara's selenium driver is unable to load `selenium-webdriver`, please install the gem and add `gem 'selenium-webdriver'` to your Gemfile if you are using bundler.[1;31m"[0m[31m[0m[0m
            [31m[0m
            [31mLoadError:[0m
            [31m  Capybara's selenium driver is unable to load `selenium-webdriver`, please install the gem and add `gem 'selenium-webdriver'` to your Gemfile if you are using bundler.[0m
            [36m# /home/ec2-user/.rvm/gems/ruby-2.6.3/gems/capybara-3.35.3/lib/capybara/selenium/driver.rb:54:in `rescue in load_selenium'[0m
            [36m# /home/ec2-user/.rvm/gems/ruby-2.6.3/gems/capybara-3.35.3/lib/capybara/selenium/driver.rb:22:in `load_selenium'[0m
            [36m# /home/ec2-user/.rvm/gems/ruby-2.6.3/gems/capybara-3.35.3/lib/capybara/selenium/driver.rb:94:in `initialize'[0m
            [36m# /home/ec2-user/.rvm/gems/ruby-2.6.3/gems/capybara-3.35.3/lib/capybara/session.rb:104:in `driver'[0m
            [36m# /home/ec2-user/.rvm/gems/ruby-2.6.3/gems/capybara-3.35.3/lib/capybara/session.rb:90:in `initialize'[0m
            [36m# /home/ec2-user/.rvm/gems/ruby-2.6.3/gems/capybara-3.35.3/lib/capybara.rb:424:in `new'[0m
            [36m# /home/ec2-user/.rvm/gems/ruby-2.6.3/gems/capybara-3.35.3/lib/capybara.rb:424:in `block in session_pool'[0m
            [36m# /home/ec2-user/.rvm/gems/ruby-2.6.3/gems/capybara-3.35.3/lib/capybara.rb:315:in `current_session'[0m
            [36m# /home/ec2-user/.rvm/gems/ruby-2.6.3/gems/capybara-3.35.3/lib/capybara/dsl.rb:46:in `page'[0m
            [36m# ------------------[0m
            [36m# --- Caused by: ---[0m
            [36m# LoadError:[0m
            [36m#   cannot load such file -- selenium-webdriver[0m
            [36m#   /home/ec2-user/.rvm/gems/ruby-2.6.3/gems/bootsnap-1.7.3/lib/bootsnap/load_path_cache/core_ext/kernel_require.rb:34:in `require'[0m

  85) ãƒ­ã‚°ã‚¤ãƒ³å‰ã®ãƒ†ã‚¹ãƒˆ ãƒ˜ãƒƒãƒ€ãƒ¼ã®ãƒ†ã‚¹ãƒˆ: ãƒ­ã‚°ã‚¤ãƒ³ã—ã¦ã„ã‚‹å ´åˆ ãƒ˜ãƒƒãƒ€ãƒ¼ã®è¡¨ç¤ºã‚’ç¢ºèª USERSãƒªãƒ³ã‚¯ãŒè¡¨ç¤ºã•ã‚Œã‚‹: å·¦ä¸Šã‹ã‚‰2ç•ªç›®ã®ãƒªãƒ³ã‚¯ãŒã€ŒUSERSã€ã§ã‚ã‚‹
      [31mGot 0 failures and 2 other errors:[0m

      85.1) [31mFailure/Error: [0mvisit new_user_session_path[0m
            [31m[0m
            [31mLoadError:[0m
            [31m  Capybara's selenium driver is unable to load `selenium-webdriver`, please install the gem and add `gem 'selenium-webdriver'` to your Gemfile if you are using bundler.[0m
            [36m# /home/ec2-user/.rvm/gems/ruby-2.6.3/gems/capybara-3.35.3/lib/capybara/selenium/driver.rb:54:in `rescue in load_selenium'[0m
            [36m# /home/ec2-user/.rvm/gems/ruby-2.6.3/gems/capybara-3.35.3/lib/capybara/selenium/driver.rb:22:in `load_selenium'[0m
            [36m# /home/ec2-user/.rvm/gems/ruby-2.6.3/gems/capybara-3.35.3/lib/capybara/selenium/driver.rb:94:in `initialize'[0m
            [36m# /home/ec2-user/.rvm/gems/ruby-2.6.3/gems/capybara-3.35.3/lib/capybara/session.rb:104:in `driver'[0m
            [36m# /home/ec2-user/.rvm/gems/ruby-2.6.3/gems/capybara-3.35.3/lib/capybara/session.rb:90:in `initialize'[0m
            [36m# /home/ec2-user/.rvm/gems/ruby-2.6.3/gems/capybara-3.35.3/lib/capybara.rb:424:in `new'[0m
            [36m# /home/ec2-user/.rvm/gems/ruby-2.6.3/gems/capybara-3.35.3/lib/capybara.rb:424:in `block in session_pool'[0m
            [36m# /home/ec2-user/.rvm/gems/ruby-2.6.3/gems/capybara-3.35.3/lib/capybara.rb:315:in `current_session'[0m
            [36m# /home/ec2-user/.rvm/gems/ruby-2.6.3/gems/capybara-3.35.3/lib/capybara/dsl.rb:46:in `page'[0m
            [36m# /home/ec2-user/.rvm/gems/ruby-2.6.3/gems/capybara-3.35.3/lib/capybara/dsl.rb:58:in `block (2 levels) in <module:DSL>'[0m
            [36m# ./spec/system/before_login_spec.rb:184:in `block (3 levels) in <main>'[0m
            [36m# ------------------[0m
            [36m# --- Caused by: ---[0m
            [36m# LoadError:[0m
            [36m#   cannot load such file -- selenium-webdriver[0m
            [36m#   /home/ec2-user/.rvm/gems/ruby-2.6.3/gems/bootsnap-1.7.3/lib/bootsnap/load_path_cache/core_ext/kernel_require.rb:34:in `require'[0m

      85.2) [31mFailure/Error: [0mraise [1;34;4mLoadError[0m, [31m[1;31m"[0m[31mCapybara's selenium driver is unable to load `selenium-webdriver`, please install the gem and add `gem 'selenium-webdriver'` to your Gemfile if you are using bundler.[1;31m"[0m[31m[0m[0m
            [31m[0m
            [31mLoadError:[0m
            [31m  Capybara's selenium driver is unable to load `selenium-webdriver`, please install the gem and add `gem 'selenium-webdriver'` to your Gemfile if you are using bundler.[0m
            [36m# /home/ec2-user/.rvm/gems/ruby-2.6.3/gems/capybara-3.35.3/lib/capybara/selenium/driver.rb:54:in `rescue in load_selenium'[0m
            [36m# /home/ec2-user/.rvm/gems/ruby-2.6.3/gems/capybara-3.35.3/lib/capybara/selenium/driver.rb:22:in `load_selenium'[0m
            [36m# /home/ec2-user/.rvm/gems/ruby-2.6.3/gems/capybara-3.35.3/lib/capybara/selenium/driver.rb:94:in `initialize'[0m
            [36m# /home/ec2-user/.rvm/gems/ruby-2.6.3/gems/capybara-3.35.3/lib/capybara/session.rb:104:in `driver'[0m
            [36m# /home/ec2-user/.rvm/gems/ruby-2.6.3/gems/capybara-3.35.3/lib/capybara/session.rb:90:in `initialize'[0m
            [36m# /home/ec2-user/.rvm/gems/ruby-2.6.3/gems/capybara-3.35.3/lib/capybara.rb:424:in `new'[0m
            [36m# /home/ec2-user/.rvm/gems/ruby-2.6.3/gems/capybara-3.35.3/lib/capybara.rb:424:in `block in session_pool'[0m
            [36m# /home/ec2-user/.rvm/gems/ruby-2.6.3/gems/capybara-3.35.3/lib/capybara.rb:315:in `current_session'[0m
            [36m# /home/ec2-user/.rvm/gems/ruby-2.6.3/gems/capybara-3.35.3/lib/capybara/dsl.rb:46:in `page'[0m
            [36m# ------------------[0m
            [36m# --- Caused by: ---[0m
            [36m# LoadError:[0m
            [36m#   cannot load such file -- selenium-webdriver[0m
            [36m#   /home/ec2-user/.rvm/gems/ruby-2.6.3/gems/bootsnap-1.7.3/lib/bootsnap/load_path_cache/core_ext/kernel_require.rb:34:in `require'[0m

  86) ãƒ­ã‚°ã‚¤ãƒ³å‰ã®ãƒ†ã‚¹ãƒˆ ãƒ˜ãƒƒãƒ€ãƒ¼ã®ãƒ†ã‚¹ãƒˆ: ãƒ­ã‚°ã‚¤ãƒ³ã—ã¦ã„ã‚‹å ´åˆ ãƒ˜ãƒƒãƒ€ãƒ¼ã®è¡¨ç¤ºã‚’ç¢ºèª WINESãƒªãƒ³ã‚¯ãŒè¡¨ç¤ºã•ã‚Œã‚‹: å·¦ä¸Šã‹ã‚‰3ç•ªç›®ã®ãƒªãƒ³ã‚¯ãŒã€ŒWINESã€ã§ã‚ã‚‹
      [31mGot 0 failures and 2 other errors:[0m

      86.1) [31mFailure/Error: [0mvisit new_user_session_path[0m
            [31m[0m
            [31mLoadError:[0m
            [31m  Capybara's selenium driver is unable to load `selenium-webdriver`, please install the gem and add `gem 'selenium-webdriver'` to your Gemfile if you are using bundler.[0m
            [36m# /home/ec2-user/.rvm/gems/ruby-2.6.3/gems/capybara-3.35.3/lib/capybara/selenium/driver.rb:54:in `rescue in load_selenium'[0m
            [36m# /home/ec2-user/.rvm/gems/ruby-2.6.3/gems/capybara-3.35.3/lib/capybara/selenium/driver.rb:22:in `load_selenium'[0m
            [36m# /home/ec2-user/.rvm/gems/ruby-2.6.3/gems/capybara-3.35.3/lib/capybara/selenium/driver.rb:94:in `initialize'[0m
            [36m# /home/ec2-user/.rvm/gems/ruby-2.6.3/gems/capybara-3.35.3/lib/capybara/session.rb:104:in `driver'[0m
            [36m# /home/ec2-user/.rvm/gems/ruby-2.6.3/gems/capybara-3.35.3/lib/capybara/session.rb:90:in `initialize'[0m
            [36m# /home/ec2-user/.rvm/gems/ruby-2.6.3/gems/capybara-3.35.3/lib/capybara.rb:424:in `new'[0m
            [36m# /home/ec2-user/.rvm/gems/ruby-2.6.3/gems/capybara-3.35.3/lib/capybara.rb:424:in `block in session_pool'[0m
            [36m# /home/ec2-user/.rvm/gems/ruby-2.6.3/gems/capybara-3.35.3/lib/capybara.rb:315:in `current_session'[0m
            [36m# /home/ec2-user/.rvm/gems/ruby-2.6.3/gems/capybara-3.35.3/lib/capybara/dsl.rb:46:in `page'[0m
            [36m# /home/ec2-user/.rvm/gems/ruby-2.6.3/gems/capybara-3.35.3/lib/capybara/dsl.rb:58:in `block (2 levels) in <module:DSL>'[0m
            [36m# ./spec/system/before_login_spec.rb:184:in `block (3 levels) in <main>'[0m
            [36m# ------------------[0m
            [36m# --- Caused by: ---[0m
            [36m# LoadError:[0m
            [36m#   cannot load such file -- selenium-webdriver[0m
            [36m#   /home/ec2-user/.rvm/gems/ruby-2.6.3/gems/bootsnap-1.7.3/lib/bootsnap/load_path_cache/core_ext/kernel_require.rb:34:in `require'[0m

      86.2) [31mFailure/Error: [0mraise [1;34;4mLoadError[0m, [31m[1;31m"[0m[31mCapybara's selenium driver is unable to load `selenium-webdriver`, please install the gem and add `gem 'selenium-webdriver'` to your Gemfile if you are using bundler.[1;31m"[0m[31m[0m[0m
            [31m[0m
            [31mLoadError:[0m
            [31m  Capybara's selenium driver is unable to load `selenium-webdriver`, please install the gem and add `gem 'selenium-webdriver'` to your Gemfile if you are using bundler.[0m
            [36m# /home/ec2-user/.rvm/gems/ruby-2.6.3/gems/capybara-3.35.3/lib/capybara/selenium/driver.rb:54:in `rescue in load_selenium'[0m
            [36m# /home/ec2-user/.rvm/gems/ruby-2.6.3/gems/capybara-3.35.3/lib/capybara/selenium/driver.rb:22:in `load_selenium'[0m
            [36m# /home/ec2-user/.rvm/gems/ruby-2.6.3/gems/capybara-3.35.3/lib/capybara/selenium/driver.rb:94:in `initialize'[0m
            [36m# /home/ec2-user/.rvm/gems/ruby-2.6.3/gems/capybara-3.35.3/lib/capybara/session.rb:104:in `driver'[0m
            [36m# /home/ec2-user/.rvm/gems/ruby-2.6.3/gems/capybara-3.35.3/lib/capybara/session.rb:90:in `initialize'[0m
            [36m# /home/ec2-user/.rvm/gems/ruby-2.6.3/gems/capybara-3.35.3/lib/capybara.rb:424:in `new'[0m
            [36m# /home/ec2-user/.rvm/gems/ruby-2.6.3/gems/capybara-3.35.3/lib/capybara.rb:424:in `block in session_pool'[0m
            [36m# /home/ec2-user/.rvm/gems/ruby-2.6.3/gems/capybara-3.35.3/lib/capybara.rb:315:in `current_session'[0m
            [36m# /home/ec2-user/.rvm/gems/ruby-2.6.3/gems/capybara-3.35.3/lib/capybara/dsl.rb:46:in `page'[0m
            [36m# ------------------[0m
            [36m# --- Caused by: ---[0m
            [36m# LoadError:[0m
            [36m#   cannot load such file -- selenium-webdriver[0m
            [36m#   /home/ec2-user/.rvm/gems/ruby-2.6.3/gems/bootsnap-1.7.3/lib/bootsnap/load_path_cache/core_ext/kernel_require.rb:34:in `require'[0m

  87) ãƒ­ã‚°ã‚¤ãƒ³å‰ã®ãƒ†ã‚¹ãƒˆ ãƒ˜ãƒƒãƒ€ãƒ¼ã®ãƒ†ã‚¹ãƒˆ: ãƒ­ã‚°ã‚¤ãƒ³ã—ã¦ã„ã‚‹å ´åˆ ãƒ˜ãƒƒãƒ€ãƒ¼ã®è¡¨ç¤ºã‚’ç¢ºèª LOG OUTãƒªãƒ³ã‚¯ãŒè¡¨ç¤ºã•ã‚Œã‚‹: å·¦ä¸Šã‹ã‚‰4ç•ªç›®ã®ãƒªãƒ³ã‚¯ãŒã€ŒLOGOUTã€ã§ã‚ã‚‹
      [31mGot 0 failures and 2 other errors:[0m

      87.1) [31mFailure/Error: [0mvisit new_user_session_path[0m
            [31m[0m
            [31mLoadError:[0m
            [31m  Capybara's selenium driver is unable to load `selenium-webdriver`, please install the gem and add `gem 'selenium-webdriver'` to your Gemfile if you are using bundler.[0m
            [36m# /home/ec2-user/.rvm/gems/ruby-2.6.3/gems/capybara-3.35.3/lib/capybara/selenium/driver.rb:54:in `rescue in load_selenium'[0m
            [36m# /home/ec2-user/.rvm/gems/ruby-2.6.3/gems/capybara-3.35.3/lib/capybara/selenium/driver.rb:22:in `load_selenium'[0m
            [36m# /home/ec2-user/.rvm/gems/ruby-2.6.3/gems/capybara-3.35.3/lib/capybara/selenium/driver.rb:94:in `initialize'[0m
            [36m# /home/ec2-user/.rvm/gems/ruby-2.6.3/gems/capybara-3.35.3/lib/capybara/session.rb:104:in `driver'[0m
            [36m# /home/ec2-user/.rvm/gems/ruby-2.6.3/gems/capybara-3.35.3/lib/capybara/session.rb:90:in `initialize'[0m
            [36m# /home/ec2-user/.rvm/gems/ruby-2.6.3/gems/capybara-3.35.3/lib/capybara.rb:424:in `new'[0m
            [36m# /home/ec2-user/.rvm/gems/ruby-2.6.3/gems/capybara-3.35.3/lib/capybara.rb:424:in `block in session_pool'[0m
            [36m# /home/ec2-user/.rvm/gems/ruby-2.6.3/gems/capybara-3.35.3/lib/capybara.rb:315:in `current_session'[0m
            [36m# /home/ec2-user/.rvm/gems/ruby-2.6.3/gems/capybara-3.35.3/lib/capybara/dsl.rb:46:in `page'[0m
            [36m# /home/ec2-user/.rvm/gems/ruby-2.6.3/gems/capybara-3.35.3/lib/capybara/dsl.rb:58:in `block (2 levels) in <module:DSL>'[0m
            [36m# ./spec/system/before_login_spec.rb:184:in `block (3 levels) in <main>'[0m
            [36m# ------------------[0m
            [36m# --- Caused by: ---[0m
            [36m# LoadError:[0m
            [36m#   cannot load such file -- selenium-webdriver[0m
            [36m#   /home/ec2-user/.rvm/gems/ruby-2.6.3/gems/bootsnap-1.7.3/lib/bootsnap/load_path_cache/core_ext/kernel_require.rb:34:in `require'[0m

      87.2) [31mFailure/Error: [0mraise [1;34;4mLoadError[0m, [31m[1;31m"[0m[31mCapybara's selenium driver is unable to load `selenium-webdriver`, please install the gem and add `gem 'selenium-webdriver'` to your Gemfile if you are using bundler.[1;31m"[0m[31m[0m[0m
            [31m[0m
            [31mLoadError:[0m
            [31m  Capybara's selenium driver is unable to load `selenium-webdriver`, please install the gem and add `gem 'selenium-webdriver'` to your Gemfile if you are using bundler.[0m
            [36m# /home/ec2-user/.rvm/gems/ruby-2.6.3/gems/capybara-3.35.3/lib/capybara/selenium/driver.rb:54:in `rescue in load_selenium'[0m
            [36m# /home/ec2-user/.rvm/gems/ruby-2.6.3/gems/capybara-3.35.3/lib/capybara/selenium/driver.rb:22:in `load_selenium'[0m
            [36m# /home/ec2-user/.rvm/gems/ruby-2.6.3/gems/capybara-3.35.3/lib/capybara/selenium/driver.rb:94:in `initialize'[0m
            [36m# /home/ec2-user/.rvm/gems/ruby-2.6.3/gems/capybara-3.35.3/lib/capybara/session.rb:104:in `driver'[0m
            [36m# /home/ec2-user/.rvm/gems/ruby-2.6.3/gems/capybara-3.35.3/lib/capybara/session.rb:90:in `initialize'[0m
            [36m# /home/ec2-user/.rvm/gems/ruby-2.6.3/gems/capybara-3.35.3/lib/capybara.rb:424:in `new'[0m
            [36m# /home/ec2-user/.rvm/gems/ruby-2.6.3/gems/capybara-3.35.3/lib/capybara.rb:424:in `block in session_pool'[0m
            [36m# /home/ec2-user/.rvm/gems/ruby-2.6.3/gems/capybara-3.35.3/lib/capybara.rb:315:in `current_session'[0m
            [36m# /home/ec2-user/.rvm/gems/ruby-2.6.3/gems/capybara-3.35.3/lib/capybara/dsl.rb:46:in `page'[0m
            [36m# ------------------[0m
            [36m# --- Caused by: ---[0m
            [36m# LoadError:[0m
            [36m#   cannot load such file -- selenium-webdriver[0m
            [36m#   /home/ec2-user/.rvm/gems/ruby-2.6.3/gems/bootsnap-1.7.3/lib/bootsnap/load_path_cache/core_ext/kernel_require.rb:34:in `require'[0m

  88) ãƒ­ã‚°ã‚¤ãƒ³å‰ã®ãƒ†ã‚¹ãƒˆ ãƒ¦ãƒ¼ã‚¶ãƒ­ã‚°ã‚¢ã‚¦ãƒˆã®ãƒ†ã‚¹ãƒˆ ãƒ­ã‚°ã‚¢ã‚¦ãƒˆæ©Ÿèƒ½ã®ãƒ†ã‚¹ãƒˆ ãƒ­ã‚°ã‚¢ã‚¦ãƒˆå¾Œã®ãƒªãƒ€ã‚¤ãƒ¬ã‚¯ãƒˆå…ˆãŒã€ãƒˆãƒƒãƒ—ã«ãªã£ã¦ã„ã‚‹
      [31mGot 0 failures and 2 other errors:[0m

      88.1) [31mFailure/Error: [0mvisit new_user_session_path[0m
            [31m[0m
            [31mLoadError:[0m
            [31m  Capybara's selenium driver is unable to load `selenium-webdriver`, please install the gem and add `gem 'selenium-webdriver'` to your Gemfile if you are using bundler.[0m
            [36m# /home/ec2-user/.rvm/gems/ruby-2.6.3/gems/capybara-3.35.3/lib/capybara/selenium/driver.rb:54:in `rescue in load_selenium'[0m
            [36m# /home/ec2-user/.rvm/gems/ruby-2.6.3/gems/capybara-3.35.3/lib/capybara/selenium/driver.rb:22:in `load_selenium'[0m
            [36m# /home/ec2-user/.rvm/gems/ruby-2.6.3/gems/capybara-3.35.3/lib/capybara/selenium/driver.rb:94:in `initialize'[0m
            [36m# /home/ec2-user/.rvm/gems/ruby-2.6.3/gems/capybara-3.35.3/lib/capybara/session.rb:104:in `driver'[0m
            [36m# /home/ec2-user/.rvm/gems/ruby-2.6.3/gems/capybara-3.35.3/lib/capybara/session.rb:90:in `initialize'[0m
            [36m# /home/ec2-user/.rvm/gems/ruby-2.6.3/gems/capybara-3.35.3/lib/capybara.rb:424:in `new'[0m
            [36m# /home/ec2-user/.rvm/gems/ruby-2.6.3/gems/capybara-3.35.3/lib/capybara.rb:424:in `block in session_pool'[0m
            [36m# /home/ec2-user/.rvm/gems/ruby-2.6.3/gems/capybara-3.35.3/lib/capybara.rb:315:in `current_session'[0m
            [36m# /home/ec2-user/.rvm/gems/ruby-2.6.3/gems/capybara-3.35.3/lib/capybara/dsl.rb:46:in `page'[0m
            [36m# /home/ec2-user/.rvm/gems/ruby-2.6.3/gems/capybara-3.35.3/lib/capybara/dsl.rb:58:in `block (2 levels) in <module:DSL>'[0m
            [36m# ./spec/system/before_login_spec.rb:217:in `block (3 levels) in <main>'[0m
            [36m# ------------------[0m
            [36m# --- Caused by: ---[0m
            [36m# LoadError:[0m
            [36m#   cannot load such file -- selenium-webdriver[0m
            [36m#   /home/ec2-user/.rvm/gems/ruby-2.6.3/gems/bootsnap-1.7.3/lib/bootsnap/load_path_cache/core_ext/kernel_require.rb:34:in `require'[0m

      88.2) [31mFailure/Error: [0mraise [1;34;4mLoadError[0m, [31m[1;31m"[0m[31mCapybara's selenium driver is unable to load `selenium-webdriver`, please install the gem and add `gem 'selenium-webdriver'` to your Gemfile if you are using bundler.[1;31m"[0m[31m[0m[0m
            [31m[0m
            [31mLoadError:[0m
            [31m  Capybara's selenium driver is unable to load `selenium-webdriver`, please install the gem and add `gem 'selenium-webdriver'` to your Gemfile if you are using bundler.[0m
            [36m# /home/ec2-user/.rvm/gems/ruby-2.6.3/gems/capybara-3.35.3/lib/capybara/selenium/driver.rb:54:in `rescue in load_selenium'[0m
            [36m# /home/ec2-user/.rvm/gems/ruby-2.6.3/gems/capybara-3.35.3/lib/capybara/selenium/driver.rb:22:in `load_selenium'[0m
            [36m# /home/ec2-user/.rvm/gems/ruby-2.6.3/gems/capybara-3.35.3/lib/capybara/selenium/driver.rb:94:in `initialize'[0m
            [36m# /home/ec2-user/.rvm/gems/ruby-2.6.3/gems/capybara-3.35.3/lib/capybara/session.rb:104:in `driver'[0m
            [36m# /home/ec2-user/.rvm/gems/ruby-2.6.3/gems/capybara-3.35.3/lib/capybara/session.rb:90:in `initialize'[0m
            [36m# /home/ec2-user/.rvm/gems/ruby-2.6.3/gems/capybara-3.35.3/lib/capybara.rb:424:in `new'[0m
            [36m# /home/ec2-user/.rvm/gems/ruby-2.6.3/gems/capybara-3.35.3/lib/capybara.rb:424:in `block in session_pool'[0m
            [36m# /home/ec2-user/.rvm/gems/ruby-2.6.3/gems/capybara-3.35.3/lib/capybara.rb:315:in `current_session'[0m
            [36m# /home/ec2-user/.rvm/gems/ruby-2.6.3/gems/capybara-3.35.3/lib/capybara/dsl.rb:46:in `page'[0m
            [36m# ------------------[0m
            [36m# --- Caused by: ---[0m
            [36m# LoadError:[0m
            [36m#   cannot load such file -- selenium-webdriver[0m
            [36m#   /home/ec2-user/.rvm/gems/ruby-2.6.3/gems/bootsnap-1.7.3/lib/bootsnap/load_path_cache/core_ext/kernel_require.rb:34:in `require'[0m

Finished in 2.13 seconds (files took 1.15 seconds to load)
[31m103 examples, 88 failures[0m

Failed examples:

[31mrspec ./spec/models/wine_spec.rb:12[0m [36m# Wineãƒ¢ãƒ‡ãƒ«ã®ãƒ†ã‚¹ãƒˆ ãƒãƒªãƒ‡ãƒ¼ã‚·ãƒ§ãƒ³ã®ãƒ†ã‚¹ãƒˆ wine_nameã‚«ãƒ©ãƒ  ç©ºæ¬„ã§ãªã„ã“ã¨[0m
[31mrspec ./spec/system/after_login_spec.rb:21[0m [36m# ãƒ­ã‚°ã‚¤ãƒ³å¾Œã®ãƒ†ã‚¹ãƒˆ ãƒ˜ãƒƒãƒ€ãƒ¼ã®ãƒ†ã‚¹ãƒˆ: ãƒ­ã‚°ã‚¤ãƒ³ã—ã¦ã„ã‚‹å ´åˆ ãƒªãƒ³ã‚¯ã®å†…å®¹ã‚’ç¢ºèª: â€»logoutã¯ã€ãƒ¦ãƒ¼ã‚¶ãƒ­ã‚°ã‚¢ã‚¦ãƒˆã®ãƒ†ã‚¹ãƒˆã€ã§ãƒ†ã‚¹ãƒˆæ¸ˆã¿ã€‚ MY PAGEã‚’æŠ¼ã™ã¨ã€è‡ªåˆ†ã®ãƒ¦ãƒ¼ã‚¶è©³ç´°ç”»é¢ã«é·ç§»ã™ã‚‹[0m
[31mrspec ./spec/system/after_login_spec.rb:27[0m [36m# ãƒ­ã‚°ã‚¤ãƒ³å¾Œã®ãƒ†ã‚¹ãƒˆ ãƒ˜ãƒƒãƒ€ãƒ¼ã®ãƒ†ã‚¹ãƒˆ: ãƒ­ã‚°ã‚¤ãƒ³ã—ã¦ã„ã‚‹å ´åˆ ãƒªãƒ³ã‚¯ã®å†…å®¹ã‚’ç¢ºèª: â€»logoutã¯ã€ãƒ¦ãƒ¼ã‚¶ãƒ­ã‚°ã‚¢ã‚¦ãƒˆã®ãƒ†ã‚¹ãƒˆã€ã§ãƒ†ã‚¹ãƒˆæ¸ˆã¿ã€‚ USERSã‚’æŠ¼ã™ã¨ã€ãƒ¦ãƒ¼ã‚¶ä¸€è¦§ç”»é¢ã«é·ç§»ã™ã‚‹[0m
[31mrspec ./spec/system/after_login_spec.rb:33[0m [36m# ãƒ­ã‚°ã‚¤ãƒ³å¾Œã®ãƒ†ã‚¹ãƒˆ ãƒ˜ãƒƒãƒ€ãƒ¼ã®ãƒ†ã‚¹ãƒˆ: ãƒ­ã‚°ã‚¤ãƒ³ã—ã¦ã„ã‚‹å ´åˆ ãƒªãƒ³ã‚¯ã®å†…å®¹ã‚’ç¢ºèª: â€»logoutã¯ã€ãƒ¦ãƒ¼ã‚¶ãƒ­ã‚°ã‚¢ã‚¦ãƒˆã®ãƒ†ã‚¹ãƒˆã€ã§ãƒ†ã‚¹ãƒˆæ¸ˆã¿ã€‚ WINESã‚’æŠ¼ã™ã¨ã€æŠ•ç¨¿ä¸€è¦§ç”»é¢ã«é·ç§»ã™ã‚‹[0m
[31mrspec ./spec/system/after_login_spec.rb:48[0m [36m# ãƒ­ã‚°ã‚¤ãƒ³å¾Œã®ãƒ†ã‚¹ãƒˆ æŠ•ç¨¿ä¸€è¦§ç”»é¢ã®ãƒ†ã‚¹ãƒˆ è¡¨ç¤ºå†…å®¹ã®ç¢ºèª URLãŒæ­£ã—ã„[0m
[31mrspec ./spec/system/after_login_spec.rb:51[0m [36m# ãƒ­ã‚°ã‚¤ãƒ³å¾Œã®ãƒ†ã‚¹ãƒˆ æŠ•ç¨¿ä¸€è¦§ç”»é¢ã®ãƒ†ã‚¹ãƒˆ è¡¨ç¤ºå†…å®¹ã®ç¢ºèª è‡ªåˆ†ã¨ä»–äººã®ç”»åƒã®ãƒªãƒ³ã‚¯å…ˆãŒæ­£ã—ã„[0m
[31mrspec ./spec/system/after_login_spec.rb:55[0m [36m# ãƒ­ã‚°ã‚¤ãƒ³å¾Œã®ãƒ†ã‚¹ãƒˆ æŠ•ç¨¿ä¸€è¦§ç”»é¢ã®ãƒ†ã‚¹ãƒˆ è¡¨ç¤ºå†…å®¹ã®ç¢ºèª è‡ªåˆ†ã®æŠ•ç¨¿ã¨ä»–äººã®æŠ•ç¨¿ã®ã‚¿ã‚¤ãƒˆãƒ«ã®ãƒªãƒ³ã‚¯å…ˆãŒãã‚Œãã‚Œæ­£ã—ã„[0m
[31mrspec ./spec/system/after_login_spec.rb:59[0m [36m# ãƒ­ã‚°ã‚¤ãƒ³å¾Œã®ãƒ†ã‚¹ãƒˆ æŠ•ç¨¿ä¸€è¦§ç”»é¢ã®ãƒ†ã‚¹ãƒˆ è¡¨ç¤ºå†…å®¹ã®ç¢ºèª è‡ªåˆ†ã®æŠ•ç¨¿ã¨ä»–äººã®æŠ•ç¨¿ã®ç”»åƒãŒè¡¨ç¤ºã•ã‚Œã‚‹[0m
[31mrspec ./spec/system/after_login_spec.rb:66[0m [36m# ãƒ­ã‚°ã‚¤ãƒ³å¾Œã®ãƒ†ã‚¹ãƒˆ æŠ•ç¨¿ä¸€è¦§ç”»é¢ã®ãƒ†ã‚¹ãƒˆ ã‚µã‚¤ãƒ‰ãƒãƒ¼ã®ç¢ºèª ã€ŒNEW TASTINGã€ã¨è¡¨ç¤ºã•ã‚Œã‚‹[0m
[31mrspec ./spec/system/after_login_spec.rb:69[0m [36m# ãƒ­ã‚°ã‚¤ãƒ³å¾Œã®ãƒ†ã‚¹ãƒˆ æŠ•ç¨¿ä¸€è¦§ç”»é¢ã®ãƒ†ã‚¹ãƒˆ ã‚µã‚¤ãƒ‰ãƒãƒ¼ã®ç¢ºèª wine_nameãƒ•ã‚©ãƒ¼ãƒ ãŒè¡¨ç¤ºã•ã‚Œã‚‹[0m
[31mrspec ./spec/system/after_login_spec.rb:72[0m [36m# ãƒ­ã‚°ã‚¤ãƒ³å¾Œã®ãƒ†ã‚¹ãƒˆ æŠ•ç¨¿ä¸€è¦§ç”»é¢ã®ãƒ†ã‚¹ãƒˆ ã‚µã‚¤ãƒ‰ãƒãƒ¼ã®ç¢ºèª wine_nameãƒ•ã‚©ãƒ¼ãƒ ã«å€¤ãŒå…¥ã£ã¦ã„ãªã„[0m
[31mrspec ./spec/system/after_login_spec.rb:75[0m [36m# ãƒ­ã‚°ã‚¤ãƒ³å¾Œã®ãƒ†ã‚¹ãƒˆ æŠ•ç¨¿ä¸€è¦§ç”»é¢ã®ãƒ†ã‚¹ãƒˆ ã‚µã‚¤ãƒ‰ãƒãƒ¼ã®ç¢ºèª æŠ•ç¨¿ã™ã‚‹ãƒœã‚¿ãƒ³ãŒè¡¨ç¤ºã•ã‚Œã‚‹[0m
[31mrspec ./spec/system/after_login_spec.rb:85[0m [36m# ãƒ­ã‚°ã‚¤ãƒ³å¾Œã®ãƒ†ã‚¹ãƒˆ æŠ•ç¨¿ä¸€è¦§ç”»é¢ã®ãƒ†ã‚¹ãƒˆ æŠ•ç¨¿æˆåŠŸã®ãƒ†ã‚¹ãƒˆ è‡ªåˆ†ã®æ–°ã—ã„æŠ•ç¨¿ãŒæ­£ã—ãä¿å­˜ã•ã‚Œã‚‹[0m
[31mrspec ./spec/system/after_login_spec.rb:88[0m [36m# ãƒ­ã‚°ã‚¤ãƒ³å¾Œã®ãƒ†ã‚¹ãƒˆ æŠ•ç¨¿ä¸€è¦§ç”»é¢ã®ãƒ†ã‚¹ãƒˆ æŠ•ç¨¿æˆåŠŸã®ãƒ†ã‚¹ãƒˆ ãƒªãƒ€ã‚¤ãƒ¬ã‚¯ãƒˆå…ˆãŒã€ä¿å­˜ã§ããŸæŠ•ç¨¿ã®è©³ç´°ç”»é¢ã«ãªã£ã¦ã„ã‚‹[0m
[31mrspec ./spec/system/after_login_spec.rb:101[0m [36m# ãƒ­ã‚°ã‚¤ãƒ³å¾Œã®ãƒ†ã‚¹ãƒˆ è‡ªåˆ†ã®æŠ•ç¨¿è©³ç´°ç”»é¢ã®ãƒ†ã‚¹ãƒˆ è¡¨ç¤ºå†…å®¹ã®ç¢ºèª URLãŒæ­£ã—ã„[0m
[31mrspec ./spec/system/after_login_spec.rb:104[0m [36m# ãƒ­ã‚°ã‚¤ãƒ³å¾Œã®ãƒ†ã‚¹ãƒˆ è‡ªåˆ†ã®æŠ•ç¨¿è©³ç´°ç”»é¢ã®ãƒ†ã‚¹ãƒˆ è¡¨ç¤ºå†…å®¹ã®ç¢ºèª ãƒ¦ãƒ¼ã‚¶ç”»åƒãƒ»åå‰ã®ãƒªãƒ³ã‚¯å…ˆãŒæ­£ã—ã„[0m
[31mrspec ./spec/system/after_login_spec.rb:107[0m [36m# ãƒ­ã‚°ã‚¤ãƒ³å¾Œã®ãƒ†ã‚¹ãƒˆ è‡ªåˆ†ã®æŠ•ç¨¿è©³ç´°ç”»é¢ã®ãƒ†ã‚¹ãƒˆ è¡¨ç¤ºå†…å®¹ã®ç¢ºèª æŠ•ç¨¿ã®wine_nameãŒè¡¨ç¤ºã•ã‚Œã‚‹[0m
[31mrspec ./spec/system/after_login_spec.rb:110[0m [36m# ãƒ­ã‚°ã‚¤ãƒ³å¾Œã®ãƒ†ã‚¹ãƒˆ è‡ªåˆ†ã®æŠ•ç¨¿è©³ç´°ç”»é¢ã®ãƒ†ã‚¹ãƒˆ è¡¨ç¤ºå†…å®¹ã®ç¢ºèª æŠ•ç¨¿ã®å‰Šé™¤ãƒªãƒ³ã‚¯ãŒè¡¨ç¤ºã•ã‚Œã‚‹[0m
[31mrspec ./spec/system/after_login_spec.rb:116[0m [36m# ãƒ­ã‚°ã‚¤ãƒ³å¾Œã®ãƒ†ã‚¹ãƒˆ è‡ªåˆ†ã®æŠ•ç¨¿è©³ç´°ç”»é¢ã®ãƒ†ã‚¹ãƒˆ ã‚µã‚¤ãƒ‰ãƒãƒ¼ã®ç¢ºèª æ¥½å¤©APIæ¤œç´¢çª“ã¨æ¤œç´¢ãƒœã‚¿ãƒ³ãŒè¡¨ç¤ºã•ã‚Œã‚‹[0m
[31mrspec ./spec/system/after_login_spec.rb:120[0m [36m# ãƒ­ã‚°ã‚¤ãƒ³å¾Œã®ãƒ†ã‚¹ãƒˆ è‡ªåˆ†ã®æŠ•ç¨¿è©³ç´°ç”»é¢ã®ãƒ†ã‚¹ãƒˆ ã‚µã‚¤ãƒ‰ãƒãƒ¼ã®ç¢ºèª æ¥½å¤©APIæ¤œç´¢è¡¨ç¤ºç”»é¢ã¸ã®ãƒªãƒ³ã‚¯ãŒå­˜åœ¨ã™ã‚‹[0m
[31mrspec ./spec/system/after_login_spec.rb:123[0m [36m# ãƒ­ã‚°ã‚¤ãƒ³å¾Œã®ãƒ†ã‚¹ãƒˆ è‡ªåˆ†ã®æŠ•ç¨¿è©³ç´°ç”»é¢ã®ãƒ†ã‚¹ãƒˆ ã‚µã‚¤ãƒ‰ãƒãƒ¼ã®ç¢ºèª ã€ŒNEW TASTINGã€ã¨è¡¨ç¤ºã•ã‚Œã‚‹[0m
[31mrspec ./spec/system/after_login_spec.rb:126[0m [36m# ãƒ­ã‚°ã‚¤ãƒ³å¾Œã®ãƒ†ã‚¹ãƒˆ è‡ªåˆ†ã®æŠ•ç¨¿è©³ç´°ç”»é¢ã®ãƒ†ã‚¹ãƒˆ ã‚µã‚¤ãƒ‰ãƒãƒ¼ã®ç¢ºèª wine_nameãƒ•ã‚©ãƒ¼ãƒ ãŒè¡¨ç¤ºã•ã‚Œã‚‹[0m
[31mrspec ./spec/system/after_login_spec.rb:129[0m [36m# ãƒ­ã‚°ã‚¤ãƒ³å¾Œã®ãƒ†ã‚¹ãƒˆ è‡ªåˆ†ã®æŠ•ç¨¿è©³ç´°ç”»é¢ã®ãƒ†ã‚¹ãƒˆ ã‚µã‚¤ãƒ‰ãƒãƒ¼ã®ç¢ºèª wine_nameãƒ•ã‚©ãƒ¼ãƒ ã«å€¤ãŒå…¥ã£ã¦ã„ãªã„[0m
[31mrspec ./spec/system/after_login_spec.rb:132[0m [36m# ãƒ­ã‚°ã‚¤ãƒ³å¾Œã®ãƒ†ã‚¹ãƒˆ è‡ªåˆ†ã®æŠ•ç¨¿è©³ç´°ç”»é¢ã®ãƒ†ã‚¹ãƒˆ ã‚µã‚¤ãƒ‰ãƒãƒ¼ã®ç¢ºèª æŠ•ç¨¿ã™ã‚‹ãƒœã‚¿ãƒ³ãŒè¡¨ç¤ºã•ã‚Œã‚‹[0m
[31mrspec ./spec/system/after_login_spec.rb:142[0m [36m# ãƒ­ã‚°ã‚¤ãƒ³å¾Œã®ãƒ†ã‚¹ãƒˆ è‡ªåˆ†ã®æŠ•ç¨¿è©³ç´°ç”»é¢ã®ãƒ†ã‚¹ãƒˆ æŠ•ç¨¿æˆåŠŸã®ãƒ†ã‚¹ãƒˆ è‡ªåˆ†ã®æ–°ã—ã„æŠ•ç¨¿ãŒæ­£ã—ãä¿å­˜ã•ã‚Œã‚‹[0m
[31mrspec ./spec/system/after_login_spec.rb:152[0m [36m# ãƒ­ã‚°ã‚¤ãƒ³å¾Œã®ãƒ†ã‚¹ãƒˆ è‡ªåˆ†ã®æŠ•ç¨¿è©³ç´°ç”»é¢ã®ãƒ†ã‚¹ãƒˆ å‰Šé™¤ãƒªãƒ³ã‚¯ã®ãƒ†ã‚¹ãƒˆ æ­£ã—ãå‰Šé™¤ã•ã‚Œã‚‹[0m
[31mrspec ./spec/system/after_login_spec.rb:155[0m [36m# ãƒ­ã‚°ã‚¤ãƒ³å¾Œã®ãƒ†ã‚¹ãƒˆ è‡ªåˆ†ã®æŠ•ç¨¿è©³ç´°ç”»é¢ã®ãƒ†ã‚¹ãƒˆ å‰Šé™¤ãƒªãƒ³ã‚¯ã®ãƒ†ã‚¹ãƒˆ ãƒªãƒ€ã‚¤ãƒ¬ã‚¯ãƒˆå…ˆãŒã€æŠ•ç¨¿ä¸€è¦§ç”»é¢ã«ãªã£ã¦ã„ã‚‹[0m
[31mrspec ./spec/system/after_login_spec.rb:167[0m [36m# ãƒ­ã‚°ã‚¤ãƒ³å¾Œã®ãƒ†ã‚¹ãƒˆ ãƒ¦ãƒ¼ã‚¶ä¸€è¦§ç”»é¢ã®ãƒ†ã‚¹ãƒˆ è¡¨ç¤ºå†…å®¹ã®ç¢ºèª URLãŒæ­£ã—ã„[0m
[31mrspec ./spec/system/after_login_spec.rb:170[0m [36m# ãƒ­ã‚°ã‚¤ãƒ³å¾Œã®ãƒ†ã‚¹ãƒˆ ãƒ¦ãƒ¼ã‚¶ä¸€è¦§ç”»é¢ã®ãƒ†ã‚¹ãƒˆ è¡¨ç¤ºå†…å®¹ã®ç¢ºèª è‡ªåˆ†ã¨ä»–äººã®ç”»åƒãŒè¡¨ç¤ºã•ã‚Œã‚‹: fallbackã®ç”»åƒãŒå­˜åœ¨ã™ã‚‹[0m
[31mrspec ./spec/system/after_login_spec.rb:173[0m [36m# ãƒ­ã‚°ã‚¤ãƒ³å¾Œã®ãƒ†ã‚¹ãƒˆ ãƒ¦ãƒ¼ã‚¶ä¸€è¦§ç”»é¢ã®ãƒ†ã‚¹ãƒˆ è¡¨ç¤ºå†…å®¹ã®ç¢ºèª è‡ªåˆ†ã¨ä»–äººã®åå‰ãŒãã‚Œãã‚Œè¡¨ç¤ºã•ã‚Œã‚‹[0m
[31mrspec ./spec/system/after_login_spec.rb:177[0m [36m# ãƒ­ã‚°ã‚¤ãƒ³å¾Œã®ãƒ†ã‚¹ãƒˆ ãƒ¦ãƒ¼ã‚¶ä¸€è¦§ç”»é¢ã®ãƒ†ã‚¹ãƒˆ è¡¨ç¤ºå†…å®¹ã®ç¢ºèª è‡ªåˆ†ã¨ä»–äººã®showãƒªãƒ³ã‚¯ãŒãã‚Œãã‚Œè¡¨ç¤ºã•ã‚Œã‚‹[0m
[31mrspec ./spec/system/after_login_spec.rb:184[0m [36m# ãƒ­ã‚°ã‚¤ãƒ³å¾Œã®ãƒ†ã‚¹ãƒˆ ãƒ¦ãƒ¼ã‚¶ä¸€è¦§ç”»é¢ã®ãƒ†ã‚¹ãƒˆ ã‚µã‚¤ãƒ‰ãƒãƒ¼ã®ç¢ºèª æ¥½å¤©APIæ¤œç´¢çª“ã¨æ¤œç´¢ãƒœã‚¿ãƒ³ãŒè¡¨ç¤ºã•ã‚Œã‚‹[0m
[31mrspec ./spec/system/after_login_spec.rb:188[0m [36m# ãƒ­ã‚°ã‚¤ãƒ³å¾Œã®ãƒ†ã‚¹ãƒˆ ãƒ¦ãƒ¼ã‚¶ä¸€è¦§ç”»é¢ã®ãƒ†ã‚¹ãƒˆ ã‚µã‚¤ãƒ‰ãƒãƒ¼ã®ç¢ºèª æ¥½å¤©APIæ¤œç´¢è¡¨ç¤ºç”»é¢ã¸ã®ãƒªãƒ³ã‚¯ãŒå­˜åœ¨ã™ã‚‹[0m
[31mrspec ./spec/system/after_login_spec.rb:191[0m [36m# ãƒ­ã‚°ã‚¤ãƒ³å¾Œã®ãƒ†ã‚¹ãƒˆ ãƒ¦ãƒ¼ã‚¶ä¸€è¦§ç”»é¢ã®ãƒ†ã‚¹ãƒˆ ã‚µã‚¤ãƒ‰ãƒãƒ¼ã®ç¢ºèª ã€ŒNEW TASTINGã€ã¨è¡¨ç¤ºã•ã‚Œã‚‹[0m
[31mrspec ./spec/system/after_login_spec.rb:194[0m [36m# ãƒ­ã‚°ã‚¤ãƒ³å¾Œã®ãƒ†ã‚¹ãƒˆ ãƒ¦ãƒ¼ã‚¶ä¸€è¦§ç”»é¢ã®ãƒ†ã‚¹ãƒˆ ã‚µã‚¤ãƒ‰ãƒãƒ¼ã®ç¢ºèª wine_nameãƒ•ã‚©ãƒ¼ãƒ ãŒè¡¨ç¤ºã•ã‚Œã‚‹[0m
[31mrspec ./spec/system/after_login_spec.rb:197[0m [36m# ãƒ­ã‚°ã‚¤ãƒ³å¾Œã®ãƒ†ã‚¹ãƒˆ ãƒ¦ãƒ¼ã‚¶ä¸€è¦§ç”»é¢ã®ãƒ†ã‚¹ãƒˆ ã‚µã‚¤ãƒ‰ãƒãƒ¼ã®ç¢ºèª wine_nameãƒ•ã‚©ãƒ¼ãƒ ã«å€¤ãŒå…¥ã£ã¦ã„ãªã„[0m
[31mrspec ./spec/system/after_login_spec.rb:200[0m [36m# ãƒ­ã‚°ã‚¤ãƒ³å¾Œã®ãƒ†ã‚¹ãƒˆ ãƒ¦ãƒ¼ã‚¶ä¸€è¦§ç”»é¢ã®ãƒ†ã‚¹ãƒˆ ã‚µã‚¤ãƒ‰ãƒãƒ¼ã®ç¢ºèª æŠ•ç¨¿ã™ã‚‹ãƒœã‚¿ãƒ³ãŒè¡¨ç¤ºã•ã‚Œã‚‹[0m
[31mrspec ./spec/system/after_login_spec.rb:212[0m [36m# ãƒ­ã‚°ã‚¤ãƒ³å¾Œã®ãƒ†ã‚¹ãƒˆ è‡ªåˆ†ã®ãƒ¦ãƒ¼ã‚¶è©³ç´°ç”»é¢ã®ãƒ†ã‚¹ãƒˆ è¡¨ç¤ºã®ç¢ºèª URLãŒæ­£ã—ã„[0m
[31mrspec ./spec/system/after_login_spec.rb:215[0m [36m# ãƒ­ã‚°ã‚¤ãƒ³å¾Œã®ãƒ†ã‚¹ãƒˆ è‡ªåˆ†ã®ãƒ¦ãƒ¼ã‚¶è©³ç´°ç”»é¢ã®ãƒ†ã‚¹ãƒˆ è¡¨ç¤ºã®ç¢ºèª æŠ•ç¨¿ä¸€è¦§ã®ãƒ¦ãƒ¼ã‚¶ç”»åƒã®ãƒªãƒ³ã‚¯å…ˆãŒæ­£ã—ã„[0m
[31mrspec ./spec/system/after_login_spec.rb:218[0m [36m# ãƒ­ã‚°ã‚¤ãƒ³å¾Œã®ãƒ†ã‚¹ãƒˆ è‡ªåˆ†ã®ãƒ¦ãƒ¼ã‚¶è©³ç´°ç”»é¢ã®ãƒ†ã‚¹ãƒˆ è¡¨ç¤ºã®ç¢ºèª æŠ•ç¨¿ä¸€è¦§ã«è‡ªåˆ†ã®æŠ•ç¨¿ã®wine_nameãŒè¡¨ç¤ºã•ã‚Œã€ãƒªãƒ³ã‚¯ãŒæ­£ã—ã„[0m
[31mrspec ./spec/system/after_login_spec.rb:221[0m [36m# ãƒ­ã‚°ã‚¤ãƒ³å¾Œã®ãƒ†ã‚¹ãƒˆ è‡ªåˆ†ã®ãƒ¦ãƒ¼ã‚¶è©³ç´°ç”»é¢ã®ãƒ†ã‚¹ãƒˆ è¡¨ç¤ºã®ç¢ºèª ä»–äººã®æŠ•ç¨¿ã¯è¡¨ç¤ºã•ã‚Œãªã„[0m
[31mrspec ./spec/system/after_login_spec.rb:228[0m [36m# ãƒ­ã‚°ã‚¤ãƒ³å¾Œã®ãƒ†ã‚¹ãƒˆ è‡ªåˆ†ã®ãƒ¦ãƒ¼ã‚¶è©³ç´°ç”»é¢ã®ãƒ†ã‚¹ãƒˆ ã‚µã‚¤ãƒ‰ãƒãƒ¼ã®ç¢ºèª æ¥½å¤©APIæ¤œç´¢çª“ã¨æ¤œç´¢ãƒœã‚¿ãƒ³ãŒè¡¨ç¤ºã•ã‚Œã‚‹[0m
[31mrspec ./spec/system/after_login_spec.rb:232[0m [36m# ãƒ­ã‚°ã‚¤ãƒ³å¾Œã®ãƒ†ã‚¹ãƒˆ è‡ªåˆ†ã®ãƒ¦ãƒ¼ã‚¶è©³ç´°ç”»é¢ã®ãƒ†ã‚¹ãƒˆ ã‚µã‚¤ãƒ‰ãƒãƒ¼ã®ç¢ºèª æ¥½å¤©APIæ¤œç´¢è¡¨ç¤ºç”»é¢ã¸ã®ãƒªãƒ³ã‚¯ãŒå­˜åœ¨ã™ã‚‹[0m
[31mrspec ./spec/system/after_login_spec.rb:235[0m [36m# ãƒ­ã‚°ã‚¤ãƒ³å¾Œã®ãƒ†ã‚¹ãƒˆ è‡ªåˆ†ã®ãƒ¦ãƒ¼ã‚¶è©³ç´°ç”»é¢ã®ãƒ†ã‚¹ãƒˆ ã‚µã‚¤ãƒ‰ãƒãƒ¼ã®ç¢ºèª ã€ŒNEW TASTINGã€ã¨è¡¨ç¤ºã•ã‚Œã‚‹[0m
[31mrspec ./spec/system/after_login_spec.rb:238[0m [36m# ãƒ­ã‚°ã‚¤ãƒ³å¾Œã®ãƒ†ã‚¹ãƒˆ è‡ªåˆ†ã®ãƒ¦ãƒ¼ã‚¶è©³ç´°ç”»é¢ã®ãƒ†ã‚¹ãƒˆ ã‚µã‚¤ãƒ‰ãƒãƒ¼ã®ç¢ºèª wine_nameãƒ•ã‚©ãƒ¼ãƒ ãŒè¡¨ç¤ºã•ã‚Œã‚‹[0m
[31mrspec ./spec/system/after_login_spec.rb:241[0m [36m# ãƒ­ã‚°ã‚¤ãƒ³å¾Œã®ãƒ†ã‚¹ãƒˆ è‡ªåˆ†ã®ãƒ¦ãƒ¼ã‚¶è©³ç´°ç”»é¢ã®ãƒ†ã‚¹ãƒˆ ã‚µã‚¤ãƒ‰ãƒãƒ¼ã®ç¢ºèª wine_nameãƒ•ã‚©ãƒ¼ãƒ ã«å€¤ãŒå…¥ã£ã¦ã„ãªã„[0m
[31mrspec ./spec/system/after_login_spec.rb:244[0m [36m# ãƒ­ã‚°ã‚¤ãƒ³å¾Œã®ãƒ†ã‚¹ãƒˆ è‡ªåˆ†ã®ãƒ¦ãƒ¼ã‚¶è©³ç´°ç”»é¢ã®ãƒ†ã‚¹ãƒˆ ã‚µã‚¤ãƒ‰ãƒãƒ¼ã®ç¢ºèª æŠ•ç¨¿ã™ã‚‹ãƒœã‚¿ãƒ³ãŒè¡¨ç¤ºã•ã‚Œã‚‹[0m
[31mrspec ./spec/system/after_login_spec.rb:256[0m [36m# ãƒ­ã‚°ã‚¤ãƒ³å¾Œã®ãƒ†ã‚¹ãƒˆ è‡ªåˆ†ã®ãƒ¦ãƒ¼ã‚¶æƒ…å ±ç·¨é›†ç”»é¢ã®ãƒ†ã‚¹ãƒˆ è¡¨ç¤ºã®ç¢ºèª URLãŒæ­£ã—ã„[0m
[31mrspec ./spec/system/after_login_spec.rb:259[0m [36m# ãƒ­ã‚°ã‚¤ãƒ³å¾Œã®ãƒ†ã‚¹ãƒˆ è‡ªåˆ†ã®ãƒ¦ãƒ¼ã‚¶æƒ…å ±ç·¨é›†ç”»é¢ã®ãƒ†ã‚¹ãƒˆ è¡¨ç¤ºã®ç¢ºèª åå‰ç·¨é›†ãƒ•ã‚©ãƒ¼ãƒ ã«è‡ªåˆ†ã®åå‰ãŒè¡¨ç¤ºã•ã‚Œã‚‹[0m
[31mrspec ./spec/system/after_login_spec.rb:262[0m [36m# ãƒ­ã‚°ã‚¤ãƒ³å¾Œã®ãƒ†ã‚¹ãƒˆ è‡ªåˆ†ã®ãƒ¦ãƒ¼ã‚¶æƒ…å ±ç·¨é›†ç”»é¢ã®ãƒ†ã‚¹ãƒˆ è¡¨ç¤ºã®ç¢ºèª ç”»åƒç·¨é›†ãƒ•ã‚©ãƒ¼ãƒ ãŒè¡¨ç¤ºã•ã‚Œã‚‹[0m
[31mrspec ./spec/system/after_login_spec.rb:265[0m [36m# ãƒ­ã‚°ã‚¤ãƒ³å¾Œã®ãƒ†ã‚¹ãƒˆ è‡ªåˆ†ã®ãƒ¦ãƒ¼ã‚¶æƒ…å ±ç·¨é›†ç”»é¢ã®ãƒ†ã‚¹ãƒˆ è¡¨ç¤ºã®ç¢ºèª å¤‰æ›´ã™ã‚‹ãƒœã‚¿ãƒ³ãŒè¡¨ç¤ºã•ã‚Œã‚‹[0m
[31mrspec ./spec/system/after_login_spec.rb:277[0m [36m# ãƒ­ã‚°ã‚¤ãƒ³å¾Œã®ãƒ†ã‚¹ãƒˆ è‡ªåˆ†ã®ãƒ¦ãƒ¼ã‚¶æƒ…å ±ç·¨é›†ç”»é¢ã®ãƒ†ã‚¹ãƒˆ æ›´æ–°æˆåŠŸã®ãƒ†ã‚¹ãƒˆ nameãŒæ­£ã—ãæ›´æ–°ã•ã‚Œã‚‹[0m
[31mrspec ./spec/system/after_login_spec.rb:280[0m [36m# ãƒ­ã‚°ã‚¤ãƒ³å¾Œã®ãƒ†ã‚¹ãƒˆ è‡ªåˆ†ã®ãƒ¦ãƒ¼ã‚¶æƒ…å ±ç·¨é›†ç”»é¢ã®ãƒ†ã‚¹ãƒˆ æ›´æ–°æˆåŠŸã®ãƒ†ã‚¹ãƒˆ ãƒªãƒ€ã‚¤ãƒ¬ã‚¯ãƒˆå…ˆãŒã€è‡ªåˆ†ã®ãƒ¦ãƒ¼ã‚¶è©³ç´°ç”»é¢ã«ãªã£ã¦ã„ã‚‹[0m
[31mrspec ./spec/system/before_login_spec.rb:10[0m [36m# ãƒ­ã‚°ã‚¤ãƒ³å‰ã®ãƒ†ã‚¹ãƒˆ ãƒˆãƒƒãƒ—ç”»é¢ã®ãƒ†ã‚¹ãƒˆ è¡¨ç¤ºå†…å®¹ã®ç¢ºèª URLãŒæ­£ã—ã„[0m
[31mrspec ./spec/system/before_login_spec.rb:13[0m [36m# ãƒ­ã‚°ã‚¤ãƒ³å‰ã®ãƒ†ã‚¹ãƒˆ ãƒˆãƒƒãƒ—ç”»é¢ã®ãƒ†ã‚¹ãƒˆ è¡¨ç¤ºå†…å®¹ã®ç¢ºèª Sign Upãƒªãƒ³ã‚¯ãŒè¡¨ç¤ºã•ã‚Œã‚‹: å·¦ä¸Šã‹ã‚‰3ç•ªç›®ã®ãƒªãƒ³ã‚¯ãŒã€ŒSign Upã€ã§ã‚ã‚‹[0m
[31mrspec ./spec/system/before_login_spec.rb:17[0m [36m# ãƒ­ã‚°ã‚¤ãƒ³å‰ã®ãƒ†ã‚¹ãƒˆ ãƒˆãƒƒãƒ—ç”»é¢ã®ãƒ†ã‚¹ãƒˆ è¡¨ç¤ºå†…å®¹ã®ç¢ºèª Sign Upãƒªãƒ³ã‚¯ã®å†…å®¹ãŒæ­£ã—ã„[0m
[31mrspec ./spec/system/before_login_spec.rb:21[0m [36m# ãƒ­ã‚°ã‚¤ãƒ³å‰ã®ãƒ†ã‚¹ãƒˆ ãƒˆãƒƒãƒ—ç”»é¢ã®ãƒ†ã‚¹ãƒˆ è¡¨ç¤ºå†…å®¹ã®ç¢ºèª Log inãƒªãƒ³ã‚¯ãŒè¡¨ç¤ºã•ã‚Œã‚‹: å·¦ä¸Šã‹ã‚‰4ç•ªç›®ã®ãƒªãƒ³ã‚¯ãŒã€ŒLog inã€ã§ã‚ã‚‹[0m
[31mrspec ./spec/system/before_login_spec.rb:25[0m [36m# ãƒ­ã‚°ã‚¤ãƒ³å‰ã®ãƒ†ã‚¹ãƒˆ ãƒˆãƒƒãƒ—ç”»é¢ã®ãƒ†ã‚¹ãƒˆ è¡¨ç¤ºå†…å®¹ã®ç¢ºèª Log inãƒªãƒ³ã‚¯ã®å†…å®¹ãŒæ­£ã—ã„[0m
[31mrspec ./spec/system/before_login_spec.rb:38[0m [36m# ãƒ­ã‚°ã‚¤ãƒ³å‰ã®ãƒ†ã‚¹ãƒˆ ãƒ˜ãƒƒãƒ€ãƒ¼ã®ãƒ†ã‚¹ãƒˆ: ãƒ­ã‚°ã‚¤ãƒ³ã—ã¦ã„ãªã„å ´åˆ è¡¨ç¤ºå†…å®¹ã®ç¢ºèª ã‚¿ã‚¤ãƒˆãƒ«ãŒè¡¨ç¤ºã•ã‚Œã‚‹[0m
[31mrspec ./spec/system/before_login_spec.rb:41[0m [36m# ãƒ­ã‚°ã‚¤ãƒ³å‰ã®ãƒ†ã‚¹ãƒˆ ãƒ˜ãƒƒãƒ€ãƒ¼ã®ãƒ†ã‚¹ãƒˆ: ãƒ­ã‚°ã‚¤ãƒ³ã—ã¦ã„ãªã„å ´åˆ è¡¨ç¤ºå†…å®¹ã®ç¢ºèª Homeãƒªãƒ³ã‚¯ãŒè¡¨ç¤ºã•ã‚Œã‚‹: å·¦ä¸Šã‹ã‚‰1ç•ªç›®ã®ãƒªãƒ³ã‚¯ãŒã€ŒHomeã€ã§ã‚ã‚‹[0m
[31mrspec ./spec/system/before_login_spec.rb:45[0m [36m# ãƒ­ã‚°ã‚¤ãƒ³å‰ã®ãƒ†ã‚¹ãƒˆ ãƒ˜ãƒƒãƒ€ãƒ¼ã®ãƒ†ã‚¹ãƒˆ: ãƒ­ã‚°ã‚¤ãƒ³ã—ã¦ã„ãªã„å ´åˆ è¡¨ç¤ºå†…å®¹ã®ç¢ºèª sign upãƒªãƒ³ã‚¯ãŒè¡¨ç¤ºã•ã‚Œã‚‹: å·¦ä¸Šã‹ã‚‰2ç•ªç›®ã®ãƒªãƒ³ã‚¯ãŒã€Œsign upã€ã§ã‚ã‚‹[0m
[31mrspec ./spec/system/before_login_spec.rb:49[0m [36m# ãƒ­ã‚°ã‚¤ãƒ³å‰ã®ãƒ†ã‚¹ãƒˆ ãƒ˜ãƒƒãƒ€ãƒ¼ã®ãƒ†ã‚¹ãƒˆ: ãƒ­ã‚°ã‚¤ãƒ³ã—ã¦ã„ãªã„å ´åˆ è¡¨ç¤ºå†…å®¹ã®ç¢ºèª loginãƒªãƒ³ã‚¯ãŒè¡¨ç¤ºã•ã‚Œã‚‹: å·¦ä¸Šã‹ã‚‰3ç•ªç›®ã®ãƒªãƒ³ã‚¯ãŒã€Œloginã€ã§ã‚ã‚‹[0m
[31mrspec ./spec/system/before_login_spec.rb:58[0m [36m# ãƒ­ã‚°ã‚¤ãƒ³å‰ã®ãƒ†ã‚¹ãƒˆ ãƒ˜ãƒƒãƒ€ãƒ¼ã®ãƒ†ã‚¹ãƒˆ: ãƒ­ã‚°ã‚¤ãƒ³ã—ã¦ã„ãªã„å ´åˆ ãƒªãƒ³ã‚¯ã®å†…å®¹ã‚’ç¢ºèª Homeã‚’æŠ¼ã™ã¨ã€ãƒˆãƒƒãƒ—ç”»é¢ã«é·ç§»ã™ã‚‹[0m
[31mrspec ./spec/system/before_login_spec.rb:65[0m [36m# ãƒ­ã‚°ã‚¤ãƒ³å‰ã®ãƒ†ã‚¹ãƒˆ ãƒ˜ãƒƒãƒ€ãƒ¼ã®ãƒ†ã‚¹ãƒˆ: ãƒ­ã‚°ã‚¤ãƒ³ã—ã¦ã„ãªã„å ´åˆ ãƒªãƒ³ã‚¯ã®å†…å®¹ã‚’ç¢ºèª sign upã‚’æŠ¼ã™ã¨ã€æ–°è¦ç™»éŒ²ç”»é¢ã«é·ç§»ã™ã‚‹[0m
[31mrspec ./spec/system/before_login_spec.rb:71[0m [36m# ãƒ­ã‚°ã‚¤ãƒ³å‰ã®ãƒ†ã‚¹ãƒˆ ãƒ˜ãƒƒãƒ€ãƒ¼ã®ãƒ†ã‚¹ãƒˆ: ãƒ­ã‚°ã‚¤ãƒ³ã—ã¦ã„ãªã„å ´åˆ ãƒªãƒ³ã‚¯ã®å†…å®¹ã‚’ç¢ºèª loginã‚’æŠ¼ã™ã¨ã€ãƒ­ã‚°ã‚¤ãƒ³ç”»é¢ã«é·ç§»ã™ã‚‹[0m
[31mrspec ./spec/system/before_login_spec.rb:86[0m [36m# ãƒ­ã‚°ã‚¤ãƒ³å‰ã®ãƒ†ã‚¹ãƒˆ ãƒ¦ãƒ¼ã‚¶æ–°è¦ç™»éŒ²ã®ãƒ†ã‚¹ãƒˆ è¡¨ç¤ºå†…å®¹ã®ç¢ºèª URLãŒæ­£ã—ã„[0m
[31mrspec ./spec/system/before_login_spec.rb:89[0m [36m# ãƒ­ã‚°ã‚¤ãƒ³å‰ã®ãƒ†ã‚¹ãƒˆ ãƒ¦ãƒ¼ã‚¶æ–°è¦ç™»éŒ²ã®ãƒ†ã‚¹ãƒˆ è¡¨ç¤ºå†…å®¹ã®ç¢ºèª ã€ŒSign upã€ã¨è¡¨ç¤ºã•ã‚Œã‚‹[0m
[31mrspec ./spec/system/before_login_spec.rb:92[0m [36m# ãƒ­ã‚°ã‚¤ãƒ³å‰ã®ãƒ†ã‚¹ãƒˆ ãƒ¦ãƒ¼ã‚¶æ–°è¦ç™»éŒ²ã®ãƒ†ã‚¹ãƒˆ è¡¨ç¤ºå†…å®¹ã®ç¢ºèª nameãƒ•ã‚©ãƒ¼ãƒ ãŒè¡¨ç¤ºã•ã‚Œã‚‹[0m
[31mrspec ./spec/system/before_login_spec.rb:95[0m [36m# ãƒ­ã‚°ã‚¤ãƒ³å‰ã®ãƒ†ã‚¹ãƒˆ ãƒ¦ãƒ¼ã‚¶æ–°è¦ç™»éŒ²ã®ãƒ†ã‚¹ãƒˆ è¡¨ç¤ºå†…å®¹ã®ç¢ºèª emailãƒ•ã‚©ãƒ¼ãƒ ãŒè¡¨ç¤ºã•ã‚Œã‚‹[0m
[31mrspec ./spec/system/before_login_spec.rb:98[0m [36m# ãƒ­ã‚°ã‚¤ãƒ³å‰ã®ãƒ†ã‚¹ãƒˆ ãƒ¦ãƒ¼ã‚¶æ–°è¦ç™»éŒ²ã®ãƒ†ã‚¹ãƒˆ è¡¨ç¤ºå†…å®¹ã®ç¢ºèª passwordãƒ•ã‚©ãƒ¼ãƒ ãŒè¡¨ç¤ºã•ã‚Œã‚‹[0m
[31mrspec ./spec/system/before_login_spec.rb:101[0m [36m# ãƒ­ã‚°ã‚¤ãƒ³å‰ã®ãƒ†ã‚¹ãƒˆ ãƒ¦ãƒ¼ã‚¶æ–°è¦ç™»éŒ²ã®ãƒ†ã‚¹ãƒˆ è¡¨ç¤ºå†…å®¹ã®ç¢ºèª password_confirmationãƒ•ã‚©ãƒ¼ãƒ ãŒè¡¨ç¤ºã•ã‚Œã‚‹[0m
[31mrspec ./spec/system/before_login_spec.rb:104[0m [36m# ãƒ­ã‚°ã‚¤ãƒ³å‰ã®ãƒ†ã‚¹ãƒˆ ãƒ¦ãƒ¼ã‚¶æ–°è¦ç™»éŒ²ã®ãƒ†ã‚¹ãƒˆ è¡¨ç¤ºå†…å®¹ã®ç¢ºèª Sign upãƒœã‚¿ãƒ³ãŒè¡¨ç¤ºã•ã‚Œã‚‹[0m
[31mrspec ./spec/system/before_login_spec.rb:117[0m [36m# ãƒ­ã‚°ã‚¤ãƒ³å‰ã®ãƒ†ã‚¹ãƒˆ ãƒ¦ãƒ¼ã‚¶æ–°è¦ç™»éŒ²ã®ãƒ†ã‚¹ãƒˆ æ–°è¦ç™»éŒ²æˆåŠŸã®ãƒ†ã‚¹ãƒˆ æ­£ã—ãæ–°è¦ç™»éŒ²ã•ã‚Œã‚‹[0m
[31mrspec ./spec/system/before_login_spec.rb:120[0m [36m# ãƒ­ã‚°ã‚¤ãƒ³å‰ã®ãƒ†ã‚¹ãƒˆ ãƒ¦ãƒ¼ã‚¶æ–°è¦ç™»éŒ²ã®ãƒ†ã‚¹ãƒˆ æ–°è¦ç™»éŒ²æˆåŠŸã®ãƒ†ã‚¹ãƒˆ æ–°è¦ç™»éŒ²å¾Œã®ãƒªãƒ€ã‚¤ãƒ¬ã‚¯ãƒˆå…ˆãŒã€æŠ•ç¨¿ä¸€è¦§ç”»é¢ã«ãªã£ã¦ã„ã‚‹[0m
[31mrspec ./spec/system/before_login_spec.rb:135[0m [36m# ãƒ­ã‚°ã‚¤ãƒ³å‰ã®ãƒ†ã‚¹ãƒˆ ãƒ¦ãƒ¼ã‚¶ãƒ­ã‚°ã‚¤ãƒ³ è¡¨ç¤ºå†…å®¹ã®ç¢ºèª URLãŒæ­£ã—ã„[0m
[31mrspec ./spec/system/before_login_spec.rb:138[0m [36m# ãƒ­ã‚°ã‚¤ãƒ³å‰ã®ãƒ†ã‚¹ãƒˆ ãƒ¦ãƒ¼ã‚¶ãƒ­ã‚°ã‚¤ãƒ³ è¡¨ç¤ºå†…å®¹ã®ç¢ºèª ã€ŒLog inã€ã¨è¡¨ç¤ºã•ã‚Œã‚‹[0m
[31mrspec ./spec/system/before_login_spec.rb:141[0m [36m# ãƒ­ã‚°ã‚¤ãƒ³å‰ã®ãƒ†ã‚¹ãƒˆ ãƒ¦ãƒ¼ã‚¶ãƒ­ã‚°ã‚¤ãƒ³ è¡¨ç¤ºå†…å®¹ã®ç¢ºèª emailãƒ•ã‚©ãƒ¼ãƒ ãŒè¡¨ç¤ºã•ã‚Œã‚‹[0m
[31mrspec ./spec/system/before_login_spec.rb:144[0m [36m# ãƒ­ã‚°ã‚¤ãƒ³å‰ã®ãƒ†ã‚¹ãƒˆ ãƒ¦ãƒ¼ã‚¶ãƒ­ã‚°ã‚¤ãƒ³ è¡¨ç¤ºå†…å®¹ã®ç¢ºèª passwordãƒ•ã‚©ãƒ¼ãƒ ãŒè¡¨ç¤ºã•ã‚Œã‚‹[0m
[31mrspec ./spec/system/before_login_spec.rb:147[0m [36m# ãƒ­ã‚°ã‚¤ãƒ³å‰ã®ãƒ†ã‚¹ãƒˆ ãƒ¦ãƒ¼ã‚¶ãƒ­ã‚°ã‚¤ãƒ³ è¡¨ç¤ºå†…å®¹ã®ç¢ºèª Sign upãƒœã‚¿ãƒ³ãŒè¡¨ç¤ºã•ã‚Œã‚‹[0m
[31mrspec ./spec/system/before_login_spec.rb:150[0m [36m# ãƒ­ã‚°ã‚¤ãƒ³å‰ã®ãƒ†ã‚¹ãƒˆ ãƒ¦ãƒ¼ã‚¶ãƒ­ã‚°ã‚¤ãƒ³ è¡¨ç¤ºå†…å®¹ã®ç¢ºèª nameãƒ•ã‚©ãƒ¼ãƒ ã¯è¡¨ç¤ºã•ã‚Œãªã„[0m
[31mrspec ./spec/system/before_login_spec.rb:162[0m [36m# ãƒ­ã‚°ã‚¤ãƒ³å‰ã®ãƒ†ã‚¹ãƒˆ ãƒ¦ãƒ¼ã‚¶ãƒ­ã‚°ã‚¤ãƒ³ ãƒ­ã‚°ã‚¤ãƒ³æˆåŠŸã®ãƒ†ã‚¹ãƒˆ ãƒ­ã‚°ã‚¤ãƒ³å¾Œã®ãƒªãƒ€ã‚¤ãƒ¬ã‚¯ãƒˆå…ˆãŒã€æŠ•ç¨¿ä¸€è¦§ç”»é¢ã«ãªã£ã¦ã„ã‚‹[0m
[31mrspec ./spec/system/before_login_spec.rb:174[0m [36m# ãƒ­ã‚°ã‚¤ãƒ³å‰ã®ãƒ†ã‚¹ãƒˆ ãƒ¦ãƒ¼ã‚¶ãƒ­ã‚°ã‚¤ãƒ³ ãƒ­ã‚°ã‚¤ãƒ³å¤±æ•—ã®ãƒ†ã‚¹ãƒˆ ãƒ­ã‚°ã‚¤ãƒ³ã«å¤±æ•—ã—ã€ãƒ­ã‚°ã‚¤ãƒ³ç”»é¢ã«ãƒªãƒ€ã‚¤ãƒ¬ã‚¯ãƒˆã•ã‚Œã‚‹[0m
[31mrspec ./spec/system/before_login_spec.rb:191[0m [36m# ãƒ­ã‚°ã‚¤ãƒ³å‰ã®ãƒ†ã‚¹ãƒˆ ãƒ˜ãƒƒãƒ€ãƒ¼ã®ãƒ†ã‚¹ãƒˆ: ãƒ­ã‚°ã‚¤ãƒ³ã—ã¦ã„ã‚‹å ´åˆ ãƒ˜ãƒƒãƒ€ãƒ¼ã®è¡¨ç¤ºã‚’ç¢ºèª ã‚¿ã‚¤ãƒˆãƒ«ãŒè¡¨ç¤ºã•ã‚Œã‚‹[0m
[31mrspec ./spec/system/before_login_spec.rb:194[0m [36m# ãƒ­ã‚°ã‚¤ãƒ³å‰ã®ãƒ†ã‚¹ãƒˆ ãƒ˜ãƒƒãƒ€ãƒ¼ã®ãƒ†ã‚¹ãƒˆ: ãƒ­ã‚°ã‚¤ãƒ³ã—ã¦ã„ã‚‹å ´åˆ ãƒ˜ãƒƒãƒ€ãƒ¼ã®è¡¨ç¤ºã‚’ç¢ºèª MY PAGEãƒªãƒ³ã‚¯ãŒè¡¨ç¤ºã•ã‚Œã‚‹: å·¦ä¸Šã‹ã‚‰1ç•ªç›®ã®ãƒªãƒ³ã‚¯ãŒã€ŒMY PAGEã€ã§ã‚ã‚‹[0m
[31mrspec ./spec/system/before_login_spec.rb:198[0m [36m# ãƒ­ã‚°ã‚¤ãƒ³å‰ã®ãƒ†ã‚¹ãƒˆ ãƒ˜ãƒƒãƒ€ãƒ¼ã®ãƒ†ã‚¹ãƒˆ: ãƒ­ã‚°ã‚¤ãƒ³ã—ã¦ã„ã‚‹å ´åˆ ãƒ˜ãƒƒãƒ€ãƒ¼ã®è¡¨ç¤ºã‚’ç¢ºèª USERSãƒªãƒ³ã‚¯ãŒè¡¨ç¤ºã•ã‚Œã‚‹: å·¦ä¸Šã‹ã‚‰2ç•ªç›®ã®ãƒªãƒ³ã‚¯ãŒã€ŒUSERSã€ã§ã‚ã‚‹[0m
[31mrspec ./spec/system/before_login_spec.rb:202[0m [36m# ãƒ­ã‚°ã‚¤ãƒ³å‰ã®ãƒ†ã‚¹ãƒˆ ãƒ˜ãƒƒãƒ€ãƒ¼ã®ãƒ†ã‚¹ãƒˆ: ãƒ­ã‚°ã‚¤ãƒ³ã—ã¦ã„ã‚‹å ´åˆ ãƒ˜ãƒƒãƒ€ãƒ¼ã®è¡¨ç¤ºã‚’ç¢ºèª WINESãƒªãƒ³ã‚¯ãŒè¡¨ç¤ºã•ã‚Œã‚‹: å·¦ä¸Šã‹ã‚‰3ç•ªç›®ã®ãƒªãƒ³ã‚¯ãŒã€ŒWINESã€ã§ã‚ã‚‹[0m
[31mrspec ./spec/system/before_login_spec.rb:206[0m [36m# ãƒ­ã‚°ã‚¤ãƒ³å‰ã®ãƒ†ã‚¹ãƒˆ ãƒ˜ãƒƒãƒ€ãƒ¼ã®ãƒ†ã‚¹ãƒˆ: ãƒ­ã‚°ã‚¤ãƒ³ã—ã¦ã„ã‚‹å ´åˆ ãƒ˜ãƒƒãƒ€ãƒ¼ã®è¡¨ç¤ºã‚’ç¢ºèª LOG OUTãƒªãƒ³ã‚¯ãŒè¡¨ç¤ºã•ã‚Œã‚‹: å·¦ä¸Šã‹ã‚‰4ç•ªç›®ã®ãƒªãƒ³ã‚¯ãŒã€ŒLOGOUTã€ã§ã‚ã‚‹[0m
[31mrspec ./spec/system/before_login_spec.rb:227[0m [36m# ãƒ­ã‚°ã‚¤ãƒ³å‰ã®ãƒ†ã‚¹ãƒˆ ãƒ¦ãƒ¼ã‚¶ãƒ­ã‚°ã‚¢ã‚¦ãƒˆã®ãƒ†ã‚¹ãƒˆ ãƒ­ã‚°ã‚¢ã‚¦ãƒˆæ©Ÿèƒ½ã®ãƒ†ã‚¹ãƒˆ ãƒ­ã‚°ã‚¢ã‚¦ãƒˆå¾Œã®ãƒªãƒ€ã‚¤ãƒ¬ã‚¯ãƒˆå…ˆãŒã€ãƒˆãƒƒãƒ—ã«ãªã£ã¦ã„ã‚‹[0m

